[    2224ms] [INFO] %cDownload the React DevTools for a better development experience: https://react.dev/link/react-devtools font-weight:bold @ http://localhost:3001/_next/static/chunks/76305_next_dist_8e39db7d._.js:2298
[    2323ms] [LOG] [HMR] connected @ http://localhost:3001/_next/static/chunks/76305_next_dist_8e39db7d._.js:2298
[    2430ms] Error: Hydration failed because the server rendered text didn't match the client. As a result this tree will be regenerated on the client. This can happen if a SSR-ed Client Component used:

- A server/client branch `if (typeof window !== 'undefined')`.
- Variable input such as `Date.now()` or `Math.random()` which changes each time it's called.
- Date formatting in a user's locale which doesn't match the server.
- External changing data without sending a snapshot of it along with the HTML.
- Invalid HTML tag nesting.

It can also happen if the client has a browser extension installed which messes with the HTML before React loaded.

https://react.dev/link/hydration-mismatch

  ...
    <InnerLayoutRouter url="/accounts" tree={[...]} params={{}} cacheNode={{rsc:<Fragment>, ...}} segmentPath={[...]} ...>
      <SegmentViewNode type="page" pagePath="(app)/acco...">
        <SegmentTrieNode>
        <AccountsPage>
          <div className="p-6">
            <h1>
            <AccountList initialAccounts={[...]} initialUsages={{...}} userId="24ca94be-a...">
              <div className="flex flex-...">
                <AccountCard account={{id:"8922fd...", ...}} usage={{dm_count:0, ...}} ...>
                  <Card role="article" aria-label="Account El...">
                    <div data-slot="card" data-size="default" className={"group/ca..."} role="article" ...>
                      <CardContent className="flex flex-...">
                        <div data-slot="card-content" className="px-4 group...">
                          <div className="flex flex-...">
                            <div>
                            <span className="text-sm te...">
+                             59m ago
-                             58m ago
                            ...
                          ...
                ...
      ...

    at throwOnHydrationMismatch (http://localhost:3001/_next/static/chunks/76305_next_dist_compiled_react-dom_ce7f7da2._.js:3349:56)
    at completeWork (http://localhost:3001/_next/static/chunks/76305_next_dist_compiled_react-dom_ce7f7da2._.js:7033:36)
    at runWithFiberInDEV (http://localhost:3001/_next/static/chunks/76305_next_dist_compiled_react-dom_ce7f7da2._.js:966:74)
    at completeUnitOfWork (http://localhost:3001/_next/static/chunks/76305_next_dist_compiled_react-dom_ce7f7da2._.js:9628:23)
    at performUnitOfWork (http://localhost:3001/_next/static/chunks/76305_next_dist_compiled_react-dom_ce7f7da2._.js:9565:28)
    at workLoopConcurrentByScheduler (http://localhost:3001/_next/static/chunks/76305_next_dist_compiled_react-dom_ce7f7da2._.js:9559:58)
    at renderRootConcurrent (http://localhost:3001/_next/static/chunks/76305_next_dist_compiled_react-dom_ce7f7da2._.js:9542:71)
    at performWorkOnRoot (http://localhost:3001/_next/static/chunks/76305_next_dist_compiled_react-dom_ce7f7da2._.js:9069:150)
    at performWorkOnRootViaSchedulerTask (http://localhost:3001/_next/static/chunks/76305_next_dist_compiled_react-dom_ce7f7da2._.js:10231:9)
    at MessagePort.performWorkUntilDeadline (http://localhost:3001/_next/static/chunks/76305_next_dist_compiled_52534e97._.js:2648:64)
[    2513ms] [LOG] [Fast Refresh] rebuilding @ http://localhost:3001/_next/static/chunks/76305_next_dist_8e39db7d._.js:2298
[    2528ms] [LOG] [Fast Refresh] done in 127ms @ http://localhost:3001/_next/static/chunks/76305_next_dist_8e39db7d._.js:2298
[   56216ms] [LOG] [Fast Refresh] rebuilding @ http://localhost:3001/_next/static/chunks/76305_next_dist_8e39db7d._.js:2298
[   56217ms] [LOG] [Fast Refresh] done in 107ms @ http://localhost:3001/_next/static/chunks/76305_next_dist_8e39db7d._.js:2298
[   69447ms] [LOG] [Fast Refresh] rebuilding @ http://localhost:3001/_next/static/chunks/76305_next_dist_8e39db7d._.js:2298
[   69464ms] [LOG] [Fast Refresh] done in 120ms @ http://localhost:3001/_next/static/chunks/76305_next_dist_8e39db7d._.js:2298
[   87355ms] [LOG] [Fast Refresh] rebuilding @ http://localhost:3001/_next/static/chunks/76305_next_dist_8e39db7d._.js:2298
[   87355ms] [LOG] [Fast Refresh] done in 108ms @ http://localhost:3001/_next/static/chunks/76305_next_dist_8e39db7d._.js:2298
[  178525ms] [LOG] [Fast Refresh] rebuilding @ http://localhost:3001/_next/static/chunks/76305_next_dist_8e39db7d._.js:2298
[  178595ms] [LOG] [Fast Refresh] done in 98ms @ http://localhost:3001/_next/static/chunks/76305_next_dist_8e39db7d._.js:2298
[  179351ms] [LOG] [Fast Refresh] rebuilding @ http://localhost:3001/_next/static/chunks/76305_next_dist_8e39db7d._.js:2298
[  179475ms] [LOG] [Fast Refresh] done in 239ms @ http://localhost:3001/_next/static/chunks/76305_next_dist_8e39db7d._.js:2298
[  188462ms] [LOG] [Fast Refresh] rebuilding @ http://localhost:3001/_next/static/chunks/76305_next_dist_8e39db7d._.js:2298
[  188518ms] [LOG] [Fast Refresh] done in 81ms @ http://localhost:3001/_next/static/chunks/76305_next_dist_8e39db7d._.js:2298
[  189227ms] [LOG] [Fast Refresh] rebuilding @ http://localhost:3001/_next/static/chunks/76305_next_dist_8e39db7d._.js:2298
[  189297ms] [LOG] [Fast Refresh] done in 185ms @ http://localhost:3001/_next/static/chunks/76305_next_dist_8e39db7d._.js:2298
[  259173ms] [LOG] [Fast Refresh] rebuilding @ http://localhost:3001/_next/static/chunks/76305_next_dist_8e39db7d._.js:2298
[  259245ms] [LOG] [Fast Refresh] done in 180ms @ http://localhost:3001/_next/static/chunks/76305_next_dist_8e39db7d._.js:2298
[  260373ms] [LOG] [Fast Refresh] rebuilding @ http://localhost:3001/_next/static/chunks/76305_next_dist_8e39db7d._.js:2298
[  260823ms] [LOG] [Fast Refresh] done in 565ms @ http://localhost:3001/_next/static/chunks/76305_next_dist_8e39db7d._.js:2298
[  553461ms] [LOG] [Fast Refresh] rebuilding @ http://localhost:3001/_next/static/chunks/76305_next_dist_8e39db7d._.js:2298
[  553478ms] [LOG] [Fast Refresh] done in 122ms @ http://localhost:3001/_next/static/chunks/76305_next_dist_8e39db7d._.js:2298
[  576139ms] [LOG] [Fast Refresh] rebuilding @ http://localhost:3001/_next/static/chunks/76305_next_dist_8e39db7d._.js:2298
[  576212ms] [LOG] [Fast Refresh] done in 111ms @ http://localhost:3001/_next/static/chunks/76305_next_dist_8e39db7d._.js:2298
[  616536ms] [LOG] [Fast Refresh] rebuilding @ http://localhost:3001/_next/static/chunks/76305_next_dist_8e39db7d._.js:2298
[  616774ms] [LOG] [Fast Refresh] done in 341ms @ http://localhost:3001/_next/static/chunks/76305_next_dist_8e39db7d._.js:2298
