[    2406ms] [INFO] %cDownload the React DevTools for a better development experience: https://react.dev/link/react-devtools font-weight:bold @ http://localhost:3001/_next/static/chunks/76305_next_dist_8e39db7d._.js:2298
[    2472ms] [LOG] [HMR] connected @ http://localhost:3001/_next/static/chunks/76305_next_dist_8e39db7d._.js:2298
[   27520ms] [LOG] [Fast Refresh] rebuilding @ http://localhost:3001/_next/static/chunks/76305_next_dist_8e39db7d._.js:2298
[   27521ms] [LOG] [Fast Refresh] done in 107ms @ http://localhost:3001/_next/static/chunks/76305_next_dist_8e39db7d._.js:2298
[  121167ms] [LOG] [Fast Refresh] rebuilding @ http://localhost:3001/_next/static/chunks/76305_next_dist_8e39db7d._.js:2298
[  121168ms] [LOG] [Fast Refresh] done in 104ms @ http://localhost:3001/_next/static/chunks/76305_next_dist_8e39db7d._.js:2298
[  160759ms] [LOG] [Fast Refresh] rebuilding @ http://localhost:3001/_next/static/chunks/76305_next_dist_8e39db7d._.js:2298
[  161344ms] [LOG] [Fast Refresh] done in 690ms @ http://localhost:3001/_next/static/chunks/76305_next_dist_8e39db7d._.js:2298
[  161445ms] [LOG] [Fast Refresh] rebuilding @ http://localhost:3001/_next/static/chunks/76305_next_dist_8e39db7d._.js:2298
[  161462ms] [LOG] [Fast Refresh] done in 119ms @ http://localhost:3001/_next/static/chunks/76305_next_dist_8e39db7d._.js:2298
[  162434ms] [INFO] %cDownload the React DevTools for a better development experience: https://react.dev/link/react-devtools font-weight:bold @ http://localhost:3001/_next/static/chunks/76305_next_dist_8e39db7d._.js:2298
[  162450ms] [LOG] [HMR] connected @ http://localhost:3001/_next/static/chunks/76305_next_dist_8e39db7d._.js:2298
[ 3214797ms] [LOG] [Fast Refresh] rebuilding @ http://localhost:3001/_next/static/chunks/76305_next_dist_8e39db7d._.js:2298
[ 3214922ms] [LOG] [Fast Refresh] done in 228ms @ http://localhost:3001/_next/static/chunks/76305_next_dist_8e39db7d._.js:2298
[ 4188535ms] [LOG] [Fast Refresh] rebuilding @ http://localhost:3001/_next/static/chunks/76305_next_dist_8e39db7d._.js:2298
[ 4188552ms] [LOG] [Fast Refresh] done in 124ms @ http://localhost:3001/_next/static/chunks/76305_next_dist_8e39db7d._.js:2298
[ 4193062ms] [LOG] [Fast Refresh] rebuilding @ http://localhost:3001/_next/static/chunks/76305_next_dist_8e39db7d._.js:2298
[ 4193078ms] [LOG] [Fast Refresh] done in 121ms @ http://localhost:3001/_next/static/chunks/76305_next_dist_8e39db7d._.js:2298
[ 4198167ms] [LOG] [Fast Refresh] rebuilding @ http://localhost:3001/_next/static/chunks/76305_next_dist_8e39db7d._.js:2298
[ 4198230ms] [LOG] [Fast Refresh] done in 169ms @ http://localhost:3001/_next/static/chunks/76305_next_dist_8e39db7d._.js:2298
[ 4201894ms] [LOG] [Fast Refresh] rebuilding @ http://localhost:3001/_next/static/chunks/76305_next_dist_8e39db7d._.js:2298
[ 4201910ms] [LOG] [Fast Refresh] done in 123ms @ http://localhost:3001/_next/static/chunks/76305_next_dist_8e39db7d._.js:2298
[ 4205995ms] [LOG] [Fast Refresh] rebuilding @ http://localhost:3001/_next/static/chunks/76305_next_dist_8e39db7d._.js:2298
[ 4206059ms] [LOG] [Fast Refresh] done in 169ms @ http://localhost:3001/_next/static/chunks/76305_next_dist_8e39db7d._.js:2298
[ 4525732ms] [LOG] [Fast Refresh] rebuilding @ http://localhost:3001/_next/static/chunks/76305_next_dist_8e39db7d._.js:2298
[ 4525795ms] [LOG] [Fast Refresh] done in 165ms @ http://localhost:3001/_next/static/chunks/76305_next_dist_8e39db7d._.js:2298
[ 4570206ms] [LOG] [Fast Refresh] rebuilding @ http://localhost:3001/_next/static/chunks/76305_next_dist_8e39db7d._.js:2298
[ 4570223ms] [LOG] [Fast Refresh] done in 121ms @ http://localhost:3001/_next/static/chunks/76305_next_dist_8e39db7d._.js:2298
[ 4582043ms] [LOG] [Fast Refresh] rebuilding @ http://localhost:3001/_next/static/chunks/76305_next_dist_8e39db7d._.js:2298
[ 4582046ms] [LOG] [Fast Refresh] done in 110ms @ http://localhost:3001/_next/static/chunks/76305_next_dist_8e39db7d._.js:2298
[ 4587164ms] [LOG] [Fast Refresh] rebuilding @ http://localhost:3001/_next/static/chunks/76305_next_dist_8e39db7d._.js:2298
[ 4587165ms] [LOG] [Fast Refresh] done in 109ms @ http://localhost:3001/_next/static/chunks/76305_next_dist_8e39db7d._.js:2298
[ 4765052ms] [LOG] [Fast Refresh] rebuilding @ http://localhost:3001/_next/static/chunks/76305_next_dist_8e39db7d._.js:2298
[ 4765053ms] [LOG] [Fast Refresh] done in 105ms @ http://localhost:3001/_next/static/chunks/76305_next_dist_8e39db7d._.js:2298
[ 5050652ms] [LOG] [Fast Refresh] rebuilding @ http://localhost:3001/_next/static/chunks/76305_next_dist_8e39db7d._.js:2298
[ 5050668ms] [LOG] [Fast Refresh] done in 121ms @ http://localhost:3001/_next/static/chunks/76305_next_dist_8e39db7d._.js:2298
[ 5079892ms] [LOG] [Fast Refresh] rebuilding @ http://localhost:3001/_next/static/chunks/76305_next_dist_8e39db7d._.js:2298
[ 5079893ms] [LOG] [Fast Refresh] done in 104ms @ http://localhost:3001/_next/static/chunks/76305_next_dist_8e39db7d._.js:2298
[ 5107897ms] [LOG] [Fast Refresh] rebuilding @ http://localhost:3001/_next/static/chunks/76305_next_dist_8e39db7d._.js:2298
[ 5107914ms] [LOG] [Fast Refresh] done in 120ms @ http://localhost:3001/_next/static/chunks/76305_next_dist_8e39db7d._.js:2298
[ 5396262ms] [LOG] [Fast Refresh] rebuilding @ http://localhost:3001/_next/static/chunks/76305_next_dist_8e39db7d._.js:2298
[ 5396279ms] [LOG] [Fast Refresh] done in 123ms @ http://localhost:3001/_next/static/chunks/76305_next_dist_8e39db7d._.js:2298
[ 5420003ms] [LOG] [Fast Refresh] rebuilding @ http://localhost:3001/_next/static/chunks/76305_next_dist_8e39db7d._.js:2298
[ 5420004ms] [LOG] [Fast Refresh] done in 107ms @ http://localhost:3001/_next/static/chunks/76305_next_dist_8e39db7d._.js:2298
[ 5579080ms] [LOG] [Fast Refresh] rebuilding @ http://localhost:3001/_next/static/chunks/76305_next_dist_8e39db7d._.js:2298
[ 5579081ms] [LOG] [Fast Refresh] done in 106ms @ http://localhost:3001/_next/static/chunks/76305_next_dist_8e39db7d._.js:2298
[ 5587613ms] [LOG] [Fast Refresh] rebuilding @ http://localhost:3001/_next/static/chunks/76305_next_dist_8e39db7d._.js:2298
[ 5587630ms] [LOG] [Fast Refresh] done in 123ms @ http://localhost:3001/_next/static/chunks/76305_next_dist_8e39db7d._.js:2298
[ 5595655ms] [LOG] [Fast Refresh] rebuilding @ http://localhost:3001/_next/static/chunks/76305_next_dist_8e39db7d._.js:2298
[ 5595656ms] [LOG] [Fast Refresh] done in 109ms @ http://localhost:3001/_next/static/chunks/76305_next_dist_8e39db7d._.js:2298
[ 5602020ms] [LOG] [Fast Refresh] rebuilding @ http://localhost:3001/_next/static/chunks/76305_next_dist_8e39db7d._.js:2298
[ 5602020ms] [LOG] [Fast Refresh] done in 107ms @ http://localhost:3001/_next/static/chunks/76305_next_dist_8e39db7d._.js:2298
[ 5607379ms] [LOG] [Fast Refresh] rebuilding @ http://localhost:3001/_next/static/chunks/76305_next_dist_8e39db7d._.js:2298
[ 5607381ms] [LOG] [Fast Refresh] done in 105ms @ http://localhost:3001/_next/static/chunks/76305_next_dist_8e39db7d._.js:2298
[ 5668211ms] [LOG] [Fast Refresh] rebuilding @ http://localhost:3001/_next/static/chunks/76305_next_dist_8e39db7d._.js:2298
[ 5668212ms] [LOG] [Fast Refresh] done in 101ms @ http://localhost:3001/_next/static/chunks/76305_next_dist_8e39db7d._.js:2298
[ 5720318ms] [LOG] [Fast Refresh] rebuilding @ http://localhost:3001/_next/static/chunks/76305_next_dist_8e39db7d._.js:2298
[ 5720707ms] [LOG] [Fast Refresh] done in 490ms @ http://localhost:3001/_next/static/chunks/76305_next_dist_8e39db7d._.js:2298
[ 5730450ms] [LOG] [Fast Refresh] rebuilding @ http://localhost:3001/_next/static/chunks/76305_next_dist_8e39db7d._.js:2298
[ 5730466ms] [LOG] [Fast Refresh] done in 121ms @ http://localhost:3001/_next/static/chunks/76305_next_dist_8e39db7d._.js:2298
[ 5747205ms] [LOG] [Fast Refresh] rebuilding @ http://localhost:3001/_next/static/chunks/76305_next_dist_8e39db7d._.js:2298
[ 5747206ms] [LOG] [Fast Refresh] done in 107ms @ http://localhost:3001/_next/static/chunks/76305_next_dist_8e39db7d._.js:2298
[ 5794034ms] [LOG] [Fast Refresh] rebuilding @ http://localhost:3001/_next/static/chunks/76305_next_dist_8e39db7d._.js:2298
[ 5794035ms] [LOG] [Fast Refresh] done in 105ms @ http://localhost:3001/_next/static/chunks/76305_next_dist_8e39db7d._.js:2298
[ 5819272ms] [LOG] [Fast Refresh] rebuilding @ http://localhost:3001/_next/static/chunks/76305_next_dist_8e39db7d._.js:2298
[ 5819290ms] [LOG] [Fast Refresh] done in 121ms @ http://localhost:3001/_next/static/chunks/76305_next_dist_8e39db7d._.js:2298
[ 5864721ms] [LOG] [Fast Refresh] rebuilding @ http://localhost:3001/_next/static/chunks/76305_next_dist_8e39db7d._.js:2298
[ 5864749ms] [LOG] [Fast Refresh] done in 136ms @ http://localhost:3001/_next/static/chunks/76305_next_dist_8e39db7d._.js:2298
[ 6238363ms] [LOG] [Fast Refresh] rebuilding @ http://localhost:3001/_next/static/chunks/76305_next_dist_8e39db7d._.js:2298
[ 6238509ms] [LOG] [Fast Refresh] done in 250ms @ http://localhost:3001/_next/static/chunks/76305_next_dist_8e39db7d._.js:2298
[ 6263021ms] [LOG] [Fast Refresh] rebuilding @ http://localhost:3001/_next/static/chunks/76305_next_dist_8e39db7d._.js:2298
[ 6263275ms] [LOG] [Fast Refresh] done in 356ms @ http://localhost:3001/_next/static/chunks/76305_next_dist_8e39db7d._.js:2298
[ 6280351ms] [LOG] [Fast Refresh] rebuilding @ http://localhost:3001/_next/static/chunks/76305_next_dist_8e39db7d._.js:2298
[ 6280517ms] [LOG] [Fast Refresh] done in 279ms @ http://localhost:3001/_next/static/chunks/76305_next_dist_8e39db7d._.js:2298
[ 6295294ms] [LOG] [Fast Refresh] rebuilding @ http://localhost:3001/_next/static/chunks/76305_next_dist_8e39db7d._.js:2298
[ 6295452ms] [LOG] [Fast Refresh] done in 263ms @ http://localhost:3001/_next/static/chunks/76305_next_dist_8e39db7d._.js:2298
[ 6331972ms] [LOG] [Fast Refresh] rebuilding @ http://localhost:3001/_next/static/chunks/76305_next_dist_8e39db7d._.js:2298
[ 6332413ms] [LOG] [Fast Refresh] done in 542ms @ http://localhost:3001/_next/static/chunks/76305_next_dist_8e39db7d._.js:2298
[ 6930737ms] [LOG] [Fast Refresh] rebuilding @ http://localhost:3001/_next/static/chunks/76305_next_dist_8e39db7d._.js:2298
[ 6930737ms] [LOG] [Fast Refresh] done in 108ms @ http://localhost:3001/_next/static/chunks/76305_next_dist_8e39db7d._.js:2298
[ 6937241ms] [LOG] [Fast Refresh] rebuilding @ http://localhost:3001/_next/static/chunks/76305_next_dist_8e39db7d._.js:2298
[ 6937241ms] [LOG] [Fast Refresh] done in 107ms @ http://localhost:3001/_next/static/chunks/76305_next_dist_8e39db7d._.js:2298
[ 6939349ms] [LOG] [Fast Refresh] rebuilding @ http://localhost:3001/_next/static/chunks/76305_next_dist_8e39db7d._.js:2298
[ 6939349ms] [LOG] [Fast Refresh] done in 108ms @ http://localhost:3001/_next/static/chunks/76305_next_dist_8e39db7d._.js:2298
[ 6943125ms] [LOG] [Fast Refresh] rebuilding @ http://localhost:3001/_next/static/chunks/76305_next_dist_8e39db7d._.js:2298
[ 6943126ms] [LOG] [Fast Refresh] done in 116ms @ http://localhost:3001/_next/static/chunks/76305_next_dist_8e39db7d._.js:2298
[ 6945210ms] [LOG] [Fast Refresh] rebuilding @ http://localhost:3001/_next/static/chunks/76305_next_dist_8e39db7d._.js:2298
[ 6945211ms] [LOG] [Fast Refresh] done in 110ms @ http://localhost:3001/_next/static/chunks/76305_next_dist_8e39db7d._.js:2298
[ 6951590ms] [LOG] [Fast Refresh] rebuilding @ http://localhost:3001/_next/static/chunks/76305_next_dist_8e39db7d._.js:2298
[ 6951606ms] [LOG] [Fast Refresh] done in 123ms @ http://localhost:3001/_next/static/chunks/76305_next_dist_8e39db7d._.js:2298
[ 6957892ms] [LOG] [Fast Refresh] rebuilding @ http://localhost:3001/_next/static/chunks/76305_next_dist_8e39db7d._.js:2298
[ 6957893ms] [LOG] [Fast Refresh] done in 107ms @ http://localhost:3001/_next/static/chunks/76305_next_dist_8e39db7d._.js:2298
[ 6983300ms] [LOG] [Fast Refresh] rebuilding @ http://localhost:3001/_next/static/chunks/76305_next_dist_8e39db7d._.js:2298
[ 6983317ms] [LOG] [Fast Refresh] done in 122ms @ http://localhost:3001/_next/static/chunks/76305_next_dist_8e39db7d._.js:2298
[ 6985015ms] [LOG] [Fast Refresh] rebuilding @ http://localhost:3001/_next/static/chunks/76305_next_dist_8e39db7d._.js:2298
[ 6985032ms] [LOG] [Fast Refresh] done in 118ms @ http://localhost:3001/_next/static/chunks/76305_next_dist_8e39db7d._.js:2298
[ 7188521ms] [LOG] [Fast Refresh] rebuilding @ http://localhost:3001/_next/static/chunks/76305_next_dist_8e39db7d._.js:2298
[ 7188584ms] [LOG] [Fast Refresh] done in 169ms @ http://localhost:3001/_next/static/chunks/76305_next_dist_8e39db7d._.js:2298
[ 7361347ms] [LOG] [Fast Refresh] rebuilding @ http://localhost:3001/_next/static/chunks/76305_next_dist_8e39db7d._.js:2298
[ 7361418ms] [LOG] [Fast Refresh] done in 183ms @ http://localhost:3001/_next/static/chunks/76305_next_dist_8e39db7d._.js:2298
[ 7362948ms] [INFO] %cDownload the React DevTools for a better development experience: https://react.dev/link/react-devtools font-weight:bold @ http://localhost:3001/_next/static/chunks/76305_next_dist_8e39db7d._.js:2298
[ 7362990ms] [LOG] [HMR] connected @ http://localhost:3001/_next/static/chunks/76305_next_dist_8e39db7d._.js:2298
[ 7363123ms] [LOG] [Fast Refresh] rebuilding @ http://localhost:3001/_next/static/chunks/76305_next_dist_8e39db7d._.js:2298
[ 7363138ms] [LOG] [Fast Refresh] done in 119ms @ http://localhost:3001/_next/static/chunks/76305_next_dist_8e39db7d._.js:2298
