[    1219ms] [LOG] [Fast Refresh] rebuilding @ http://localhost:3001/_next/static/chunks/76305_next_dist_8e39db7d._.js:2298
[    1229ms] [LOG] [Fast Refresh] done in 113ms @ http://localhost:3001/_next/static/chunks/76305_next_dist_8e39db7d._.js:2298
[    1361ms] [LOG] [Fast Refresh] rebuilding @ http://localhost:3001/_next/static/chunks/76305_next_dist_8e39db7d._.js:2298
[    1564ms] [LOG] [Fast Refresh] done in 310ms @ http://localhost:3001/_next/static/chunks/76305_next_dist_8e39db7d._.js:2298
[    3208ms] [INFO] %cDownload the React DevTools for a better development experience: https://react.dev/link/react-devtools font-weight:bold @ http://localhost:3001/_next/static/chunks/76305_next_dist_8e39db7d._.js:2298
[    3259ms] [LOG] [HMR] connected @ http://localhost:3001/_next/static/chunks/76305_next_dist_8e39db7d._.js:2298
[    3470ms] [ERROR] A tree hydrated but some attributes of the server rendered HTML didn't match the client properties. This won't be patched up. This can happen if a SSR-ed Client Component used:

- A server/client branch `if (typeof window !== 'undefined')`.
- Variable input such as `Date.now()` or `Math.random()` which changes each time it's called.
- Date formatting in a user's locale which doesn't match the server.
- External changing data without sending a snapshot of it along with the HTML.
- Invalid HTML tag nesting.

It can also happen if the client has a browser extension installed which messes with the HTML before React loaded.

%s%s https://react.dev/link/hydration-mismatch 

  ...
    <div className="flex flex-...">
      ...
        <SelectCollectionProvider scope={undefined}>
          <SelectCollectionProviderProvider scope={undefined} itemMap={Map} collectionRef={{current:null}}>
            <SelectProvider scope={undefined} onNativeOptionAdd={function Select.useCallback} ...>
              <SelectTrigger className="w-[160px]" aria-label="Filter by ...">
                <SelectTrigger data-slot="select-tri..." data-size="default" className={"flex ite..."} ...>
                  <PopperAnchor asChild={true} __scopePopper={{Popper:[...]}}>
                    <Primitive.div asChild={true} ref={function}>
                      <Primitive.div.Slot ref={function}>
                        <Primitive.div.SlotClone ref={function}>
                          <Primitive.button type="button" role="combobox" aria-controls="radix-_R_d..." ...>
                            <button
                              type="button"
                              role="combobox"
+                             aria-controls="radix-_R_d2atuitmlb_"
-                             aria-controls="radix-_R_1k9bnqitmlb_"
                              aria-expanded={false}
                              aria-required={undefined}
                              aria-autocomplete="none"
                              dir="ltr"
                              data-state="closed"
                              disabled={false}
                              data-disabled={undefined}
                              data-placeholder={undefined}
                              data-slot="select-trigger"
                              data-size="default"
                              className={"flex items-center justify-between gap-1.5 rounded-lg border border-input bg..."}
                              aria-label="Filter by platform"
                              onClick={function handleEvent}
                              onPointerDown={function handleEvent}
                              onKeyDown={function handleEvent}
                              ref={function}
                            >
              ...
        ...
      ...
        <SelectCollectionProvider scope={undefined}>
          <SelectCollectionProviderProvider scope={undefined} itemMap={Map} collectionRef={{current:null}}>
            <SelectProvider scope={undefined} onNativeOptionAdd={function Select.useCallback} ...>
              <SelectTrigger className="w-[150px]" aria-label="Filter by ...">
                <SelectTrigger data-slot="select-tri..." data-size="default" className={"flex ite..."} ...>
                  <PopperAnchor asChild={true} __scopePopper={{Popper:[...]}}>
                    <Primitive.div asChild={true} ref={function}>
                      <Primitive.div.Slot ref={function}>
                        <Primitive.div.SlotClone ref={function}>
                          <Primitive.button type="button" role="combobox" aria-controls="radix-_R_l..." ...>
                            <button
                              type="button"
                              role="combobox"
+                             aria-controls="radix-_R_l2atuitmlb_"
-                             aria-controls="radix-_R_2k9bnqitmlb_"
                              aria-expanded={false}
                              aria-required={undefined}
                              aria-autocomplete="none"
                              dir="ltr"
                              data-state="closed"
                              disabled={false}
                              data-disabled={undefined}
                              data-placeholder={undefined}
                              data-slot="select-trigger"
                              data-size="default"
                              className={"flex items-center justify-between gap-1.5 rounded-lg border border-input bg..."}
                              aria-label="Filter by minimum intent strength"
                              onClick={function handleEvent}
                              onPointerDown={function handleEvent}
                              onKeyDown={function handleEvent}
                              ref={function}
                            >
              ...
        ...
      ...
 @ http://localhost:3001/_next/static/chunks/76305_next_dist_8e39db7d._.js:3128
