[    1494ms] [INFO] %cDownload the React DevTools for a better development experience: https://react.dev/link/react-devtools font-weight:bold @ http://localhost:3001/_next/static/chunks/76305_next_dist_8e39db7d._.js:2298
[    1533ms] [LOG] [HMR] connected @ http://localhost:3001/_next/static/chunks/76305_next_dist_8e39db7d._.js:2298
[  261378ms] [LOG] [Fast Refresh] rebuilding @ http://localhost:3001/_next/static/chunks/76305_next_dist_8e39db7d._.js:2298
[  261379ms] [LOG] [Fast Refresh] done in 104ms @ http://localhost:3001/_next/static/chunks/76305_next_dist_8e39db7d._.js:2298
[  323791ms] [LOG] [Fast Refresh] rebuilding @ http://localhost:3001/_next/static/chunks/76305_next_dist_8e39db7d._.js:2298
[  323792ms] [LOG] [Fast Refresh] done in 108ms @ http://localhost:3001/_next/static/chunks/76305_next_dist_8e39db7d._.js:2298
[  335729ms] [LOG] [Fast Refresh] rebuilding @ http://localhost:3001/_next/static/chunks/76305_next_dist_8e39db7d._.js:2298
[  335792ms] [LOG] [Fast Refresh] done in 168ms @ http://localhost:3001/_next/static/chunks/76305_next_dist_8e39db7d._.js:2298
[  358059ms] [LOG] [Fast Refresh] rebuilding @ http://localhost:3001/_next/static/chunks/76305_next_dist_8e39db7d._.js:2298
[  358060ms] [LOG] [Fast Refresh] done in 108ms @ http://localhost:3001/_next/static/chunks/76305_next_dist_8e39db7d._.js:2298
[  373276ms] [LOG] [Fast Refresh] rebuilding @ http://localhost:3001/_next/static/chunks/76305_next_dist_8e39db7d._.js:2298
[  373276ms] [LOG] [Fast Refresh] done in 107ms @ http://localhost:3001/_next/static/chunks/76305_next_dist_8e39db7d._.js:2298
[  552926ms] [LOG] [Fast Refresh] rebuilding @ http://localhost:3001/_next/static/chunks/76305_next_dist_8e39db7d._.js:2298
[  552927ms] [LOG] [Fast Refresh] done in 108ms @ http://localhost:3001/_next/static/chunks/76305_next_dist_8e39db7d._.js:2298
[  553395ms] [INFO] %cDownload the React DevTools for a better development experience: https://react.dev/link/react-devtools font-weight:bold @ http://localhost:3001/_next/static/chunks/76305_next_dist_8e39db7d._.js:2298
[  553417ms] [LOG] [HMR] connected @ http://localhost:3001/_next/static/chunks/76305_next_dist_8e39db7d._.js:2298
[  596115ms] [LOG] [Fast Refresh] rebuilding @ http://localhost:3001/_next/static/chunks/76305_next_dist_8e39db7d._.js:2298
[  596116ms] [LOG] [Fast Refresh] done in 107ms @ http://localhost:3001/_next/static/chunks/76305_next_dist_8e39db7d._.js:2298
[  783996ms] [LOG] [Fast Refresh] rebuilding @ http://localhost:3001/_next/static/chunks/76305_next_dist_8e39db7d._.js:2298
[  784012ms] [LOG] [Fast Refresh] done in 114ms @ http://localhost:3001/_next/static/chunks/76305_next_dist_8e39db7d._.js:2298
[  784836ms] [LOG] [Fast Refresh] rebuilding @ http://localhost:3001/_next/static/chunks/76305_next_dist_8e39db7d._.js:2298
[  784872ms] [LOG] [Fast Refresh] done in 139ms @ http://localhost:3001/_next/static/chunks/76305_next_dist_8e39db7d._.js:2298
[  797594ms] [LOG] [Fast Refresh] rebuilding @ http://localhost:3001/_next/static/chunks/76305_next_dist_8e39db7d._.js:2298
[  797596ms] [LOG] [Fast Refresh] done in 105ms @ http://localhost:3001/_next/static/chunks/76305_next_dist_8e39db7d._.js:2298
[  810286ms] [LOG] [Fast Refresh] rebuilding @ http://localhost:3001/_next/static/chunks/76305_next_dist_8e39db7d._.js:2298
[  810343ms] [LOG] [Fast Refresh] done in 161ms @ http://localhost:3001/_next/static/chunks/76305_next_dist_8e39db7d._.js:2298
[  810349ms] [LOG] [Fast Refresh] rebuilding @ http://localhost:3001/_next/static/chunks/76305_next_dist_8e39db7d._.js:2298
[  810394ms] [LOG] [Fast Refresh] done in 48ms @ http://localhost:3001/_next/static/chunks/76305_next_dist_8e39db7d._.js:2298
[  810611ms] [LOG] [Fast Refresh] rebuilding @ http://localhost:3001/_next/static/chunks/76305_next_dist_8e39db7d._.js:2298
[  810614ms] [LOG] [Fast Refresh] done in 109ms @ http://localhost:3001/_next/static/chunks/76305_next_dist_8e39db7d._.js:2298
[  811175ms] [LOG] [Fast Refresh] rebuilding @ http://localhost:3001/_next/static/chunks/76305_next_dist_8e39db7d._.js:2298
[  811187ms] [LOG] [Fast Refresh] done in 120ms @ http://localhost:3001/_next/static/chunks/76305_next_dist_8e39db7d._.js:2298
[  855738ms] [LOG] [Fast Refresh] rebuilding @ http://localhost:3001/_next/static/chunks/76305_next_dist_8e39db7d._.js:2298
[  855739ms] [LOG] [Fast Refresh] done in 103ms @ http://localhost:3001/_next/static/chunks/76305_next_dist_8e39db7d._.js:2298
[  864594ms] [LOG] [Fast Refresh] rebuilding @ http://localhost:3001/_next/static/chunks/76305_next_dist_8e39db7d._.js:2298
[  864657ms] [LOG] [Fast Refresh] done in 64ms @ http://localhost:3001/_next/static/chunks/76305_next_dist_8e39db7d._.js:2298
[  892554ms] [LOG] [Fast Refresh] rebuilding @ http://localhost:3001/_next/static/chunks/76305_next_dist_8e39db7d._.js:2298
[  892600ms] [LOG] [Fast Refresh] done in 147ms @ http://localhost:3001/_next/static/chunks/76305_next_dist_8e39db7d._.js:2298
[  892604ms] [LOG] [Fast Refresh] rebuilding @ http://localhost:3001/_next/static/chunks/76305_next_dist_8e39db7d._.js:2298
[  892651ms] [LOG] [Fast Refresh] done in 49ms @ http://localhost:3001/_next/static/chunks/76305_next_dist_8e39db7d._.js:2298
[  893379ms] [LOG] [Fast Refresh] rebuilding @ http://localhost:3001/_next/static/chunks/76305_next_dist_8e39db7d._.js:2298
[  893418ms] [LOG] [Fast Refresh] done in 141ms @ http://localhost:3001/_next/static/chunks/76305_next_dist_8e39db7d._.js:2298
[  974321ms] [LOG] [Fast Refresh] rebuilding @ http://localhost:3001/_next/static/chunks/76305_next_dist_8e39db7d._.js:2298
[  974383ms] [LOG] [Fast Refresh] done in 92ms @ http://localhost:3001/_next/static/chunks/76305_next_dist_8e39db7d._.js:2298
[ 1057328ms] [LOG] [Fast Refresh] rebuilding @ http://localhost:3001/_next/static/chunks/76305_next_dist_8e39db7d._.js:2298
[ 1057328ms] [LOG] [Fast Refresh] done in 107ms @ http://localhost:3001/_next/static/chunks/76305_next_dist_8e39db7d._.js:2298
[ 1063596ms] [LOG] [Fast Refresh] rebuilding @ http://localhost:3001/_next/static/chunks/76305_next_dist_8e39db7d._.js:2298
[ 1063659ms] [LOG] [Fast Refresh] done in 169ms @ http://localhost:3001/_next/static/chunks/76305_next_dist_8e39db7d._.js:2298
[ 1065143ms] [LOG] [Fast Refresh] rebuilding @ http://localhost:3001/_next/static/chunks/76305_next_dist_8e39db7d._.js:2298
[ 1065144ms] [LOG] [Fast Refresh] done in 109ms @ http://localhost:3001/_next/static/chunks/76305_next_dist_8e39db7d._.js:2298
[ 1069846ms] [LOG] [Fast Refresh] rebuilding @ http://localhost:3001/_next/static/chunks/76305_next_dist_8e39db7d._.js:2298
[ 1069846ms] [LOG] [Fast Refresh] done in 107ms @ http://localhost:3001/_next/static/chunks/76305_next_dist_8e39db7d._.js:2298
[ 1712231ms] [LOG] [Fast Refresh] rebuilding @ http://localhost:3001/_next/static/chunks/76305_next_dist_8e39db7d._.js:2298
[ 1712279ms] [LOG] [Fast Refresh] done in 93ms @ http://localhost:3001/_next/static/chunks/76305_next_dist_8e39db7d._.js:2298
[ 2099822ms] [LOG] [Fast Refresh] rebuilding @ http://localhost:3001/_next/static/chunks/76305_next_dist_8e39db7d._.js:2298
[ 2099873ms] [LOG] [Fast Refresh] done in 88ms @ http://localhost:3001/_next/static/chunks/76305_next_dist_8e39db7d._.js:2298
[ 2109499ms] [LOG] [Fast Refresh] rebuilding @ http://localhost:3001/_next/static/chunks/76305_next_dist_8e39db7d._.js:2298
[ 2109531ms] [LOG] [Fast Refresh] done in 107ms @ http://localhost:3001/_next/static/chunks/76305_next_dist_8e39db7d._.js:2298
[ 2127630ms] [LOG] [Fast Refresh] rebuilding @ http://localhost:3001/_next/static/chunks/76305_next_dist_8e39db7d._.js:2298
[ 2127686ms] [LOG] [Fast Refresh] done in 79ms @ http://localhost:3001/_next/static/chunks/76305_next_dist_8e39db7d._.js:2298
[ 2190208ms] [LOG] [Fast Refresh] rebuilding @ http://localhost:3001/_next/static/chunks/76305_next_dist_8e39db7d._.js:2298
[ 2190252ms] [LOG] [Fast Refresh] done in 49ms @ http://localhost:3001/_next/static/chunks/76305_next_dist_8e39db7d._.js:2298
[ 2191079ms] [LOG] [Fast Refresh] rebuilding @ http://localhost:3001/_next/static/chunks/76305_next_dist_8e39db7d._.js:2298
[ 2191152ms] [LOG] [Fast Refresh] done in 174ms @ http://localhost:3001/_next/static/chunks/76305_next_dist_8e39db7d._.js:2298
[ 2208970ms] [LOG] [Fast Refresh] rebuilding @ http://localhost:3001/_next/static/chunks/76305_next_dist_8e39db7d._.js:2298
[ 2209034ms] [LOG] [Fast Refresh] done in 115ms @ http://localhost:3001/_next/static/chunks/76305_next_dist_8e39db7d._.js:2298
[ 2209774ms] [LOG] [Fast Refresh] rebuilding @ http://localhost:3001/_next/static/chunks/76305_next_dist_8e39db7d._.js:2298
[ 2209806ms] [LOG] [Fast Refresh] done in 137ms @ http://localhost:3001/_next/static/chunks/76305_next_dist_8e39db7d._.js:2298
[ 2245962ms] [LOG] [Fast Refresh] rebuilding @ http://localhost:3001/_next/static/chunks/76305_next_dist_8e39db7d._.js:2298
[ 2246025ms] [LOG] [Fast Refresh] done in 63ms @ http://localhost:3001/_next/static/chunks/76305_next_dist_8e39db7d._.js:2298
[ 2254439ms] [LOG] [Fast Refresh] rebuilding @ http://localhost:3001/_next/static/chunks/76305_next_dist_8e39db7d._.js:2298
[ 2254501ms] [LOG] [Fast Refresh] done in 77ms @ http://localhost:3001/_next/static/chunks/76305_next_dist_8e39db7d._.js:2298
[ 2267536ms] [LOG] [Fast Refresh] rebuilding @ http://localhost:3001/_next/static/chunks/76305_next_dist_8e39db7d._.js:2298
[ 2267551ms] [LOG] [Fast Refresh] done in 78ms @ http://localhost:3001/_next/static/chunks/76305_next_dist_8e39db7d._.js:2298
[ 2506626ms] [LOG] [Fast Refresh] rebuilding @ http://localhost:3001/_next/static/chunks/76305_next_dist_8e39db7d._.js:2298
[ 2506627ms] [LOG] [Fast Refresh] done in 108ms @ http://localhost:3001/_next/static/chunks/76305_next_dist_8e39db7d._.js:2298
[ 2507976ms] [LOG] [Fast Refresh] rebuilding @ http://localhost:3001/_next/static/chunks/76305_next_dist_8e39db7d._.js:2298
[ 2507976ms] [LOG] [Fast Refresh] done in 107ms @ http://localhost:3001/_next/static/chunks/76305_next_dist_8e39db7d._.js:2298
[ 2519614ms] [LOG] [Fast Refresh] rebuilding @ http://localhost:3001/_next/static/chunks/76305_next_dist_8e39db7d._.js:2298
[ 2519615ms] [LOG] [Fast Refresh] done in 107ms @ http://localhost:3001/_next/static/chunks/76305_next_dist_8e39db7d._.js:2298
[ 2907596ms] [LOG] [Fast Refresh] rebuilding @ http://localhost:3001/_next/static/chunks/76305_next_dist_8e39db7d._.js:2298
[ 2907598ms] [LOG] [Fast Refresh] done in 96ms @ http://localhost:3001/_next/static/chunks/76305_next_dist_8e39db7d._.js:2298
[ 2908616ms] [LOG] [Fast Refresh] rebuilding @ http://localhost:3001/_next/static/chunks/76305_next_dist_8e39db7d._.js:2298
[ 2908698ms] [LOG] [Fast Refresh] done in 185ms @ http://localhost:3001/_next/static/chunks/76305_next_dist_8e39db7d._.js:2298
[ 2979632ms] [LOG] [Fast Refresh] rebuilding @ http://localhost:3001/_next/static/chunks/76305_next_dist_8e39db7d._.js:2298
[ 2979632ms] [LOG] [Fast Refresh] done in 106ms @ http://localhost:3001/_next/static/chunks/76305_next_dist_8e39db7d._.js:2298
[ 2983961ms] [LOG] [Fast Refresh] rebuilding @ http://localhost:3001/_next/static/chunks/76305_next_dist_8e39db7d._.js:2298
[ 2983977ms] [LOG] [Fast Refresh] done in 123ms @ http://localhost:3001/_next/static/chunks/76305_next_dist_8e39db7d._.js:2298
[ 3566740ms] [LOG] [Fast Refresh] rebuilding @ http://localhost:3001/_next/static/chunks/76305_next_dist_8e39db7d._.js:2298
[ 3566804ms] [LOG] [Fast Refresh] done in 138ms @ http://localhost:3001/_next/static/chunks/76305_next_dist_8e39db7d._.js:2298
[ 3715106ms] [LOG] [Fast Refresh] rebuilding @ http://localhost:3001/_next/static/chunks/76305_next_dist_8e39db7d._.js:2298
[ 3715107ms] [LOG] [Fast Refresh] done in 106ms @ http://localhost:3001/_next/static/chunks/76305_next_dist_8e39db7d._.js:2298
[ 4122340ms] [LOG] [Fast Refresh] rebuilding @ http://localhost:3001/_next/static/chunks/76305_next_dist_8e39db7d._.js:2298
[ 4122341ms] [LOG] [Fast Refresh] done in 108ms @ http://localhost:3001/_next/static/chunks/76305_next_dist_8e39db7d._.js:2298
[ 4205455ms] [LOG] [Fast Refresh] rebuilding @ http://localhost:3001/_next/static/chunks/76305_next_dist_8e39db7d._.js:2298
[ 4205455ms] [LOG] [Fast Refresh] done in 108ms @ http://localhost:3001/_next/static/chunks/76305_next_dist_8e39db7d._.js:2298
[ 4683140ms] [ERROR] WebSocket connection to 'ws://localhost:3001/_next/webpack-hmr?id=2yE24l3vMcV2IpCTVun4R' failed:  @ http://localhost:3001/_next/static/chunks/76305_next_dist_client_5ce5de33._.js:10879
[ 4683140ms] [ERROR] WebSocket connection to 'wss://cmkifdwjunojgigrqwnr.supabase.co/realtime/v1/websocket?apikey=eyJhbGciOiJIUzI1NiIsInR5cCI6IkpXVCJ9.eyJpc3MiOiJzdXBhYmFzZSIsInJlZiI6ImNta2lmZHdqdW5vamdpZ3Jxd25yIiwicm9sZSI6ImFub24iLCJpYXQiOjE3NzY0MTc0NDAsImV4cCI6MjA5MTk5MzQ0MH0.Z-JEUCBAvlzx-dux9CA_RLsrSjjnFg9ah8Fi6jneph8&vsn=2.0.0' failed:  @ http://localhost:3001/_next/static/chunks/node_modules__pnpm_9f08645f._.js:13440
[ 4684180ms] [LOG] [HMR] connected @ http://localhost:3001/_next/static/chunks/76305_next_dist_8e39db7d._.js:2298
