[    2908ms] [INFO] %cDownload the React DevTools for a better development experience: https://react.dev/link/react-devtools font-weight:bold @ http://localhost:3001/_next/static/chunks/76305_next_dist_8e39db7d._.js:2298
[    2960ms] [LOG] [HMR] connected @ http://localhost:3001/_next/static/chunks/76305_next_dist_8e39db7d._.js:2298
[ 1322344ms] [LOG] [Fast Refresh] rebuilding @ http://localhost:3001/_next/static/chunks/76305_next_dist_8e39db7d._.js:2298
[ 1323146ms] [LOG] [Fast Refresh] done in 916ms @ http://localhost:3001/_next/static/chunks/76305_next_dist_8e39db7d._.js:2298
[ 1323247ms] [LOG] [Fast Refresh] rebuilding @ http://localhost:3001/_next/static/chunks/76305_next_dist_8e39db7d._.js:2298
[ 1323248ms] [LOG] [Fast Refresh] done in 101ms @ http://localhost:3001/_next/static/chunks/76305_next_dist_8e39db7d._.js:2298
[ 1323516ms] [LOG] [Fast Refresh] rebuilding @ http://localhost:3001/_next/static/chunks/76305_next_dist_8e39db7d._.js:2298
[ 1324994ms] [LOG] [Fast Refresh] done in 1580ms @ http://localhost:3001/_next/static/chunks/76305_next_dist_8e39db7d._.js:2298
[ 1325869ms] [INFO] %cDownload the React DevTools for a better development experience: https://react.dev/link/react-devtools font-weight:bold @ http://localhost:3001/_next/static/chunks/76305_next_dist_8e39db7d._.js:2298
[ 1325893ms] [LOG] [HMR] connected @ http://localhost:3001/_next/static/chunks/76305_next_dist_8e39db7d._.js:2298
[ 1325949ms] [ERROR] A tree hydrated but some attributes of the server rendered HTML didn't match the client properties. This won't be patched up. This can happen if a SSR-ed Client Component used:

- A server/client branch `if (typeof window !== 'undefined')`.
- Variable input such as `Date.now()` or `Math.random()` which changes each time it's called.
- Date formatting in a user's locale which doesn't match the server.
- External changing data without sending a snapshot of it along with the HTML.
- Invalid HTML tag nesting.

It can also happen if the client has a browser extension installed which messes with the HTML before React loaded.

%s%s https://react.dev/link/hydration-mismatch 

  ...
    <SegmentViewNode type="page" pagePath="(app)/bill...">
      <SegmentTrieNode>
      <BillingPage>
        <div className="flex flex-...">
          <div>
          <div className="flex flex-...">
            <Tabs defaultValue="plans" className="w-full">
              <Tabs data-slot="tabs" data-orientation="horizontal" className="group/tabs..." defaultValue="plans">
                <TabsProvider scope={undefined} baseId="radix-_R_1..." value="plans" ...>
                  <Primitive.div dir="ltr" data-orientation="horizontal" data-slot="tabs" className="group/tabs..." ...>
                    <div dir="ltr" data-orientation="horizontal" data-slot="tabs" className="group/tabs..." ref={null}>
                      ...
                        <div role="tablist" aria-orientation="horizontal" data-slot="tabs-list" data-variant="default" ...>
                          ...
                            <Primitive.span.Slot tabIndex={-1} data-orientation="horizontal" ...>
                              <Primitive.span.SlotClone tabIndex={-1} data-orientation="horizontal" ...>
                                <Primitive.button type="button" role="tab" aria-selected={true} ...>
                                  <button
                                    type="button"
                                    role="tab"
                                    aria-selected={true}
+                                   aria-controls="radix-_R_1slrituitmlb_-content-plans"
-                                   aria-controls="radix-_R_7inebnqitmlb_-content-plans"
                                    data-state="active"
                                    data-disabled={undefined}
                                    disabled={false}
+                                   id="radix-_R_1slrituitmlb_-trigger-plans"
-                                   id="radix-_R_7inebnqitmlb_-trigger-plans"
                                    data-slot="tabs-trigger"
                                    className={"relative inline-flex h-[calc(100%-1px)] flex-1 items-center justify-c..."}
                                    onMouseDown={function}
                                    onKeyDown={function}
                                    onFocus={function}
                                    tabIndex={-1}
                                    data-orientation="horizontal"
                                    data-radix-collection-item=""
                                    ref={function}
                                  >
+                                   Plans
                          ...
                            <Primitive.span.Slot tabIndex={-1} data-orientation="horizontal" ...>
                              <Primitive.span.SlotClone tabIndex={-1} data-orientation="horizontal" ...>
                                <Primitive.button type="button" role="tab" aria-selected={false} ...>
                                  <button
                                    type="button"
                                    role="tab"
                                    aria-selected={false}
+                                   aria-controls="radix-_R_1slrituitmlb_-content-packs"
-                                   aria-controls="radix-_R_7inebnqitmlb_-content-packs"
                                    data-state="inactive"
                                    data-disabled={undefined}
                                    disabled={false}
+                                   id="radix-_R_1slrituitmlb_-trigger-packs"
-                                   id="radix-_R_7inebnqitmlb_-trigger-packs"
                                    data-slot="tabs-trigger"
                                    className={"relative inline-flex h-[calc(100%-1px)] flex-1 items-center justify-c..."}
                                    onMouseDown={function}
                                    onKeyDown={function}
                                    onFocus={function}
                                    tabIndex={-1}
                                    data-orientation="horizontal"
                                    data-radix-collection-item=""
                                    ref={function}
                                  >
+                                   Credit Packs
                          ...
                            <Primitive.span.Slot tabIndex={-1} data-orientation="horizontal" ...>
                              <Primitive.span.SlotClone tabIndex={-1} data-orientation="horizontal" ...>
                                <Primitive.button type="button" role="tab" aria-selected={false} ...>
                                  <button
                                    type="button"
                                    role="tab"
                                    aria-selected={false}
+                                   aria-controls="radix-_R_1slrituitmlb_-content-history"
-                                   aria-controls="radix-_R_7inebnqitmlb_-content-history"
                                    data-state="inactive"
                                    data-disabled={undefined}
                                    disabled={false}
+                                   id="radix-_R_1slrituitmlb_-trigger-history"
-                                   id="radix-_R_7inebnqitmlb_-trigger-history"
                                    data-slot="tabs-trigger"
                                    className={"relative inline-flex h-[calc(100%-1px)] flex-1 items-center justify-c..."}
                                    onMouseDown={function}
                                    onKeyDown={function}
                                    onFocus={function}
                                    tabIndex={-1}
                                    data-orientation="horizontal"
                                    data-radix-collection-item=""
                                    ref={function}
                                  >
+                                   History
                      <TabsContent value="plans" className="mt-4">
                        <TabsContent data-slot="tabs-content" className="flex-1 tex..." value="plans">
                          <Presence present={true}>
                            <Primitive.div data-state="active" data-orientation="horizontal" role="tabpanel" ...>
                              <div
                                data-state="active"
                                data-orientation="horizontal"
                                role="tabpanel"
+                               aria-labelledby="radix-_R_1slrituitmlb_-trigger-plans"
-                               aria-labelledby="radix-_R_7inebnqitmlb_-trigger-plans"
                                hidden={false}
+                               id="radix-_R_1slrituitmlb_-content-plans"
-                               id="radix-_R_7inebnqitmlb_-content-plans"
                                tabIndex={0}
                                data-slot="tabs-content"
                                className="flex-1 text-sm outline-none mt-4"
                                style={{animationDuration:"0s"}}
                                ref={function}
                              >
                      <TabsContent value="packs" className="mt-4">
                        <TabsContent data-slot="tabs-content" className="flex-1 tex..." value="packs">
                          <Presence present={false}>
                            <Primitive.div data-state="inactive" data-orientation="horizontal" role="tabpanel" ...>
                              <div
                                data-state="inactive"
                                data-orientation="horizontal"
                                role="tabpanel"
+                               aria-labelledby="radix-_R_1slrituitmlb_-trigger-packs"
-                               aria-labelledby="radix-_R_7inebnqitmlb_-trigger-packs"
                                hidden={true}
+                               id="radix-_R_1slrituitmlb_-content-packs"
-                               id="radix-_R_7inebnqitmlb_-content-packs"
                                tabIndex={0}
                                data-slot="tabs-content"
                                className="flex-1 text-sm outline-none mt-4"
                                style={{animationDuration:undefined}}
                                ref={function}
                              >
                      <TabsContent value="history" className="mt-4">
                        <TabsContent data-slot="tabs-content" className="flex-1 tex..." value="history">
                          <Presence present={false}>
                            <Primitive.div data-state="inactive" data-orientation="horizontal" role="tabpanel" ...>
                              <div
                                data-state="inactive"
                                data-orientation="horizontal"
                                role="tabpanel"
+                               aria-labelledby="radix-_R_1slrituitmlb_-trigger-history"
-                               aria-labelledby="radix-_R_7inebnqitmlb_-trigger-history"
                                hidden={true}
+                               id="radix-_R_1slrituitmlb_-content-history"
-                               id="radix-_R_7inebnqitmlb_-content-history"
                                tabIndex={0}
                                data-slot="tabs-content"
                                className="flex-1 text-sm outline-none mt-4"
                                style={{animationDuration:undefined}}
                                ref={function}
                              >
    ...
 @ http://localhost:3001/_next/static/chunks/76305_next_dist_8e39db7d._.js:3128
[ 1326048ms] [LOG] [Fast Refresh] rebuilding @ http://localhost:3001/_next/static/chunks/76305_next_dist_8e39db7d._.js:2298
[ 1326110ms] [LOG] [Fast Refresh] done in 174ms @ http://localhost:3001/_next/static/chunks/76305_next_dist_8e39db7d._.js:2298
[ 1328958ms] [LOG] [Fast Refresh] rebuilding @ http://localhost:3001/_next/static/chunks/76305_next_dist_8e39db7d._.js:2298
[ 1329623ms] [LOG] [Fast Refresh] done in 773ms @ http://localhost:3001/_next/static/chunks/76305_next_dist_8e39db7d._.js:2298
[ 1329734ms] [LOG] [Fast Refresh] rebuilding @ http://localhost:3001/_next/static/chunks/76305_next_dist_8e39db7d._.js:2298
[ 1329735ms] [LOG] [Fast Refresh] done in 111ms @ http://localhost:3001/_next/static/chunks/76305_next_dist_8e39db7d._.js:2298
[ 1330906ms] [INFO] %cDownload the React DevTools for a better development experience: https://react.dev/link/react-devtools font-weight:bold @ http://localhost:3001/_next/static/chunks/76305_next_dist_8e39db7d._.js:2298
[ 1330923ms] [LOG] [HMR] connected @ http://localhost:3001/_next/static/chunks/76305_next_dist_8e39db7d._.js:2298
[ 1331082ms] [LOG] [Fast Refresh] rebuilding @ http://localhost:3001/_next/static/chunks/76305_next_dist_8e39db7d._.js:2298
[ 1331083ms] [LOG] [Fast Refresh] done in 102ms @ http://localhost:3001/_next/static/chunks/76305_next_dist_8e39db7d._.js:2298
