[    1988ms] [LOG] JQMIGRATE: Migrate is installed with logging active, version 1.4.1 @ https://b.stripecdn.com/dashboard-fe-statics-srv/assets/login.m9dn02awx8injwpn.js:190
[    4607ms] [LOG] recaptchacompat disabled @ https://b.stripecdn.com/dashboard-fe-statics-srv/assets/login.m9dn02awx8injwpn.js:53
[   18652ms] [ERROR] Failed to load resource: the server responded with a status of 401 () @ https://dashboard.stripe.com/ajax/sessions/new:0
[   22777ms] [ERROR] Failed to load resource: the server responded with a status of 401 () @ https://dashboard.stripe.com/ajax/sessions/new:0
[   81524ms] [ERROR] Failed to load resource: the server responded with a status of 401 () @ https://dashboard.stripe.com/ajax/sessions/new:0
[   92678ms] [ERROR] Failed to load resource: the server responded with a status of 400 () @ https://dashboard.stripe.com/ajax/login_as_header?include_only%5B%5D=admin_header_class%2Cadmin_site_link_template%2Cpublic_dashboard_link_template:0
[   92727ms] [ERROR] Failed to load resource: the server responded with a status of 400 () @ https://dashboard.stripe.com/ajax/legacy_graphql/current_merchant?include_only%5B%5D=id%2Croles.id%2Croles.name:0
[   98015ms] [LOG] JQMIGRATE: Migrate is installed with logging active, version 1.4.1 @ https://b.stripecdn.com/dashboard-fe-statics-srv/assets/dashboard.bdmm4qph3np06tvl.js:72
[   99657ms] [ERROR] Failed to load resource: the server responded with a status of 404 () @ https://dashboard.stripe.com/v1/profiles?expand%5B%5D=verification&include_only%5B%5D=id%2Cusername%2Cdisplay_name%2Cdescription%2Curl%2Cemail%2Cphone%2Clivemode%2Cvisibility%2Cobject%2Caddress.line1%2Caddress.line2%2Caddress.city%2Caddress.state%2Caddress.postal_code%2Caddress.country%2Cbranding.icon.original%2Cbranding.logo.original%2Cbranding.primary_color%2Cbranding.secondary_color%2Cverification.is_verified:0
[  100257ms] [ERROR] Failed to load resource: the server responded with a status of 404 () @ https://dashboard.stripe.com/ajax/startup_merchant?include_only%5B%5D=id%2Cmerchant%2Cpartner_code%2Cpartner_page%2Capplication_status:0
[  101088ms] [ERROR] Framing 'https://docs.stripe.com/' violates the following Content Security Policy directive: "frame-ancestors 'self' https://docs-edit.corp.stripe.com https://markdraft.corp.stripe.com". The request has been blocked.
 @ :0
[  101089ms] [ERROR] Framing 'https://docs.stripe.com/' violates the following report-only Content Security Policy directive: "frame-ancestors 'self' https://docs-edit.corp.stripe.com https://markdraft.corp.stripe.com". The violation has been logged, but no further action has been taken.
 @ :0
[  101092ms] [ERROR] Framing 'https://marketplace.stripe.com/' violates the following Content Security Policy directive: "frame-ancestors 'self'". The request has been blocked.
 @ :0
[  101096ms] [ERROR] Framing 'https://stripe.com/' violates the following Content Security Policy directive: "frame-ancestors 'self' https://app.contentful.com". The request has been blocked.
 @ :0
[  108617ms] [ERROR] Failed to load resource: the server responded with a status of 429 () @ https://errors.stripe.com/api/992/store/?sentry_key=28219678049240a7b5ccd5c4fa8075fe&sentry_version=7:0
[  129810ms] [LOG] JQMIGRATE: Migrate is installed with logging active, version 1.4.1 @ https://b.stripecdn.com/dashboard-fe-statics-srv/assets/dashboard.dvh9fr44hdi8yhvg.br.js:71
[  131336ms] [ERROR] Failed to load resource: the server responded with a status of 404 () @ https://dashboard.stripe.com/v1/profiles?expand%5B%5D=verification&include_only%5B%5D=id%2Cusername%2Cdisplay_name%2Cdescription%2Curl%2Cemail%2Cphone%2Clivemode%2Cvisibility%2Cobject%2Caddress.line1%2Caddress.line2%2Caddress.city%2Caddress.state%2Caddress.postal_code%2Caddress.country%2Cbranding.icon.original%2Cbranding.logo.original%2Cbranding.primary_color%2Cbranding.secondary_color%2Cverification.is_verified:0
[  131941ms] [ERROR] Failed to load resource: the server responded with a status of 404 () @ https://dashboard.stripe.com/ajax/startup_merchant?include_only%5B%5D=id%2Cmerchant%2Cpartner_code%2Cpartner_page%2Capplication_status:0
[  144255ms] [ERROR] Failed to load resource: the server responded with a status of 404 () @ https://dashboard.stripe.com/v1/profiles?expand%5B%5D=verification&include_only%5B%5D=id%2Cusername%2Cdisplay_name%2Cdescription%2Curl%2Cemail%2Cphone%2Clivemode%2Cvisibility%2Cobject%2Caddress.line1%2Caddress.line2%2Caddress.city%2Caddress.state%2Caddress.postal_code%2Caddress.country%2Cbranding.icon.original%2Cbranding.logo.original%2Cbranding.primary_color%2Cbranding.secondary_color%2Cverification.is_verified:0
[  145017ms] [ERROR] Failed to load resource: the server responded with a status of 404 () @ https://dashboard.stripe.com/v1/profiles?expand%5B%5D=verification&include_only%5B%5D=id%2Cusername%2Cdisplay_name%2Cdescription%2Curl%2Cemail%2Cphone%2Clivemode%2Cvisibility%2Cobject%2Caddress.line1%2Caddress.line2%2Caddress.city%2Caddress.state%2Caddress.postal_code%2Caddress.country%2Cbranding.icon.original%2Cbranding.logo.original%2Cbranding.primary_color%2Cbranding.secondary_color%2Cverification.is_verified:0
[  166037ms] [LOG] JQMIGRATE: Migrate is installed with logging active, version 1.4.1 @ https://b.stripecdn.com/dashboard-fe-statics-srv/assets/dashboard.dvh9fr44hdi8yhvg.br.js:71
[  167906ms] [ERROR] Failed to load resource: the server responded with a status of 404 () @ https://dashboard.stripe.com/v1/profiles?expand%5B%5D=verification&include_only%5B%5D=id%2Cusername%2Cdisplay_name%2Cdescription%2Curl%2Cemail%2Cphone%2Clivemode%2Cvisibility%2Cobject%2Caddress.line1%2Caddress.line2%2Caddress.city%2Caddress.state%2Caddress.postal_code%2Caddress.country%2Cbranding.icon.original%2Cbranding.logo.original%2Cbranding.primary_color%2Cbranding.secondary_color%2Cverification.is_verified:0
