[     863ms] [LOG] [Fast Refresh] rebuilding @ http://localhost:3001/_next/static/chunks/76305_next_dist_8e39db7d._.js:2298
[    1241ms] [LOG] [Fast Refresh] done in 480ms @ http://localhost:3001/_next/static/chunks/76305_next_dist_8e39db7d._.js:2298
[    2750ms] [LOG] [Fast Refresh] rebuilding @ http://localhost:3001/_next/static/chunks/76305_next_dist_8e39db7d._.js:2298
[    3768ms] [LOG] [Fast Refresh] done in 1128ms @ http://localhost:3001/_next/static/chunks/76305_next_dist_8e39db7d._.js:2298
[    4313ms] [INFO] %cDownload the React DevTools for a better development experience: https://react.dev/link/react-devtools font-weight:bold @ http://localhost:3001/_next/static/chunks/76305_next_dist_8e39db7d._.js:2298
[    4331ms] [LOG] [HMR] connected @ http://localhost:3001/_next/static/chunks/76305_next_dist_8e39db7d._.js:2298
[    4463ms] [LOG] [Fast Refresh] rebuilding @ http://localhost:3001/_next/static/chunks/76305_next_dist_8e39db7d._.js:2298
[    4526ms] [LOG] [Fast Refresh] done in 172ms @ http://localhost:3001/_next/static/chunks/76305_next_dist_8e39db7d._.js:2298
[    5106ms] [LOG] [Fast Refresh] rebuilding @ http://localhost:3001/_next/static/chunks/76305_next_dist_8e39db7d._.js:2298
[    5162ms] [LOG] [Fast Refresh] done in 50ms @ http://localhost:3001/_next/static/chunks/76305_next_dist_8e39db7d._.js:2298
[    5257ms] [LOG] [Fast Refresh] rebuilding @ http://localhost:3001/_next/static/chunks/76305_next_dist_8e39db7d._.js:2298
[    5304ms] [LOG] [Fast Refresh] done in 32ms @ http://localhost:3001/_next/static/chunks/76305_next_dist_8e39db7d._.js:2298
[    5410ms] [LOG] [Fast Refresh] rebuilding @ http://localhost:3001/_next/static/chunks/76305_next_dist_8e39db7d._.js:2298
[    5550ms] [LOG] [Fast Refresh] done in 199ms @ http://localhost:3001/_next/static/chunks/76305_next_dist_8e39db7d._.js:2298
[    5588ms] [LOG] [Fast Refresh] rebuilding @ http://localhost:3001/_next/static/chunks/76305_next_dist_8e39db7d._.js:2298
[    5646ms] [LOG] [Fast Refresh] done in 38ms @ http://localhost:3001/_next/static/chunks/76305_next_dist_8e39db7d._.js:2298
[    5725ms] [LOG] [Fast Refresh] rebuilding @ http://localhost:3001/_next/static/chunks/76305_next_dist_8e39db7d._.js:2298
[    5792ms] [LOG] [Fast Refresh] done in 79ms @ http://localhost:3001/_next/static/chunks/76305_next_dist_8e39db7d._.js:2298
[   52910ms] [LOG] [Fast Refresh] rebuilding @ http://localhost:3001/_next/static/chunks/76305_next_dist_8e39db7d._.js:2298
[   52963ms] [LOG] [Fast Refresh] done in 58ms @ http://localhost:3001/_next/static/chunks/76305_next_dist_8e39db7d._.js:2298
[   72046ms] [LOG] [Fast Refresh] rebuilding @ http://localhost:3001/_next/static/chunks/76305_next_dist_8e39db7d._.js:2298
[   72063ms] [LOG] [Fast Refresh] done in 128ms @ http://localhost:3001/_next/static/chunks/76305_next_dist_8e39db7d._.js:2298
[  107604ms] [LOG] [Fast Refresh] rebuilding @ http://localhost:3001/_next/static/chunks/76305_next_dist_8e39db7d._.js:2298
[  107667ms] [LOG] [Fast Refresh] done in 77ms @ http://localhost:3001/_next/static/chunks/76305_next_dist_8e39db7d._.js:2298
[  131552ms] [LOG] [Fast Refresh] rebuilding @ http://localhost:3001/_next/static/chunks/76305_next_dist_8e39db7d._.js:2298
[  131605ms] [LOG] [Fast Refresh] done in 71ms @ http://localhost:3001/_next/static/chunks/76305_next_dist_8e39db7d._.js:2298
[  139069ms] [LOG] [Fast Refresh] rebuilding @ http://localhost:3001/_next/static/chunks/76305_next_dist_8e39db7d._.js:2298
[  139365ms] [LOG] [Fast Refresh] done in 312ms @ http://localhost:3001/_next/static/chunks/76305_next_dist_8e39db7d._.js:2298
[  140191ms] [LOG] [Fast Refresh] rebuilding @ http://localhost:3001/_next/static/chunks/76305_next_dist_8e39db7d._.js:2298
[  140283ms] [LOG] [Fast Refresh] done in 197ms @ http://localhost:3001/_next/static/chunks/76305_next_dist_8e39db7d._.js:2298
[  156727ms] [LOG] [Fast Refresh] rebuilding @ http://localhost:3001/_next/static/chunks/76305_next_dist_8e39db7d._.js:2298
[  156913ms] [LOG] [Fast Refresh] done in 291ms @ http://localhost:3001/_next/static/chunks/76305_next_dist_8e39db7d._.js:2298
[  346531ms] [LOG] [Fast Refresh] rebuilding @ http://localhost:3001/_next/static/chunks/76305_next_dist_8e39db7d._.js:2298
[  346594ms] [LOG] [Fast Refresh] done in 77ms @ http://localhost:3001/_next/static/chunks/76305_next_dist_8e39db7d._.js:2298
[  742717ms] [LOG] [Fast Refresh] rebuilding @ http://localhost:3001/_next/static/chunks/76305_next_dist_8e39db7d._.js:2298
[  742764ms] [LOG] [Fast Refresh] done in 155ms @ http://localhost:3001/_next/static/chunks/76305_next_dist_8e39db7d._.js:2298
[  742981ms] [LOG] [Fast Refresh] rebuilding @ http://localhost:3001/_next/static/chunks/76305_next_dist_8e39db7d._.js:2298
[  742996ms] [LOG] [Fast Refresh] done in 123ms @ http://localhost:3001/_next/static/chunks/76305_next_dist_8e39db7d._.js:2298
[  743397ms] [LOG] [Fast Refresh] rebuilding @ http://localhost:3001/_next/static/chunks/76305_next_dist_8e39db7d._.js:2298
[  743432ms] [LOG] [Fast Refresh] done in 137ms @ http://localhost:3001/_next/static/chunks/76305_next_dist_8e39db7d._.js:2298
[  743601ms] [LOG] [Fast Refresh] rebuilding @ http://localhost:3001/_next/static/chunks/76305_next_dist_8e39db7d._.js:2298
[  743647ms] [LOG] [Fast Refresh] done in 153ms @ http://localhost:3001/_next/static/chunks/76305_next_dist_8e39db7d._.js:2298
[  744548ms] [LOG] [Fast Refresh] rebuilding @ http://localhost:3001/_next/static/chunks/76305_next_dist_8e39db7d._.js:2298
[  744612ms] [LOG] [Fast Refresh] done in 61ms @ http://localhost:3001/_next/static/chunks/76305_next_dist_8e39db7d._.js:2298
[  744690ms] [LOG] [Fast Refresh] rebuilding @ http://localhost:3001/_next/static/chunks/76305_next_dist_8e39db7d._.js:2298
[  744753ms] [LOG] [Fast Refresh] done in 53ms @ http://localhost:3001/_next/static/chunks/76305_next_dist_8e39db7d._.js:2298
[  744833ms] [LOG] [Fast Refresh] rebuilding @ http://localhost:3001/_next/static/chunks/76305_next_dist_8e39db7d._.js:2298
[  744893ms] [LOG] [Fast Refresh] done in 21ms @ http://localhost:3001/_next/static/chunks/76305_next_dist_8e39db7d._.js:2298
[  745093ms] [LOG] [Fast Refresh] rebuilding @ http://localhost:3001/_next/static/chunks/76305_next_dist_8e39db7d._.js:2298
[  745159ms] [LOG] [Fast Refresh] done in 44ms @ http://localhost:3001/_next/static/chunks/76305_next_dist_8e39db7d._.js:2298
[  745456ms] [LOG] [Fast Refresh] rebuilding @ http://localhost:3001/_next/static/chunks/76305_next_dist_8e39db7d._.js:2298
[  745517ms] [LOG] [Fast Refresh] done in 54ms @ http://localhost:3001/_next/static/chunks/76305_next_dist_8e39db7d._.js:2298
[  745895ms] [LOG] [Fast Refresh] rebuilding @ http://localhost:3001/_next/static/chunks/76305_next_dist_8e39db7d._.js:2298
[  745950ms] [LOG] [Fast Refresh] done in 52ms @ http://localhost:3001/_next/static/chunks/76305_next_dist_8e39db7d._.js:2298
[  745996ms] [LOG] [Fast Refresh] rebuilding @ http://localhost:3001/_next/static/chunks/76305_next_dist_8e39db7d._.js:2298
[  746060ms] [LOG] [Fast Refresh] done in 63ms @ http://localhost:3001/_next/static/chunks/76305_next_dist_8e39db7d._.js:2298
[  746246ms] [LOG] [Fast Refresh] rebuilding @ http://localhost:3001/_next/static/chunks/76305_next_dist_8e39db7d._.js:2298
[  746306ms] [LOG] [Fast Refresh] done in 64ms @ http://localhost:3001/_next/static/chunks/76305_next_dist_8e39db7d._.js:2298
