[    7188ms] [INFO] %cDownload the React DevTools for a better development experience: https://react.dev/link/react-devtools font-weight:bold @ http://localhost:3001/_next/static/chunks/76305_next_dist_8e39db7d._.js:2298
[    7305ms] [LOG] [HMR] connected @ http://localhost:3001/_next/static/chunks/76305_next_dist_8e39db7d._.js:2298
[    7336ms] [ERROR] Cannot render a sync or defer <script> outside the main document without knowing its order. Try adding async="" or moving it into the root <head> tag. @ http://localhost:3001/_next/static/chunks/76305_next_dist_8e39db7d._.js:3128
[    7337ms] [ERROR] In HTML, %s cannot be a child of <%s>.%s
This will cause a hydration error.%s <script> html  

  ...
    <HotReload globalError={[...]} webSocket={WebSocket} staticIndicatorState={{pathname:null, ...}}>
      <AppDevOverlayErrorBoundary globalError={[...]}>
        <ReplaySsrOnlyErrors>
        <DevRootHTTPAccessFallbackBoundary>
          <HTTPAccessFallbackBoundary notFound={<NotAllowedRootHTTPFallbackError>}>
            <HTTPAccessFallbackErrorBoundary pathname="/" notFound={<NotAllowedRootHTTPFallbackError>} ...>
              <RedirectBoundary>
                <RedirectErrorBoundary router={{...}}>
                  <Head>
                  <__next_root_layout_boundary__>
                    <SegmentViewNode type="layout" pagePath="layout.tsx">
                      <SegmentTrieNode>
                      <link>
                      <script>
                      <script>
                      <script>
                      <RootLayout>
>                       <html
>                         lang="en"
>                         suppressHydrationWarning={true}
>                         className="h-full antialiased geist_a71539c9-module__T19VSG__variable geist_mono_8d43a2aa-mo..."
>                       >
>                         <script dangerouslySetInnerHTML={{__html:"(function(..."}}>
                          ...
                  ...
 @ http://localhost:3001/_next/static/chunks/76305_next_dist_8e39db7d._.js:3128
[    7609ms] [LOG] [Fast Refresh] rebuilding @ http://localhost:3001/_next/static/chunks/76305_next_dist_8e39db7d._.js:2298
[    7657ms] [LOG] [Fast Refresh] done in 150ms @ http://localhost:3001/_next/static/chunks/76305_next_dist_8e39db7d._.js:2298
[  104613ms] [LOG] [Fast Refresh] rebuilding @ http://localhost:3001/_next/static/chunks/76305_next_dist_8e39db7d._.js:2298
[  105087ms] [LOG] [Fast Refresh] done in 589ms @ http://localhost:3001/_next/static/chunks/76305_next_dist_8e39db7d._.js:2298
[  105194ms] [LOG] [Fast Refresh] rebuilding @ http://localhost:3001/_next/static/chunks/76305_next_dist_8e39db7d._.js:2298
[  105210ms] [LOG] [Fast Refresh] done in 123ms @ http://localhost:3001/_next/static/chunks/76305_next_dist_8e39db7d._.js:2298
[  115757ms] [INFO] Slow network is detected. See https://www.chromestatus.com/feature/5636954674692096 for more details. Fallback font will be used while loading: https://fonts.gstatic.com/s/googlesans/v62/4UaRrENHsxJlGDuGo1OIlJfC6l_24rlCK1Yo_Iq2vgCI.woff2 @ https://accounts.google.com/v3/signin/identifier?opparams=%253Fredirect_to%253Dhttp%25253A%25252F%25252Flocalhost%25253A3001%25252Fauth%25252Fcallback&dsh=S20317673%3A1776504122201689&client_id=818719514994-2qguqp9bgou6sa2bn3t46glqr276ndpd.apps.googleusercontent.com&o2v=2&redirect_uri=https%3A%2F%2Fcmkifdwjunojgigrqwnr.supabase.co%2Fauth%2Fv1%2Fcallback&response_type=code&scope=email+profile&service=lso&state=9a1eada4-abe2-4f90-a4b5-0170bfb03b3a&flowName=GeneralOAuthFlow&continue=https%3A%2F%2Faccounts.google.com%2Fsignin%2Foauth%2Fconsent%3Fauthuser%3Dunknown%26part%3DAJi8hAPtjHD_dc8lBJjWKca2MG2ruONqjO6823mUJm3Nn4BP-FhJG_x_KgWBuTjHj26AFFa4vta47snvGu0kxs8jQRMpv_tBuwIREKpqlu_DHwqy8-k9Lo0p2ux4bxx7qmKMYMCghSozeFoUFkjUL9E783AVIXM6Sfe-mFZ6-zKgDcxoXVAPEqoBkb_cXOM9ktJSZ07ox88fV_nYZPHUe2f8N0DvSJYEMaRZeLeVHXwtr_2hwXIawwC3_DXwnt3m9B4WgX6E0TNy7YFANp51JQH9Z7kKej4yBBC4rhN-zcs_Eil9JuYfaRVz0uugV8Jz-Th0HMFbTLcG6CICKzkO9m_PBfHW4dzLtSJ92CZx2vvHNJ-hzaLDbOe02CT2Uce3D8UhDRWgv5Nrdjj6kBQM0kTBPbp6DOz_CgGVziDoZT1xAhW5W-aDTq7ZDSkRFY5oQ1SzkxxWSQkYn4GnOYbDTIEL2Xh5_rrPA8fLEsU_Jt_swDsQLGNLfks%26flowName%3DGeneralOAuthFlow%26as%3DS20317673%253A1776504122201689%26client_id%3D818719514994-2qguqp9bgou6sa2bn3t46glqr276ndpd.apps.googleusercontent.com%26requestPath%3D%252Fsignin%252Foauth%252Fconsent%23&app_domain=https%3A%2F%2Fcmkifdwjunojgigrqwnr.supabase.co&rart=ANgoxceeye2c5ypbgEedXoML0RMO8dmsh4nBRpef00icGXH5Q8bFyRKhv2kqMFqEOPp3vIgCm5YaW3SIN87dj0GoDfk20zmtMxdEDAEaGss1PHld1BEzj9o:236
[  115768ms] [INFO] Slow network is detected. See https://www.chromestatus.com/feature/5636954674692096 for more details. Fallback font will be used while loading: https://fonts.gstatic.com/s/googlesans/v62/4UaRrENHsxJlGDuGo1OIlJfC6l_24rlCK1Yo_Iq2sACIlsw.woff2 @ https://accounts.google.com/v3/signin/identifier?opparams=%253Fredirect_to%253Dhttp%25253A%25252F%25252Flocalhost%25253A3001%25252Fauth%25252Fcallback&dsh=S20317673%3A1776504122201689&client_id=818719514994-2qguqp9bgou6sa2bn3t46glqr276ndpd.apps.googleusercontent.com&o2v=2&redirect_uri=https%3A%2F%2Fcmkifdwjunojgigrqwnr.supabase.co%2Fauth%2Fv1%2Fcallback&response_type=code&scope=email+profile&service=lso&state=9a1eada4-abe2-4f90-a4b5-0170bfb03b3a&flowName=GeneralOAuthFlow&continue=https%3A%2F%2Faccounts.google.com%2Fsignin%2Foauth%2Fconsent%3Fauthuser%3Dunknown%26part%3DAJi8hAPtjHD_dc8lBJjWKca2MG2ruONqjO6823mUJm3Nn4BP-FhJG_x_KgWBuTjHj26AFFa4vta47snvGu0kxs8jQRMpv_tBuwIREKpqlu_DHwqy8-k9Lo0p2ux4bxx7qmKMYMCghSozeFoUFkjUL9E783AVIXM6Sfe-mFZ6-zKgDcxoXVAPEqoBkb_cXOM9ktJSZ07ox88fV_nYZPHUe2f8N0DvSJYEMaRZeLeVHXwtr_2hwXIawwC3_DXwnt3m9B4WgX6E0TNy7YFANp51JQH9Z7kKej4yBBC4rhN-zcs_Eil9JuYfaRVz0uugV8Jz-Th0HMFbTLcG6CICKzkO9m_PBfHW4dzLtSJ92CZx2vvHNJ-hzaLDbOe02CT2Uce3D8UhDRWgv5Nrdjj6kBQM0kTBPbp6DOz_CgGVziDoZT1xAhW5W-aDTq7ZDSkRFY5oQ1SzkxxWSQkYn4GnOYbDTIEL2Xh5_rrPA8fLEsU_Jt_swDsQLGNLfks%26flowName%3DGeneralOAuthFlow%26as%3DS20317673%253A1776504122201689%26client_id%3D818719514994-2qguqp9bgou6sa2bn3t46glqr276ndpd.apps.googleusercontent.com%26requestPath%3D%252Fsignin%252Foauth%252Fconsent%23&app_domain=https%3A%2F%2Fcmkifdwjunojgigrqwnr.supabase.co&rart=ANgoxceeye2c5ypbgEedXoML0RMO8dmsh4nBRpef00icGXH5Q8bFyRKhv2kqMFqEOPp3vIgCm5YaW3SIN87dj0GoDfk20zmtMxdEDAEaGss1PHld1BEzj9o:238
[  116234ms] [VERBOSE] [DOM] Password field is not contained in a form: (More info: https://goo.gl/9p2vKq) %o @ https://accounts.google.com/v3/signin/identifier?opparams=%253Fredirect_to%253Dhttp%25253A%25252F%25252Flocalhost%25253A3001%25252Fauth%25252Fcallback&dsh=S20317673%3A1776504122201689&client_id=818719514994-2qguqp9bgou6sa2bn3t46glqr276ndpd.apps.googleusercontent.com&o2v=2&redirect_uri=https%3A%2F%2Fcmkifdwjunojgigrqwnr.supabase.co%2Fauth%2Fv1%2Fcallback&response_type=code&scope=email+profile&service=lso&state=9a1eada4-abe2-4f90-a4b5-0170bfb03b3a&flowName=GeneralOAuthFlow&continue=https%3A%2F%2Faccounts.google.com%2Fsignin%2Foauth%2Fconsent%3Fauthuser%3Dunknown%26part%3DAJi8hAPtjHD_dc8lBJjWKca2MG2ruONqjO6823mUJm3Nn4BP-FhJG_x_KgWBuTjHj26AFFa4vta47snvGu0kxs8jQRMpv_tBuwIREKpqlu_DHwqy8-k9Lo0p2ux4bxx7qmKMYMCghSozeFoUFkjUL9E783AVIXM6Sfe-mFZ6-zKgDcxoXVAPEqoBkb_cXOM9ktJSZ07ox88fV_nYZPHUe2f8N0DvSJYEMaRZeLeVHXwtr_2hwXIawwC3_DXwnt3m9B4WgX6E0TNy7YFANp51JQH9Z7kKej4yBBC4rhN-zcs_Eil9JuYfaRVz0uugV8Jz-Th0HMFbTLcG6CICKzkO9m_PBfHW4dzLtSJ92CZx2vvHNJ-hzaLDbOe02CT2Uce3D8UhDRWgv5Nrdjj6kBQM0kTBPbp6DOz_CgGVziDoZT1xAhW5W-aDTq7ZDSkRFY5oQ1SzkxxWSQkYn4GnOYbDTIEL2Xh5_rrPA8fLEsU_Jt_swDsQLGNLfks%26flowName%3DGeneralOAuthFlow%26as%3DS20317673%253A1776504122201689%26client_id%3D818719514994-2qguqp9bgou6sa2bn3t46glqr276ndpd.apps.googleusercontent.com%26requestPath%3D%252Fsignin%252Foauth%252Fconsent%23&app_domain=https%3A%2F%2Fcmkifdwjunojgigrqwnr.supabase.co&rart=ANgoxceeye2c5ypbgEedXoML0RMO8dmsh4nBRpef00icGXH5Q8bFyRKhv2kqMFqEOPp3vIgCm5YaW3SIN87dj0GoDfk20zmtMxdEDAEaGss1PHld1BEzj9o:0
[  116243ms] [LOG] %c%s color: red; background: yellow; font-size: 24px; OSTRZEŻENIE! @ https://www.gstatic.com/_/mss/boq-identity/_/js/k=boq-identity.AccountsSignInUi.pl.ipdsNzhOv5Q.es5.O/am=Kf8GAABCEUgGwP___zcAIACCaOB6FoAmEBkAAAAAAAAAALBAAAAaAQ/d=1/excm=_b,_tp,identifierview/ed=1/dg=0/wt=2/ujg=1/rs=AOaEmlHrnUsF1l4TV_6i-seaeDLs2_LvqQ/dti=1/m=_b,_tp:468
[  116243ms] [LOG] %c%s font-size: 18px; Korzystanie z tej konsoli może umożliwić hakerom podszywanie się pod Ciebie i kradzież Twoich informacji przy użyciu ataku zwanego Self-XSS.
Nie wpisuj ani nie wklejaj kodu, którego nie rozumiesz. @ https://www.gstatic.com/_/mss/boq-identity/_/js/k=boq-identity.AccountsSignInUi.pl.ipdsNzhOv5Q.es5.O/am=Kf8GAABCEUgGwP___zcAIACCaOB6FoAmEBkAAAAAAAAAALBAAAAaAQ/d=1/excm=_b,_tp,identifierview/ed=1/dg=0/wt=2/ujg=1/rs=AOaEmlHrnUsF1l4TV_6i-seaeDLs2_LvqQ/dti=1/m=_b,_tp:468
[  126588ms] [WARNING] Blocked aria-hidden on an element because its descendant retained focus. The focus must not be hidden from assistive technology users. Avoid using aria-hidden on a focused element or its ancestor. Consider using the inert attribute instead, which will also prevent focus. For more details, see the aria-hidden section of the WAI-ARIA specification at https://w3c.github.io/aria/#aria-hidden.
Element with focus: <div.sZwd7c B6Vhqe>
Ancestor with aria-hidden: <div.TdwKnf> @ https://accounts.google.com/v3/signin/identifier?opparams=%253Fredirect_to%253Dhttp%25253A%25252F%25252Flocalhost%25253A3001%25252Fauth%25252Fcallback&dsh=S20317673%3A1776504122201689&client_id=818719514994-2qguqp9bgou6sa2bn3t46glqr276ndpd.apps.googleusercontent.com&o2v=2&redirect_uri=https%3A%2F%2Fcmkifdwjunojgigrqwnr.supabase.co%2Fauth%2Fv1%2Fcallback&response_type=code&scope=email+profile&service=lso&state=9a1eada4-abe2-4f90-a4b5-0170bfb03b3a&flowName=GeneralOAuthFlow&continue=https%3A%2F%2Faccounts.google.com%2Fsignin%2Foauth%2Fconsent%3Fauthuser%3Dunknown%26part%3DAJi8hAPtjHD_dc8lBJjWKca2MG2ruONqjO6823mUJm3Nn4BP-FhJG_x_KgWBuTjHj26AFFa4vta47snvGu0kxs8jQRMpv_tBuwIREKpqlu_DHwqy8-k9Lo0p2ux4bxx7qmKMYMCghSozeFoUFkjUL9E783AVIXM6Sfe-mFZ6-zKgDcxoXVAPEqoBkb_cXOM9ktJSZ07ox88fV_nYZPHUe2f8N0DvSJYEMaRZeLeVHXwtr_2hwXIawwC3_DXwnt3m9B4WgX6E0TNy7YFANp51JQH9Z7kKej4yBBC4rhN-zcs_Eil9JuYfaRVz0uugV8Jz-Th0HMFbTLcG6CICKzkO9m_PBfHW4dzLtSJ92CZx2vvHNJ-hzaLDbOe02CT2Uce3D8UhDRWgv5Nrdjj6kBQM0kTBPbp6DOz_CgGVziDoZT1xAhW5W-aDTq7ZDSkRFY5oQ1SzkxxWSQkYn4GnOYbDTIEL2Xh5_rrPA8fLEsU_Jt_swDsQLGNLfks%26flowName%3DGeneralOAuthFlow%26as%3DS20317673%253A1776504122201689%26client_id%3D818719514994-2qguqp9bgou6sa2bn3t46glqr276ndpd.apps.googleusercontent.com%26requestPath%3D%252Fsignin%252Foauth%252Fconsent%23&app_domain=https%3A%2F%2Fcmkifdwjunojgigrqwnr.supabase.co&rart=ANgoxceeye2c5ypbgEedXoML0RMO8dmsh4nBRpef00icGXH5Q8bFyRKhv2kqMFqEOPp3vIgCm5YaW3SIN87dj0GoDfk20zmtMxdEDAEaGss1PHld1BEzj9o:0
[  127721ms] [VERBOSE] [DOM] Password field is not contained in a form: (More info: https://goo.gl/9p2vKq) %o @ https://accounts.google.com/v3/signin/challenge/pwd?TL=AIgtPP2lNhFCIIATwOtJqD7l6MqFQpPUP90AuLh5emGmM0vnDhE5dj5gEXNXf1bV&app_domain=https%3A%2F%2Fcmkifdwjunojgigrqwnr.supabase.co&checkConnection=youtube%3A574&checkedDomains=youtube&cid=2&client_id=818719514994-2qguqp9bgou6sa2bn3t46glqr276ndpd.apps.googleusercontent.com&continue=https%3A%2F%2Faccounts.google.com%2Fsignin%2Foauth%2Fconsent%3Fauthuser%3Dunknown%26part%3DAJi8hAPtjHD_dc8lBJjWKca2MG2ruONqjO6823mUJm3Nn4BP-FhJG_x_KgWBuTjHj26AFFa4vta47snvGu0kxs8jQRMpv_tBuwIREKpqlu_DHwqy8-k9Lo0p2ux4bxx7qmKMYMCghSozeFoUFkjUL9E783AVIXM6Sfe-mFZ6-zKgDcxoXVAPEqoBkb_cXOM9ktJSZ07ox88fV_nYZPHUe2f8N0DvSJYEMaRZeLeVHXwtr_2hwXIawwC3_DXwnt3m9B4WgX6E0TNy7YFANp51JQH9Z7kKej4yBBC4rhN-zcs_Eil9JuYfaRVz0uugV8Jz-Th0HMFbTLcG6CICKzkO9m_PBfHW4dzLtSJ92CZx2vvHNJ-hzaLDbOe02CT2Uce3D8UhDRWgv5Nrdjj6kBQM0kTBPbp6DOz_CgGVziDoZT1xAhW5W-aDTq7ZDSkRFY5oQ1SzkxxWSQkYn4GnOYbDTIEL2Xh5_rrPA8fLEsU_Jt_swDsQLGNLfks%26flowName%3DGeneralOAuthFlow%26as%3DS20317673%253A1776504122201689%26client_id%3D818719514994-2qguqp9bgou6sa2bn3t46glqr276ndpd.apps.googleusercontent.com%26requestPath%3D%252Fsignin%252Foauth%252Fconsent%23&dsh=S20317673%3A1776504122201689&flowName=GeneralOAuthFlow&o2v=2&opparams=%253Fredirect_to%253Dhttp%25253A%25252F%25252Flocalhost%25253A3001%25252Fauth%25252Fcallback&pstMsg=1&rart=ANgoxceeye2c5ypbgEedXoML0RMO8dmsh4nBRpef00icGXH5Q8bFyRKhv2kqMFqEOPp3vIgCm5YaW3SIN87dj0GoDfk20zmtMxdEDAEaGss1PHld1BEzj9o&redirect_uri=https%3A%2F%2Fcmkifdwjunojgigrqwnr.supabase.co%2Fauth%2Fv1%2Fcallback&response_type=code&scope=email%20profile&service=lso&state=9a1eada4-abe2-4f90-a4b5-0170bfb03b3a:0
[  115757ms] [INFO] Slow network is detected. See https://www.chromestatus.com/feature/5636954674692096 for more details. Fallback font will be used while loading: https://fonts.gstatic.com/s/googlesans/v62/4UaRrENHsxJlGDuGo1OIlJfC6l_24rlCK1Yo_Iq2vgCI.woff2 @ https://accounts.google.com/v3/signin/identifier?opparams=%253Fredirect_to%253Dhttp%25253A%25252F%25252Flocalhost%25253A3001%25252Fauth%25252Fcallback&dsh=S20317673%3A1776504122201689&client_id=818719514994-2qguqp9bgou6sa2bn3t46glqr276ndpd.apps.googleusercontent.com&o2v=2&redirect_uri=https%3A%2F%2Fcmkifdwjunojgigrqwnr.supabase.co%2Fauth%2Fv1%2Fcallback&response_type=code&scope=email+profile&service=lso&state=9a1eada4-abe2-4f90-a4b5-0170bfb03b3a&flowName=GeneralOAuthFlow&continue=https%3A%2F%2Faccounts.google.com%2Fsignin%2Foauth%2Fconsent%3Fauthuser%3Dunknown%26part%3DAJi8hAPtjHD_dc8lBJjWKca2MG2ruONqjO6823mUJm3Nn4BP-FhJG_x_KgWBuTjHj26AFFa4vta47snvGu0kxs8jQRMpv_tBuwIREKpqlu_DHwqy8-k9Lo0p2ux4bxx7qmKMYMCghSozeFoUFkjUL9E783AVIXM6Sfe-mFZ6-zKgDcxoXVAPEqoBkb_cXOM9ktJSZ07ox88fV_nYZPHUe2f8N0DvSJYEMaRZeLeVHXwtr_2hwXIawwC3_DXwnt3m9B4WgX6E0TNy7YFANp51JQH9Z7kKej4yBBC4rhN-zcs_Eil9JuYfaRVz0uugV8Jz-Th0HMFbTLcG6CICKzkO9m_PBfHW4dzLtSJ92CZx2vvHNJ-hzaLDbOe02CT2Uce3D8UhDRWgv5Nrdjj6kBQM0kTBPbp6DOz_CgGVziDoZT1xAhW5W-aDTq7ZDSkRFY5oQ1SzkxxWSQkYn4GnOYbDTIEL2Xh5_rrPA8fLEsU_Jt_swDsQLGNLfks%26flowName%3DGeneralOAuthFlow%26as%3DS20317673%253A1776504122201689%26client_id%3D818719514994-2qguqp9bgou6sa2bn3t46glqr276ndpd.apps.googleusercontent.com%26requestPath%3D%252Fsignin%252Foauth%252Fconsent%23&app_domain=https%3A%2F%2Fcmkifdwjunojgigrqwnr.supabase.co&rart=ANgoxceeye2c5ypbgEedXoML0RMO8dmsh4nBRpef00icGXH5Q8bFyRKhv2kqMFqEOPp3vIgCm5YaW3SIN87dj0GoDfk20zmtMxdEDAEaGss1PHld1BEzj9o:236
[  115768ms] [INFO] Slow network is detected. See https://www.chromestatus.com/feature/5636954674692096 for more details. Fallback font will be used while loading: https://fonts.gstatic.com/s/googlesans/v62/4UaRrENHsxJlGDuGo1OIlJfC6l_24rlCK1Yo_Iq2sACIlsw.woff2 @ https://accounts.google.com/v3/signin/identifier?opparams=%253Fredirect_to%253Dhttp%25253A%25252F%25252Flocalhost%25253A3001%25252Fauth%25252Fcallback&dsh=S20317673%3A1776504122201689&client_id=818719514994-2qguqp9bgou6sa2bn3t46glqr276ndpd.apps.googleusercontent.com&o2v=2&redirect_uri=https%3A%2F%2Fcmkifdwjunojgigrqwnr.supabase.co%2Fauth%2Fv1%2Fcallback&response_type=code&scope=email+profile&service=lso&state=9a1eada4-abe2-4f90-a4b5-0170bfb03b3a&flowName=GeneralOAuthFlow&continue=https%3A%2F%2Faccounts.google.com%2Fsignin%2Foauth%2Fconsent%3Fauthuser%3Dunknown%26part%3DAJi8hAPtjHD_dc8lBJjWKca2MG2ruONqjO6823mUJm3Nn4BP-FhJG_x_KgWBuTjHj26AFFa4vta47snvGu0kxs8jQRMpv_tBuwIREKpqlu_DHwqy8-k9Lo0p2ux4bxx7qmKMYMCghSozeFoUFkjUL9E783AVIXM6Sfe-mFZ6-zKgDcxoXVAPEqoBkb_cXOM9ktJSZ07ox88fV_nYZPHUe2f8N0DvSJYEMaRZeLeVHXwtr_2hwXIawwC3_DXwnt3m9B4WgX6E0TNy7YFANp51JQH9Z7kKej4yBBC4rhN-zcs_Eil9JuYfaRVz0uugV8Jz-Th0HMFbTLcG6CICKzkO9m_PBfHW4dzLtSJ92CZx2vvHNJ-hzaLDbOe02CT2Uce3D8UhDRWgv5Nrdjj6kBQM0kTBPbp6DOz_CgGVziDoZT1xAhW5W-aDTq7ZDSkRFY5oQ1SzkxxWSQkYn4GnOYbDTIEL2Xh5_rrPA8fLEsU_Jt_swDsQLGNLfks%26flowName%3DGeneralOAuthFlow%26as%3DS20317673%253A1776504122201689%26client_id%3D818719514994-2qguqp9bgou6sa2bn3t46glqr276ndpd.apps.googleusercontent.com%26requestPath%3D%252Fsignin%252Foauth%252Fconsent%23&app_domain=https%3A%2F%2Fcmkifdwjunojgigrqwnr.supabase.co&rart=ANgoxceeye2c5ypbgEedXoML0RMO8dmsh4nBRpef00icGXH5Q8bFyRKhv2kqMFqEOPp3vIgCm5YaW3SIN87dj0GoDfk20zmtMxdEDAEaGss1PHld1BEzj9o:238
[  116234ms] [VERBOSE] [DOM] Password field is not contained in a form: (More info: https://goo.gl/9p2vKq) %o @ https://accounts.google.com/v3/signin/identifier?opparams=%253Fredirect_to%253Dhttp%25253A%25252F%25252Flocalhost%25253A3001%25252Fauth%25252Fcallback&dsh=S20317673%3A1776504122201689&client_id=818719514994-2qguqp9bgou6sa2bn3t46glqr276ndpd.apps.googleusercontent.com&o2v=2&redirect_uri=https%3A%2F%2Fcmkifdwjunojgigrqwnr.supabase.co%2Fauth%2Fv1%2Fcallback&response_type=code&scope=email+profile&service=lso&state=9a1eada4-abe2-4f90-a4b5-0170bfb03b3a&flowName=GeneralOAuthFlow&continue=https%3A%2F%2Faccounts.google.com%2Fsignin%2Foauth%2Fconsent%3Fauthuser%3Dunknown%26part%3DAJi8hAPtjHD_dc8lBJjWKca2MG2ruONqjO6823mUJm3Nn4BP-FhJG_x_KgWBuTjHj26AFFa4vta47snvGu0kxs8jQRMpv_tBuwIREKpqlu_DHwqy8-k9Lo0p2ux4bxx7qmKMYMCghSozeFoUFkjUL9E783AVIXM6Sfe-mFZ6-zKgDcxoXVAPEqoBkb_cXOM9ktJSZ07ox88fV_nYZPHUe2f8N0DvSJYEMaRZeLeVHXwtr_2hwXIawwC3_DXwnt3m9B4WgX6E0TNy7YFANp51JQH9Z7kKej4yBBC4rhN-zcs_Eil9JuYfaRVz0uugV8Jz-Th0HMFbTLcG6CICKzkO9m_PBfHW4dzLtSJ92CZx2vvHNJ-hzaLDbOe02CT2Uce3D8UhDRWgv5Nrdjj6kBQM0kTBPbp6DOz_CgGVziDoZT1xAhW5W-aDTq7ZDSkRFY5oQ1SzkxxWSQkYn4GnOYbDTIEL2Xh5_rrPA8fLEsU_Jt_swDsQLGNLfks%26flowName%3DGeneralOAuthFlow%26as%3DS20317673%253A1776504122201689%26client_id%3D818719514994-2qguqp9bgou6sa2bn3t46glqr276ndpd.apps.googleusercontent.com%26requestPath%3D%252Fsignin%252Foauth%252Fconsent%23&app_domain=https%3A%2F%2Fcmkifdwjunojgigrqwnr.supabase.co&rart=ANgoxceeye2c5ypbgEedXoML0RMO8dmsh4nBRpef00icGXH5Q8bFyRKhv2kqMFqEOPp3vIgCm5YaW3SIN87dj0GoDfk20zmtMxdEDAEaGss1PHld1BEzj9o:0
[  126588ms] [WARNING] Blocked aria-hidden on an element because its descendant retained focus. The focus must not be hidden from assistive technology users. Avoid using aria-hidden on a focused element or its ancestor. Consider using the inert attribute instead, which will also prevent focus. For more details, see the aria-hidden section of the WAI-ARIA specification at https://w3c.github.io/aria/#aria-hidden.
Element with focus: <div.sZwd7c B6Vhqe>
Ancestor with aria-hidden: <div.TdwKnf> @ https://accounts.google.com/v3/signin/identifier?opparams=%253Fredirect_to%253Dhttp%25253A%25252F%25252Flocalhost%25253A3001%25252Fauth%25252Fcallback&dsh=S20317673%3A1776504122201689&client_id=818719514994-2qguqp9bgou6sa2bn3t46glqr276ndpd.apps.googleusercontent.com&o2v=2&redirect_uri=https%3A%2F%2Fcmkifdwjunojgigrqwnr.supabase.co%2Fauth%2Fv1%2Fcallback&response_type=code&scope=email+profile&service=lso&state=9a1eada4-abe2-4f90-a4b5-0170bfb03b3a&flowName=GeneralOAuthFlow&continue=https%3A%2F%2Faccounts.google.com%2Fsignin%2Foauth%2Fconsent%3Fauthuser%3Dunknown%26part%3DAJi8hAPtjHD_dc8lBJjWKca2MG2ruONqjO6823mUJm3Nn4BP-FhJG_x_KgWBuTjHj26AFFa4vta47snvGu0kxs8jQRMpv_tBuwIREKpqlu_DHwqy8-k9Lo0p2ux4bxx7qmKMYMCghSozeFoUFkjUL9E783AVIXM6Sfe-mFZ6-zKgDcxoXVAPEqoBkb_cXOM9ktJSZ07ox88fV_nYZPHUe2f8N0DvSJYEMaRZeLeVHXwtr_2hwXIawwC3_DXwnt3m9B4WgX6E0TNy7YFANp51JQH9Z7kKej4yBBC4rhN-zcs_Eil9JuYfaRVz0uugV8Jz-Th0HMFbTLcG6CICKzkO9m_PBfHW4dzLtSJ92CZx2vvHNJ-hzaLDbOe02CT2Uce3D8UhDRWgv5Nrdjj6kBQM0kTBPbp6DOz_CgGVziDoZT1xAhW5W-aDTq7ZDSkRFY5oQ1SzkxxWSQkYn4GnOYbDTIEL2Xh5_rrPA8fLEsU_Jt_swDsQLGNLfks%26flowName%3DGeneralOAuthFlow%26as%3DS20317673%253A1776504122201689%26client_id%3D818719514994-2qguqp9bgou6sa2bn3t46glqr276ndpd.apps.googleusercontent.com%26requestPath%3D%252Fsignin%252Foauth%252Fconsent%23&app_domain=https%3A%2F%2Fcmkifdwjunojgigrqwnr.supabase.co&rart=ANgoxceeye2c5ypbgEedXoML0RMO8dmsh4nBRpef00icGXH5Q8bFyRKhv2kqMFqEOPp3vIgCm5YaW3SIN87dj0GoDfk20zmtMxdEDAEaGss1PHld1BEzj9o:0
[  127721ms] [VERBOSE] [DOM] Password field is not contained in a form: (More info: https://goo.gl/9p2vKq) %o @ https://accounts.google.com/v3/signin/challenge/pwd?TL=AIgtPP2lNhFCIIATwOtJqD7l6MqFQpPUP90AuLh5emGmM0vnDhE5dj5gEXNXf1bV&app_domain=https%3A%2F%2Fcmkifdwjunojgigrqwnr.supabase.co&checkConnection=youtube%3A574&checkedDomains=youtube&cid=2&client_id=818719514994-2qguqp9bgou6sa2bn3t46glqr276ndpd.apps.googleusercontent.com&continue=https%3A%2F%2Faccounts.google.com%2Fsignin%2Foauth%2Fconsent%3Fauthuser%3Dunknown%26part%3DAJi8hAPtjHD_dc8lBJjWKca2MG2ruONqjO6823mUJm3Nn4BP-FhJG_x_KgWBuTjHj26AFFa4vta47snvGu0kxs8jQRMpv_tBuwIREKpqlu_DHwqy8-k9Lo0p2ux4bxx7qmKMYMCghSozeFoUFkjUL9E783AVIXM6Sfe-mFZ6-zKgDcxoXVAPEqoBkb_cXOM9ktJSZ07ox88fV_nYZPHUe2f8N0DvSJYEMaRZeLeVHXwtr_2hwXIawwC3_DXwnt3m9B4WgX6E0TNy7YFANp51JQH9Z7kKej4yBBC4rhN-zcs_Eil9JuYfaRVz0uugV8Jz-Th0HMFbTLcG6CICKzkO9m_PBfHW4dzLtSJ92CZx2vvHNJ-hzaLDbOe02CT2Uce3D8UhDRWgv5Nrdjj6kBQM0kTBPbp6DOz_CgGVziDoZT1xAhW5W-aDTq7ZDSkRFY5oQ1SzkxxWSQkYn4GnOYbDTIEL2Xh5_rrPA8fLEsU_Jt_swDsQLGNLfks%26flowName%3DGeneralOAuthFlow%26as%3DS20317673%253A1776504122201689%26client_id%3D818719514994-2qguqp9bgou6sa2bn3t46glqr276ndpd.apps.googleusercontent.com%26requestPath%3D%252Fsignin%252Foauth%252Fconsent%23&dsh=S20317673%3A1776504122201689&flowName=GeneralOAuthFlow&o2v=2&opparams=%253Fredirect_to%253Dhttp%25253A%25252F%25252Flocalhost%25253A3001%25252Fauth%25252Fcallback&pstMsg=1&rart=ANgoxceeye2c5ypbgEedXoML0RMO8dmsh4nBRpef00icGXH5Q8bFyRKhv2kqMFqEOPp3vIgCm5YaW3SIN87dj0GoDfk20zmtMxdEDAEaGss1PHld1BEzj9o&redirect_uri=https%3A%2F%2Fcmkifdwjunojgigrqwnr.supabase.co%2Fauth%2Fv1%2Fcallback&response_type=code&scope=email%20profile&service=lso&state=9a1eada4-abe2-4f90-a4b5-0170bfb03b3a:0
[  158797ms] [LOG] %c%s color: red; background: yellow; font-size: 24px; OSTRZEŻENIE! @ https://www.gstatic.com/_/mss/boq-identity/_/js/k=boq-identity.OAuthUi.pl.SMR3x38iT3M.es5.O/am=nv8AAAAgAAPg____DQiiwXoGoEAAAAAAAAAAABgCAEQ/d=1/excm=_b,_tp,attributesview/ed=1/dg=0/wt=2/ujg=1/rs=AOaEmlGNOb5hQE0cBMKS7urWZAacqv3rTw/dti=1/m=_b,_tp:426
[  158797ms] [LOG] %c%s font-size: 18px; Korzystanie z tej konsoli może umożliwić hakerom podszywanie się pod Ciebie i kradzież Twoich informacji przy użyciu ataku zwanego Self-XSS.
Nie wpisuj ani nie wklejaj kodu, którego nie rozumiesz. @ https://www.gstatic.com/_/mss/boq-identity/_/js/k=boq-identity.OAuthUi.pl.SMR3x38iT3M.es5.O/am=nv8AAAAgAAPg____DQiiwXoGoEAAAAAAAAAAABgCAEQ/d=1/excm=_b,_tp,attributesview/ed=1/dg=0/wt=2/ujg=1/rs=AOaEmlGNOb5hQE0cBMKS7urWZAacqv3rTw/dti=1/m=_b,_tp:426
[  163662ms] [WARNING] Blocked aria-hidden on an element because its descendant retained focus. The focus must not be hidden from assistive technology users. Avoid using aria-hidden on a focused element or its ancestor. Consider using the inert attribute instead, which will also prevent focus. For more details, see the aria-hidden section of the WAI-ARIA specification at https://w3c.github.io/aria/#aria-hidden.
Element with focus: <div.sZwd7c B6Vhqe>
Ancestor with aria-hidden: <div.TdwKnf> @ https://accounts.google.com/signin/oauth/id?authuser=0&part=AJi8hAPkLnmHmYFJxesTPmHllX1j0IfttPf0e91UHJLdRhU1EUjCyP--E6iQdXA8RXXwBxDm-OftvOVIioZzWqgxd4bvrBsTdsDyGRMXlSvHc9aH8_x-g_21thsaJHNnoVqnd7K9btGRFb-QCqlHeV8yzuZZQ0Qw1zrUgA5kUpuH56CmgzM2lvuXVzRE03I1Wju8_CEEqAvqOlE3pmnnYvZlfebcQp0e6wFarPT0OZAtwtkNarBuWPzjCqmw93ZHuqcKpbkzAzJ0ezOfd_5UcPwPxCV6kAHgIgHGrULqEuld4mrzaxb_Td6yXUluZL7h7xQFQOnvc3LqMN5NhDFmk3e8ERGczWoA-26w62ZlMRuCmDjz0BcUPGdonLZipg7mo5oHB1dB_gLPiRQ3DMX0CHhSfEaXCRArnMV5qQqyzgZ55CXXEk-peQE3XlRCdMjz1n_VOjoR4b6UQxEfbsF0LkkZqKvOhxtrtPaqGQeZy6NO5aAPeZ5VCb3QJ-YXEulC0u80e3yIsmxyW_e02EU0_HuZGv-kXPxyFz7H4tVm5vC5Sw45k3bkcq7_zMsJmA5hh5RdTCOIBkAHOeHCE_ky5IeXYJa23-ocGO5fOmBWKSzvIbpB8byCCOXqJATtsjm4m10cDHgZq2uFgau4i4IheNYRkqkQWMBB5bVrRNrfsPyU-RSLuwANb1h4PVE0KhUX8m-MjJ_ULRxm6faexbzeTUJC9-s4nOzUbJ7u-A7zY1LA53eRU2DIYt1dPMTEUlSI1Tu-I-OtByYLytGETMLbHZphrcQSaWvFoDvZUOB48mdykUbKBH9Jw7Lmzmz9W91FHqsnF1VweyI2Kzzy9qIKYvYvZqL0J919lAX24x6e6A6dJpJrIvMxZ8A&flowName=GeneralOAuthFlow&as=S20317673%3A1776504122201689&client_id=818719514994-2qguqp9bgou6sa2bn3t46glqr276ndpd.apps.googleusercontent.com&rapt=AEjHL4OL1FpFgYV5jiDtCbdQM1xwObTSXpI4iKMB3ha-rtOMtwwQtx-3iW8M1aaB-ySzVBWZSn1UlDJOq3ly7vZKr-WLZMi112MpvOLRhdR_eig_IqwNUQ8#:0
[  167155ms] [INFO] %cDownload the React DevTools for a better development experience: https://react.dev/link/react-devtools font-weight:bold @ http://localhost:3001/_next/static/chunks/76305_next_dist_8e39db7d._.js:2298
[  167247ms] [LOG] [HMR] connected @ http://localhost:3001/_next/static/chunks/76305_next_dist_8e39db7d._.js:2298
[  167254ms] [ERROR] Cannot render a sync or defer <script> outside the main document without knowing its order. Try adding async="" or moving it into the root <head> tag. @ http://localhost:3001/_next/static/chunks/76305_next_dist_8e39db7d._.js:3128
[  167254ms] [ERROR] In HTML, %s cannot be a child of <%s>.%s
This will cause a hydration error.%s <script> html  

  ...
    <HotReload globalError={[...]} webSocket={WebSocket} staticIndicatorState={{pathname:null, ...}}>
      <AppDevOverlayErrorBoundary globalError={[...]}>
        <ReplaySsrOnlyErrors>
        <DevRootHTTPAccessFallbackBoundary>
          <HTTPAccessFallbackBoundary notFound={<NotAllowedRootHTTPFallbackError>}>
            <HTTPAccessFallbackErrorBoundary pathname="/" notFound={<NotAllowedRootHTTPFallbackError>} ...>
              <RedirectBoundary>
                <RedirectErrorBoundary router={{...}}>
                  <Head>
                  <__next_root_layout_boundary__>
                    <SegmentViewNode type="layout" pagePath="layout.tsx">
                      <SegmentTrieNode>
                      <link>
                      <script>
                      <script>
                      <script>
                      <RootLayout>
>                       <html
>                         lang="en"
>                         suppressHydrationWarning={true}
>                         className="h-full antialiased geist_a71539c9-module__T19VSG__variable geist_mono_8d43a2aa-mo..."
>                       >
>                         <script dangerouslySetInnerHTML={{__html:"(function(..."}}>
                          ...
                  ...
 @ http://localhost:3001/_next/static/chunks/76305_next_dist_8e39db7d._.js:3128
[  226427ms] [LOG] [Fast Refresh] rebuilding @ http://localhost:3001/_next/static/chunks/76305_next_dist_8e39db7d._.js:2298
[  226490ms] [LOG] [Fast Refresh] done in 120ms @ http://localhost:3001/_next/static/chunks/76305_next_dist_8e39db7d._.js:2298
[  405751ms] [LOG] [Fast Refresh] rebuilding @ http://localhost:3001/_next/static/chunks/76305_next_dist_8e39db7d._.js:2298
[  405998ms] [LOG] [Fast Refresh] done in 324ms @ http://localhost:3001/_next/static/chunks/76305_next_dist_8e39db7d._.js:2298
[  406806ms] [LOG] [Fast Refresh] rebuilding @ http://localhost:3001/_next/static/chunks/76305_next_dist_8e39db7d._.js:2298
[  406930ms] [LOG] [Fast Refresh] done in 224ms @ http://localhost:3001/_next/static/chunks/76305_next_dist_8e39db7d._.js:2298
[  440046ms] [LOG] [Fast Refresh] rebuilding @ http://localhost:3001/_next/static/chunks/76305_next_dist_8e39db7d._.js:2298
[  440108ms] [LOG] [Fast Refresh] done in 76ms @ http://localhost:3001/_next/static/chunks/76305_next_dist_8e39db7d._.js:2298
[  478531ms] [LOG] [Fast Refresh] rebuilding @ http://localhost:3001/_next/static/chunks/76305_next_dist_8e39db7d._.js:2298
[  478593ms] [LOG] [Fast Refresh] done in 102ms @ http://localhost:3001/_next/static/chunks/76305_next_dist_8e39db7d._.js:2298
[  486644ms] [LOG] [Fast Refresh] rebuilding @ http://localhost:3001/_next/static/chunks/76305_next_dist_8e39db7d._.js:2298
[  486660ms] [LOG] [Fast Refresh] done in 118ms @ http://localhost:3001/_next/static/chunks/76305_next_dist_8e39db7d._.js:2298
[  492700ms] [LOG] [Fast Refresh] rebuilding @ http://localhost:3001/_next/static/chunks/76305_next_dist_8e39db7d._.js:2298
[  492720ms] [LOG] [Fast Refresh] done in 104ms @ http://localhost:3001/_next/static/chunks/76305_next_dist_8e39db7d._.js:2298
[  513379ms] [LOG] [Fast Refresh] rebuilding @ http://localhost:3001/_next/static/chunks/76305_next_dist_8e39db7d._.js:2298
[  513441ms] [LOG] [Fast Refresh] done in 128ms @ http://localhost:3001/_next/static/chunks/76305_next_dist_8e39db7d._.js:2298
[  514251ms] [LOG] [Fast Refresh] rebuilding @ http://localhost:3001/_next/static/chunks/76305_next_dist_8e39db7d._.js:2298
[  514335ms] [LOG] [Fast Refresh] done in 187ms @ http://localhost:3001/_next/static/chunks/76305_next_dist_8e39db7d._.js:2298
[ 1030564ms] [LOG] [Fast Refresh] rebuilding @ http://localhost:3001/_next/static/chunks/76305_next_dist_8e39db7d._.js:2298
[ 1030565ms] [LOG] [Fast Refresh] done in 109ms @ http://localhost:3001/_next/static/chunks/76305_next_dist_8e39db7d._.js:2298
[ 1043733ms] [LOG] [Fast Refresh] rebuilding @ http://localhost:3001/_next/static/chunks/76305_next_dist_8e39db7d._.js:2298
[ 1043734ms] [LOG] [Fast Refresh] done in 105ms @ http://localhost:3001/_next/static/chunks/76305_next_dist_8e39db7d._.js:2298
[ 1045543ms] [LOG] [Fast Refresh] rebuilding @ http://localhost:3001/_next/static/chunks/76305_next_dist_8e39db7d._.js:2298
[ 1045793ms] [LOG] [Fast Refresh] done in 364ms @ http://localhost:3001/_next/static/chunks/76305_next_dist_8e39db7d._.js:2298
[ 1049517ms] [LOG] [Fast Refresh] rebuilding @ http://localhost:3001/_next/static/chunks/76305_next_dist_8e39db7d._.js:2298
[ 1049519ms] [LOG] [Fast Refresh] done in 109ms @ http://localhost:3001/_next/static/chunks/76305_next_dist_8e39db7d._.js:2298
[ 1075970ms] [LOG] [Fast Refresh] rebuilding @ http://localhost:3001/_next/static/chunks/76305_next_dist_8e39db7d._.js:2298
[ 1076034ms] [LOG] [Fast Refresh] done in 93ms @ http://localhost:3001/_next/static/chunks/76305_next_dist_8e39db7d._.js:2298
[ 1093922ms] [LOG] [Fast Refresh] rebuilding @ http://localhost:3001/_next/static/chunks/76305_next_dist_8e39db7d._.js:2298
[ 1093923ms] [LOG] [Fast Refresh] done in 108ms @ http://localhost:3001/_next/static/chunks/76305_next_dist_8e39db7d._.js:2298
[ 1094431ms] [LOG] [Fast Refresh] rebuilding @ http://localhost:3001/_next/static/chunks/76305_next_dist_8e39db7d._.js:2298
[ 1094485ms] [LOG] [Fast Refresh] done in 99ms @ http://localhost:3001/_next/static/chunks/76305_next_dist_8e39db7d._.js:2298
[ 1128467ms] [LOG] [Fast Refresh] rebuilding @ http://localhost:3001/_next/static/chunks/76305_next_dist_8e39db7d._.js:2298
[ 1128528ms] [LOG] [Fast Refresh] done in 168ms @ http://localhost:3001/_next/static/chunks/76305_next_dist_8e39db7d._.js:2298
[ 1135391ms] [LOG] [Fast Refresh] rebuilding @ http://localhost:3001/_next/static/chunks/76305_next_dist_8e39db7d._.js:2298
[ 1135486ms] [LOG] [Fast Refresh] done in 199ms @ http://localhost:3001/_next/static/chunks/76305_next_dist_8e39db7d._.js:2298
[ 1148558ms] [LOG] [Fast Refresh] rebuilding @ http://localhost:3001/_next/static/chunks/76305_next_dist_8e39db7d._.js:2298
[ 1148637ms] [LOG] [Fast Refresh] done in 184ms @ http://localhost:3001/_next/static/chunks/76305_next_dist_8e39db7d._.js:2298
[ 1168694ms] [LOG] [Fast Refresh] rebuilding @ http://localhost:3001/_next/static/chunks/76305_next_dist_8e39db7d._.js:2298
[ 1168756ms] [LOG] [Fast Refresh] done in 168ms @ http://localhost:3001/_next/static/chunks/76305_next_dist_8e39db7d._.js:2298
[ 1176055ms] [LOG] [Fast Refresh] rebuilding @ http://localhost:3001/_next/static/chunks/76305_next_dist_8e39db7d._.js:2298
[ 1176259ms] [LOG] [Fast Refresh] done in 315ms @ http://localhost:3001/_next/static/chunks/76305_next_dist_8e39db7d._.js:2298
[ 1178588ms] [LOG] [Fast Refresh] rebuilding @ http://localhost:3001/_next/static/chunks/76305_next_dist_8e39db7d._.js:2298
[ 1178727ms] [LOG] [Fast Refresh] done in 242ms @ http://localhost:3001/_next/static/chunks/76305_next_dist_8e39db7d._.js:2298
[ 1185370ms] [LOG] [Fast Refresh] rebuilding @ http://localhost:3001/_next/static/chunks/76305_next_dist_8e39db7d._.js:2298
[ 1185448ms] [LOG] [Fast Refresh] done in 183ms @ http://localhost:3001/_next/static/chunks/76305_next_dist_8e39db7d._.js:2298
[ 1189269ms] [LOG] [Fast Refresh] rebuilding @ http://localhost:3001/_next/static/chunks/76305_next_dist_8e39db7d._.js:2298
[ 1189797ms] [LOG] [Fast Refresh] done in 636ms @ http://localhost:3001/_next/static/chunks/76305_next_dist_8e39db7d._.js:2298
[ 1190835ms] [LOG] [Fast Refresh] rebuilding @ http://localhost:3001/_next/static/chunks/76305_next_dist_8e39db7d._.js:2298
[ 1191087ms] [LOG] [Fast Refresh] done in 362ms @ http://localhost:3001/_next/static/chunks/76305_next_dist_8e39db7d._.js:2298
[ 1193701ms] [LOG] [Fast Refresh] rebuilding @ http://localhost:3001/_next/static/chunks/76305_next_dist_8e39db7d._.js:2298
[ 1193871ms] [LOG] [Fast Refresh] done in 277ms @ http://localhost:3001/_next/static/chunks/76305_next_dist_8e39db7d._.js:2298
[ 1194696ms] [LOG] [Fast Refresh] rebuilding @ http://localhost:3001/_next/static/chunks/76305_next_dist_8e39db7d._.js:2298
[ 1194707ms] [LOG] [Fast Refresh] done in 117ms @ http://localhost:3001/_next/static/chunks/76305_next_dist_8e39db7d._.js:2298
[ 1195550ms] [LOG] [Fast Refresh] rebuilding @ http://localhost:3001/_next/static/chunks/76305_next_dist_8e39db7d._.js:2298
[ 1195558ms] [LOG] [Fast Refresh] done in 109ms @ http://localhost:3001/_next/static/chunks/76305_next_dist_8e39db7d._.js:2298
[ 1197389ms] [LOG] [Fast Refresh] rebuilding @ http://localhost:3001/_next/static/chunks/76305_next_dist_8e39db7d._.js:2298
[ 1197437ms] [LOG] [Fast Refresh] done in 153ms @ http://localhost:3001/_next/static/chunks/76305_next_dist_8e39db7d._.js:2298
[ 1201521ms] [LOG] [Fast Refresh] rebuilding @ http://localhost:3001/_next/static/chunks/76305_next_dist_8e39db7d._.js:2298
[ 1201530ms] [LOG] [Fast Refresh] done in 116ms @ http://localhost:3001/_next/static/chunks/76305_next_dist_8e39db7d._.js:2298
[ 1203990ms] [LOG] [Fast Refresh] rebuilding @ http://localhost:3001/_next/static/chunks/76305_next_dist_8e39db7d._.js:2298
[ 1204022ms] [LOG] [Fast Refresh] done in 133ms @ http://localhost:3001/_next/static/chunks/76305_next_dist_8e39db7d._.js:2298
[ 1206539ms] [LOG] [Fast Refresh] rebuilding @ http://localhost:3001/_next/static/chunks/76305_next_dist_8e39db7d._.js:2298
[ 1206540ms] [LOG] [Fast Refresh] done in 105ms @ http://localhost:3001/_next/static/chunks/76305_next_dist_8e39db7d._.js:2298
[ 1206795ms] [LOG] [Fast Refresh] rebuilding @ http://localhost:3001/_next/static/chunks/76305_next_dist_8e39db7d._.js:2298
[ 1206892ms] [LOG] [Fast Refresh] done in 198ms @ http://localhost:3001/_next/static/chunks/76305_next_dist_8e39db7d._.js:2298
[ 1208634ms] [LOG] [Fast Refresh] rebuilding @ http://localhost:3001/_next/static/chunks/76305_next_dist_8e39db7d._.js:2298
[ 1209696ms] [LOG] [Fast Refresh] done in 1138ms @ http://localhost:3001/_next/static/chunks/76305_next_dist_8e39db7d._.js:2298
[ 1210223ms] [LOG] [Fast Refresh] rebuilding @ http://localhost:3001/_next/static/chunks/76305_next_dist_8e39db7d._.js:2298
[ 1210675ms] [LOG] [Fast Refresh] done in 562ms @ http://localhost:3001/_next/static/chunks/76305_next_dist_8e39db7d._.js:2298
[ 1210790ms] [LOG] [Fast Refresh] rebuilding @ http://localhost:3001/_next/static/chunks/76305_next_dist_8e39db7d._.js:2298
[ 1211261ms] [LOG] [Fast Refresh] done in 572ms @ http://localhost:3001/_next/static/chunks/76305_next_dist_8e39db7d._.js:2298
[ 1211418ms] [LOG] [Fast Refresh] rebuilding @ http://localhost:3001/_next/static/chunks/76305_next_dist_8e39db7d._.js:2298
[ 1211478ms] [LOG] [Fast Refresh] done in 170ms @ http://localhost:3001/_next/static/chunks/76305_next_dist_8e39db7d._.js:2298
[ 1212811ms] [INFO] %cDownload the React DevTools for a better development experience: https://react.dev/link/react-devtools font-weight:bold @ http://localhost:3001/_next/static/chunks/76305_next_dist_8e39db7d._.js:2298
[ 1212876ms] [LOG] [HMR] connected @ http://localhost:3001/_next/static/chunks/76305_next_dist_8e39db7d._.js:2298
[ 1212912ms] [ERROR] Cannot render a sync or defer <script> outside the main document without knowing its order. Try adding async="" or moving it into the root <head> tag. @ http://localhost:3001/_next/static/chunks/76305_next_dist_8e39db7d._.js:3128
[ 1212913ms] [ERROR] In HTML, %s cannot be a child of <%s>.%s
This will cause a hydration error.%s <script> html  

  ...
    <HotReload globalError={[...]} webSocket={WebSocket} staticIndicatorState={{pathname:null, ...}}>
      <AppDevOverlayErrorBoundary globalError={[...]}>
        <ReplaySsrOnlyErrors>
        <DevRootHTTPAccessFallbackBoundary>
          <HTTPAccessFallbackBoundary notFound={<NotAllowedRootHTTPFallbackError>}>
            <HTTPAccessFallbackErrorBoundary pathname="/" notFound={<NotAllowedRootHTTPFallbackError>} ...>
              <RedirectBoundary>
                <RedirectErrorBoundary router={{...}}>
                  <Head>
                  <__next_root_layout_boundary__>
                    <SegmentViewNode type="layout" pagePath="layout.tsx">
                      <SegmentTrieNode>
                      <link>
                      <script>
                      <script>
                      <script>
                      <RootLayout>
>                       <html
>                         lang="en"
>                         suppressHydrationWarning={true}
>                         className="h-full antialiased geist_a71539c9-module__T19VSG__variable geist_mono_8d43a2aa-mo..."
>                       >
>                         <script dangerouslySetInnerHTML={{__html:"(function(..."}}>
                          ...
                  ...
 @ http://localhost:3001/_next/static/chunks/76305_next_dist_8e39db7d._.js:3128
[ 1212975ms] [ERROR] Cannot render a sync or defer <script> outside the main document without knowing its order. Try adding async="" or moving it into the root <head> tag. @ http://localhost:3001/_next/static/chunks/76305_next_dist_8e39db7d._.js:3128
[ 1246845ms] [LOG] [Fast Refresh] rebuilding @ http://localhost:3001/_next/static/chunks/76305_next_dist_8e39db7d._.js:2298
[ 1246850ms] [LOG] [Fast Refresh] done in 116ms @ http://localhost:3001/_next/static/chunks/76305_next_dist_8e39db7d._.js:2298
[ 1251100ms] [LOG] [Fast Refresh] rebuilding @ http://localhost:3001/_next/static/chunks/76305_next_dist_8e39db7d._.js:2298
[ 1251303ms] [LOG] [Fast Refresh] done in 306ms @ http://localhost:3001/_next/static/chunks/76305_next_dist_8e39db7d._.js:2298
[ 1257018ms] [LOG] [Fast Refresh] rebuilding @ http://localhost:3001/_next/static/chunks/76305_next_dist_8e39db7d._.js:2298
[ 1257592ms] [LOG] [Fast Refresh] done in 672ms @ http://localhost:3001/_next/static/chunks/76305_next_dist_8e39db7d._.js:2298
[ 1258424ms] [LOG] [Fast Refresh] rebuilding @ http://localhost:3001/_next/static/chunks/76305_next_dist_8e39db7d._.js:2298
[ 1258945ms] [LOG] [Fast Refresh] done in 629ms @ http://localhost:3001/_next/static/chunks/76305_next_dist_8e39db7d._.js:2298
[ 1260674ms] [LOG] [Fast Refresh] rebuilding @ http://localhost:3001/_next/static/chunks/76305_next_dist_8e39db7d._.js:2298
[ 1260681ms] [LOG] [Fast Refresh] done in 108ms @ http://localhost:3001/_next/static/chunks/76305_next_dist_8e39db7d._.js:2298
[ 1262760ms] [LOG] [Fast Refresh] rebuilding @ http://localhost:3001/_next/static/chunks/76305_next_dist_8e39db7d._.js:2298
[ 1263062ms] [LOG] [Fast Refresh] done in 392ms @ http://localhost:3001/_next/static/chunks/76305_next_dist_8e39db7d._.js:2298
[ 1263232ms] [LOG] [Fast Refresh] rebuilding @ http://localhost:3001/_next/static/chunks/76305_next_dist_8e39db7d._.js:2298
[ 1263400ms] [LOG] [Fast Refresh] done in 270ms @ http://localhost:3001/_next/static/chunks/76305_next_dist_8e39db7d._.js:2298
[ 1264241ms] [LOG] [Fast Refresh] rebuilding @ http://localhost:3001/_next/static/chunks/76305_next_dist_8e39db7d._.js:2298
[ 1264255ms] [LOG] [Fast Refresh] done in 117ms @ http://localhost:3001/_next/static/chunks/76305_next_dist_8e39db7d._.js:2298
[ 1266308ms] [LOG] [Fast Refresh] rebuilding @ http://localhost:3001/_next/static/chunks/76305_next_dist_8e39db7d._.js:2298
[ 1266314ms] [LOG] [Fast Refresh] done in 109ms @ http://localhost:3001/_next/static/chunks/76305_next_dist_8e39db7d._.js:2298
[ 1266991ms] [LOG] [Fast Refresh] rebuilding @ http://localhost:3001/_next/static/chunks/76305_next_dist_8e39db7d._.js:2298
[ 1267006ms] [LOG] [Fast Refresh] done in 116ms @ http://localhost:3001/_next/static/chunks/76305_next_dist_8e39db7d._.js:2298
[ 1267736ms] [LOG] [Fast Refresh] rebuilding @ http://localhost:3001/_next/static/chunks/76305_next_dist_8e39db7d._.js:2298
[ 1267754ms] [LOG] [Fast Refresh] done in 128ms @ http://localhost:3001/_next/static/chunks/76305_next_dist_8e39db7d._.js:2298
[ 1268512ms] [LOG] [Fast Refresh] rebuilding @ http://localhost:3001/_next/static/chunks/76305_next_dist_8e39db7d._.js:2298
[ 1268519ms] [LOG] [Fast Refresh] done in 110ms @ http://localhost:3001/_next/static/chunks/76305_next_dist_8e39db7d._.js:2298
[ 1269270ms] [LOG] [Fast Refresh] rebuilding @ http://localhost:3001/_next/static/chunks/76305_next_dist_8e39db7d._.js:2298
[ 1269271ms] [LOG] [Fast Refresh] done in 103ms @ http://localhost:3001/_next/static/chunks/76305_next_dist_8e39db7d._.js:2298
[ 1271245ms] [LOG] [Fast Refresh] rebuilding @ http://localhost:3001/_next/static/chunks/76305_next_dist_8e39db7d._.js:2298
[ 1271382ms] [LOG] [Fast Refresh] done in 240ms @ http://localhost:3001/_next/static/chunks/76305_next_dist_8e39db7d._.js:2298
[ 1272924ms] [LOG] [Fast Refresh] rebuilding @ http://localhost:3001/_next/static/chunks/76305_next_dist_8e39db7d._.js:2298
[ 1272928ms] [LOG] [Fast Refresh] done in 111ms @ http://localhost:3001/_next/static/chunks/76305_next_dist_8e39db7d._.js:2298
[ 1273694ms] [LOG] [Fast Refresh] rebuilding @ http://localhost:3001/_next/static/chunks/76305_next_dist_8e39db7d._.js:2298
[ 1273703ms] [LOG] [Fast Refresh] done in 110ms @ http://localhost:3001/_next/static/chunks/76305_next_dist_8e39db7d._.js:2298
[ 1274385ms] [LOG] [Fast Refresh] rebuilding @ http://localhost:3001/_next/static/chunks/76305_next_dist_8e39db7d._.js:2298
[ 1274402ms] [LOG] [Fast Refresh] done in 125ms @ http://localhost:3001/_next/static/chunks/76305_next_dist_8e39db7d._.js:2298
[ 1275927ms] [LOG] [Fast Refresh] rebuilding @ http://localhost:3001/_next/static/chunks/76305_next_dist_8e39db7d._.js:2298
[ 1275933ms] [LOG] [Fast Refresh] done in 108ms @ http://localhost:3001/_next/static/chunks/76305_next_dist_8e39db7d._.js:2298
[ 1276615ms] [LOG] [Fast Refresh] rebuilding @ http://localhost:3001/_next/static/chunks/76305_next_dist_8e39db7d._.js:2298
[ 1276644ms] [LOG] [Fast Refresh] done in 131ms @ http://localhost:3001/_next/static/chunks/76305_next_dist_8e39db7d._.js:2298
[ 1286016ms] [LOG] [Fast Refresh] rebuilding @ http://localhost:3001/_next/static/chunks/76305_next_dist_8e39db7d._.js:2298
[ 1286017ms] [LOG] [Fast Refresh] done in 102ms @ http://localhost:3001/_next/static/chunks/76305_next_dist_8e39db7d._.js:2298
[ 1286826ms] [LOG] [Fast Refresh] rebuilding @ http://localhost:3001/_next/static/chunks/76305_next_dist_8e39db7d._.js:2298
[ 1287009ms] [LOG] [Fast Refresh] done in 292ms @ http://localhost:3001/_next/static/chunks/76305_next_dist_8e39db7d._.js:2298
[ 1287674ms] [LOG] [Fast Refresh] rebuilding @ http://localhost:3001/_next/static/chunks/76305_next_dist_8e39db7d._.js:2298
[ 1287685ms] [LOG] [Fast Refresh] done in 112ms @ http://localhost:3001/_next/static/chunks/76305_next_dist_8e39db7d._.js:2298
[ 1288409ms] [LOG] [Fast Refresh] rebuilding @ http://localhost:3001/_next/static/chunks/76305_next_dist_8e39db7d._.js:2298
[ 1288416ms] [LOG] [Fast Refresh] done in 110ms @ http://localhost:3001/_next/static/chunks/76305_next_dist_8e39db7d._.js:2298
[ 1290472ms] [LOG] [Fast Refresh] rebuilding @ http://localhost:3001/_next/static/chunks/76305_next_dist_8e39db7d._.js:2298
[ 1290593ms] [LOG] [Fast Refresh] done in 223ms @ http://localhost:3001/_next/static/chunks/76305_next_dist_8e39db7d._.js:2298
[ 1294506ms] [LOG] [Fast Refresh] rebuilding @ http://localhost:3001/_next/static/chunks/76305_next_dist_8e39db7d._.js:2298
[ 1294650ms] [LOG] [Fast Refresh] done in 235ms @ http://localhost:3001/_next/static/chunks/76305_next_dist_8e39db7d._.js:2298
[ 1302046ms] [LOG] [Fast Refresh] rebuilding @ http://localhost:3001/_next/static/chunks/76305_next_dist_8e39db7d._.js:2298
[ 1302578ms] [LOG] [Fast Refresh] done in 613ms @ http://localhost:3001/_next/static/chunks/76305_next_dist_8e39db7d._.js:2298
[ 1319597ms] [LOG] [Fast Refresh] rebuilding @ http://localhost:3001/_next/static/chunks/76305_next_dist_8e39db7d._.js:2298
[ 1319706ms] [LOG] [Fast Refresh] done in 211ms @ http://localhost:3001/_next/static/chunks/76305_next_dist_8e39db7d._.js:2298
[ 1322046ms] [LOG] [Fast Refresh] rebuilding @ http://localhost:3001/_next/static/chunks/76305_next_dist_8e39db7d._.js:2298
[ 1322141ms] [LOG] [Fast Refresh] done in 200ms @ http://localhost:3001/_next/static/chunks/76305_next_dist_8e39db7d._.js:2298
[ 1329038ms] [LOG] [Fast Refresh] rebuilding @ http://localhost:3001/_next/static/chunks/76305_next_dist_8e39db7d._.js:2298
[ 1329135ms] [LOG] [Fast Refresh] done in 210ms @ http://localhost:3001/_next/static/chunks/76305_next_dist_8e39db7d._.js:2298
[ 1334578ms] [LOG] [Fast Refresh] rebuilding @ http://localhost:3001/_next/static/chunks/76305_next_dist_8e39db7d._.js:2298
[ 1334643ms] [LOG] [Fast Refresh] done in 170ms @ http://localhost:3001/_next/static/chunks/76305_next_dist_8e39db7d._.js:2298
[ 1340622ms] [LOG] [Fast Refresh] rebuilding @ http://localhost:3001/_next/static/chunks/76305_next_dist_8e39db7d._.js:2298
[ 1340702ms] [LOG] [Fast Refresh] done in 183ms @ http://localhost:3001/_next/static/chunks/76305_next_dist_8e39db7d._.js:2298
[ 1391874ms] [LOG] [Fast Refresh] rebuilding @ http://localhost:3001/_next/static/chunks/76305_next_dist_8e39db7d._.js:2298
[ 1391969ms] [LOG] [Fast Refresh] done in 198ms @ http://localhost:3001/_next/static/chunks/76305_next_dist_8e39db7d._.js:2298
[ 1392782ms] [LOG] [Fast Refresh] rebuilding @ http://localhost:3001/_next/static/chunks/76305_next_dist_8e39db7d._.js:2298
[ 1392892ms] [LOG] [Fast Refresh] done in 218ms @ http://localhost:3001/_next/static/chunks/76305_next_dist_8e39db7d._.js:2298
[ 1411440ms] [LOG] [Fast Refresh] rebuilding @ http://localhost:3001/_next/static/chunks/76305_next_dist_8e39db7d._.js:2298
[ 1411581ms] [LOG] [Fast Refresh] done in 242ms @ http://localhost:3001/_next/static/chunks/76305_next_dist_8e39db7d._.js:2298
[ 1418685ms] [LOG] [Fast Refresh] rebuilding @ http://localhost:3001/_next/static/chunks/76305_next_dist_8e39db7d._.js:2298
[ 1418763ms] [LOG] [Fast Refresh] done in 183ms @ http://localhost:3001/_next/static/chunks/76305_next_dist_8e39db7d._.js:2298
[ 1423765ms] [LOG] [Fast Refresh] rebuilding @ http://localhost:3001/_next/static/chunks/76305_next_dist_8e39db7d._.js:2298
[ 1423874ms] [LOG] [Fast Refresh] done in 215ms @ http://localhost:3001/_next/static/chunks/76305_next_dist_8e39db7d._.js:2298
[ 1431471ms] [LOG] [Fast Refresh] rebuilding @ http://localhost:3001/_next/static/chunks/76305_next_dist_8e39db7d._.js:2298
[ 1431575ms] [LOG] [Fast Refresh] done in 206ms @ http://localhost:3001/_next/static/chunks/76305_next_dist_8e39db7d._.js:2298
[ 1431755ms] [LOG] [Fast Refresh] rebuilding @ http://localhost:3001/_next/static/chunks/76305_next_dist_8e39db7d._.js:2298
[ 1431833ms] [LOG] [Fast Refresh] done in 183ms @ http://localhost:3001/_next/static/chunks/76305_next_dist_8e39db7d._.js:2298
[ 1431989ms] [LOG] [Fast Refresh] rebuilding @ http://localhost:3001/_next/static/chunks/76305_next_dist_8e39db7d._.js:2298
[ 1432053ms] [LOG] [Fast Refresh] done in 167ms @ http://localhost:3001/_next/static/chunks/76305_next_dist_8e39db7d._.js:2298
[ 1441221ms] [LOG] [Fast Refresh] rebuilding @ http://localhost:3001/_next/static/chunks/76305_next_dist_8e39db7d._.js:2298
[ 1441285ms] [LOG] [Fast Refresh] done in 169ms @ http://localhost:3001/_next/static/chunks/76305_next_dist_8e39db7d._.js:2298
[ 1506428ms] [LOG] [Fast Refresh] rebuilding @ http://localhost:3001/_next/static/chunks/76305_next_dist_8e39db7d._.js:2298
[ 1506491ms] [LOG] [Fast Refresh] done in 76ms @ http://localhost:3001/_next/static/chunks/76305_next_dist_8e39db7d._.js:2298
[ 1659046ms] [LOG] [Fast Refresh] rebuilding @ http://localhost:3001/_next/static/chunks/76305_next_dist_8e39db7d._.js:2298
[ 1659109ms] [LOG] [Fast Refresh] done in 112ms @ http://localhost:3001/_next/static/chunks/76305_next_dist_8e39db7d._.js:2298
[ 1781051ms] [LOG] [Fast Refresh] rebuilding @ http://localhost:3001/_next/static/chunks/76305_next_dist_8e39db7d._.js:2298
[ 1781068ms] [LOG] [Fast Refresh] done in 124ms @ http://localhost:3001/_next/static/chunks/76305_next_dist_8e39db7d._.js:2298
[ 1966167ms] [LOG] [Fast Refresh] rebuilding @ http://localhost:3001/_next/static/chunks/76305_next_dist_8e39db7d._.js:2298
[ 1966229ms] [LOG] [Fast Refresh] done in 91ms @ http://localhost:3001/_next/static/chunks/76305_next_dist_8e39db7d._.js:2298
[ 2114801ms] [LOG] [Fast Refresh] rebuilding @ http://localhost:3001/_next/static/chunks/76305_next_dist_8e39db7d._.js:2298
[ 2114801ms] [LOG] [Fast Refresh] done in 110ms @ http://localhost:3001/_next/static/chunks/76305_next_dist_8e39db7d._.js:2298
[ 2333856ms] [LOG] [Fast Refresh] rebuilding @ http://localhost:3001/_next/static/chunks/76305_next_dist_8e39db7d._.js:2298
[ 2333873ms] [LOG] [Fast Refresh] done in 125ms @ http://localhost:3001/_next/static/chunks/76305_next_dist_8e39db7d._.js:2298
[ 2513156ms] [LOG] [Fast Refresh] rebuilding @ http://localhost:3001/_next/static/chunks/76305_next_dist_8e39db7d._.js:2298
[ 2513334ms] [LOG] [Fast Refresh] done in 286ms @ http://localhost:3001/_next/static/chunks/76305_next_dist_8e39db7d._.js:2298
[ 2514744ms] [INFO] %cDownload the React DevTools for a better development experience: https://react.dev/link/react-devtools font-weight:bold @ http://localhost:3001/_next/static/chunks/76305_next_dist_8e39db7d._.js:2298
[ 2514787ms] [LOG] [HMR] connected @ http://localhost:3001/_next/static/chunks/76305_next_dist_8e39db7d._.js:2298
[ 2514795ms] [ERROR] Cannot render a sync or defer <script> outside the main document without knowing its order. Try adding async="" or moving it into the root <head> tag. @ http://localhost:3001/_next/static/chunks/76305_next_dist_8e39db7d._.js:3128
[ 2514796ms] [ERROR] In HTML, %s cannot be a child of <%s>.%s
This will cause a hydration error.%s <script> html  

  ...
    <HotReload globalError={[...]} webSocket={WebSocket} staticIndicatorState={{pathname:null, ...}}>
      <AppDevOverlayErrorBoundary globalError={[...]}>
        <ReplaySsrOnlyErrors>
        <DevRootHTTPAccessFallbackBoundary>
          <HTTPAccessFallbackBoundary notFound={<NotAllowedRootHTTPFallbackError>}>
            <HTTPAccessFallbackErrorBoundary pathname="/" notFound={<NotAllowedRootHTTPFallbackError>} ...>
              <RedirectBoundary>
                <RedirectErrorBoundary router={{...}}>
                  <Head>
                  <__next_root_layout_boundary__>
                    <SegmentViewNode type="layout" pagePath="layout.tsx">
                      <SegmentTrieNode>
                      <link>
                      <script>
                      <script>
                      <script>
                      <RootLayout>
>                       <html
>                         lang="en"
>                         suppressHydrationWarning={true}
>                         className="h-full antialiased geist_a71539c9-module__T19VSG__variable geist_mono_8d43a2aa-mo..."
>                       >
>                         <script dangerouslySetInnerHTML={{__html:"(function(..."}}>
                          ...
                  ...
 @ http://localhost:3001/_next/static/chunks/76305_next_dist_8e39db7d._.js:3128
[ 2521861ms] [LOG] [Fast Refresh] rebuilding @ http://localhost:3001/_next/static/chunks/76305_next_dist_8e39db7d._.js:2298
[ 2522778ms] [LOG] [Fast Refresh] done in 1031ms @ http://localhost:3001/_next/static/chunks/76305_next_dist_8e39db7d._.js:2298
[ 2523570ms] [LOG] [Fast Refresh] rebuilding @ http://localhost:3001/_next/static/chunks/76305_next_dist_8e39db7d._.js:2298
[ 2523586ms] [LOG] [Fast Refresh] done in 116ms @ http://localhost:3001/_next/static/chunks/76305_next_dist_8e39db7d._.js:2298
[ 2580961ms] [LOG] [Fast Refresh] rebuilding @ http://localhost:3001/_next/static/chunks/76305_next_dist_8e39db7d._.js:2298
[ 2581012ms] [LOG] [Fast Refresh] done in 51ms @ http://localhost:3001/_next/static/chunks/76305_next_dist_8e39db7d._.js:2298
[ 2586902ms] [LOG] [Fast Refresh] rebuilding @ http://localhost:3001/_next/static/chunks/76305_next_dist_8e39db7d._.js:2298
[ 2586903ms] [LOG] [Fast Refresh] done in 104ms @ http://localhost:3001/_next/static/chunks/76305_next_dist_8e39db7d._.js:2298
[ 2596611ms] [LOG] [Fast Refresh] rebuilding @ http://localhost:3001/_next/static/chunks/76305_next_dist_8e39db7d._.js:2298
[ 2596628ms] [LOG] [Fast Refresh] done in 122ms @ http://localhost:3001/_next/static/chunks/76305_next_dist_8e39db7d._.js:2298
[ 2629021ms] [LOG] [Fast Refresh] rebuilding @ http://localhost:3001/_next/static/chunks/76305_next_dist_8e39db7d._.js:2298
[ 2629022ms] [LOG] [Fast Refresh] done in 108ms @ http://localhost:3001/_next/static/chunks/76305_next_dist_8e39db7d._.js:2298
[ 2663927ms] [INFO] %cDownload the React DevTools for a better development experience: https://react.dev/link/react-devtools font-weight:bold @ http://localhost:3001/_next/static/chunks/76305_next_dist_8e39db7d._.js:2298
[ 2663944ms] [LOG] [HMR] connected @ http://localhost:3001/_next/static/chunks/76305_next_dist_8e39db7d._.js:2298
[ 2663948ms] [ERROR] Cannot render a sync or defer <script> outside the main document without knowing its order. Try adding async="" or moving it into the root <head> tag. @ http://localhost:3001/_next/static/chunks/76305_next_dist_8e39db7d._.js:3128
[ 2663948ms] [ERROR] In HTML, %s cannot be a child of <%s>.%s
This will cause a hydration error.%s <script> html  

  ...
    <HotReload globalError={[...]} webSocket={WebSocket} staticIndicatorState={{pathname:null, ...}}>
      <AppDevOverlayErrorBoundary globalError={[...]}>
        <ReplaySsrOnlyErrors>
        <DevRootHTTPAccessFallbackBoundary>
          <HTTPAccessFallbackBoundary notFound={<NotAllowedRootHTTPFallbackError>}>
            <HTTPAccessFallbackErrorBoundary pathname="/settings" notFound={<NotAllowedRootHTTPFallbackError>} ...>
              <RedirectBoundary>
                <RedirectErrorBoundary router={{...}}>
                  <Head>
                  <__next_root_layout_boundary__>
                    <SegmentViewNode type="layout" pagePath="layout.tsx">
                      <SegmentTrieNode>
                      <link>
                      <script>
                      <script>
                      <script>
                      <RootLayout>
>                       <html
>                         lang="en"
>                         suppressHydrationWarning={true}
>                         className="h-full antialiased geist_a71539c9-module__T19VSG__variable geist_mono_8d43a2aa-mo..."
>                       >
>                         <script dangerouslySetInnerHTML={{__html:"(function(..."}}>
                          ...
                  ...
 @ http://localhost:3001/_next/static/chunks/76305_next_dist_8e39db7d._.js:3128
[ 2663959ms] [ERROR] Cannot render a sync or defer <script> outside the main document without knowing its order. Try adding async="" or moving it into the root <head> tag. @ http://localhost:3001/_next/static/chunks/76305_next_dist_8e39db7d._.js:3128
[ 2663965ms] [ERROR] Cannot render a sync or defer <script> outside the main document without knowing its order. Try adding async="" or moving it into the root <head> tag. @ http://localhost:3001/_next/static/chunks/76305_next_dist_8e39db7d._.js:3128
[ 2663971ms] [ERROR] Cannot render a sync or defer <script> outside the main document without knowing its order. Try adding async="" or moving it into the root <head> tag. @ http://localhost:3001/_next/static/chunks/76305_next_dist_8e39db7d._.js:3128
[ 2663975ms] [ERROR] Cannot render a sync or defer <script> outside the main document without knowing its order. Try adding async="" or moving it into the root <head> tag. @ http://localhost:3001/_next/static/chunks/76305_next_dist_8e39db7d._.js:3128
[ 2667638ms] [LOG] [Fast Refresh] rebuilding @ http://localhost:3001/_next/static/chunks/76305_next_dist_8e39db7d._.js:2298
[ 2667654ms] [LOG] [Fast Refresh] done in 91ms @ http://localhost:3001/_next/static/chunks/76305_next_dist_8e39db7d._.js:2298
[ 2731053ms] [LOG] [Fast Refresh] rebuilding @ http://localhost:3001/_next/static/chunks/76305_next_dist_8e39db7d._.js:2298
[ 2731148ms] [LOG] [Fast Refresh] done in 166ms @ http://localhost:3001/_next/static/chunks/76305_next_dist_8e39db7d._.js:2298
[ 2735853ms] [LOG] [Fast Refresh] rebuilding @ http://localhost:3001/_next/static/chunks/76305_next_dist_8e39db7d._.js:2298
[ 2736590ms] [LOG] [Fast Refresh] done in 818ms @ http://localhost:3001/_next/static/chunks/76305_next_dist_8e39db7d._.js:2298
[ 2737079ms] [LOG] [Fast Refresh] rebuilding @ http://localhost:3001/_next/static/chunks/76305_next_dist_8e39db7d._.js:2298
[ 2737560ms] [LOG] [Fast Refresh] done in 584ms @ http://localhost:3001/_next/static/chunks/76305_next_dist_8e39db7d._.js:2298
[ 2737757ms] [LOG] [Fast Refresh] rebuilding @ http://localhost:3001/_next/static/chunks/76305_next_dist_8e39db7d._.js:2298
[ 2737885ms] [LOG] [Fast Refresh] done in 232ms @ http://localhost:3001/_next/static/chunks/76305_next_dist_8e39db7d._.js:2298
[ 2738007ms] [LOG] [Fast Refresh] rebuilding @ http://localhost:3001/_next/static/chunks/76305_next_dist_8e39db7d._.js:2298
[ 2738307ms] [LOG] [Fast Refresh] done in 412ms @ http://localhost:3001/_next/static/chunks/76305_next_dist_8e39db7d._.js:2298
[ 2739181ms] [INFO] %cDownload the React DevTools for a better development experience: https://react.dev/link/react-devtools font-weight:bold @ http://localhost:3001/_next/static/chunks/76305_next_dist_8e39db7d._.js:2298
[ 2739213ms] [LOG] [HMR] connected @ http://localhost:3001/_next/static/chunks/76305_next_dist_8e39db7d._.js:2298
[ 2739232ms] [ERROR] Cannot render a sync or defer <script> outside the main document without knowing its order. Try adding async="" or moving it into the root <head> tag. @ http://localhost:3001/_next/static/chunks/76305_next_dist_8e39db7d._.js:3128
[ 2739232ms] [ERROR] In HTML, %s cannot be a child of <%s>.%s
This will cause a hydration error.%s <script> html  

  ...
    <HotReload globalError={[...]} webSocket={WebSocket} staticIndicatorState={{pathname:null, ...}}>
      <AppDevOverlayErrorBoundary globalError={[...]}>
        <ReplaySsrOnlyErrors>
        <DevRootHTTPAccessFallbackBoundary>
          <HTTPAccessFallbackBoundary notFound={<NotAllowedRootHTTPFallbackError>}>
            <HTTPAccessFallbackErrorBoundary pathname="/settings" notFound={<NotAllowedRootHTTPFallbackError>} ...>
              <RedirectBoundary>
                <RedirectErrorBoundary router={{...}}>
                  <Head>
                  <__next_root_layout_boundary__>
                    <SegmentViewNode type="layout" pagePath="layout.tsx">
                      <SegmentTrieNode>
                      <link>
                      <script>
                      <script>
                      <script>
                      <RootLayout>
>                       <html
>                         lang="en"
>                         suppressHydrationWarning={true}
>                         className="h-full antialiased geist_a71539c9-module__T19VSG__variable geist_mono_8d43a2aa-mo..."
>                       >
>                         <script dangerouslySetInnerHTML={{__html:"(function(..."}}>
                          ...
                  ...
 @ http://localhost:3001/_next/static/chunks/76305_next_dist_8e39db7d._.js:3128
[ 2739253ms] [ERROR] Cannot render a sync or defer <script> outside the main document without knowing its order. Try adding async="" or moving it into the root <head> tag. @ http://localhost:3001/_next/static/chunks/76305_next_dist_8e39db7d._.js:3128
[ 2739260ms] [ERROR] Cannot render a sync or defer <script> outside the main document without knowing its order. Try adding async="" or moving it into the root <head> tag. @ http://localhost:3001/_next/static/chunks/76305_next_dist_8e39db7d._.js:3128
[ 2739268ms] [ERROR] Cannot render a sync or defer <script> outside the main document without knowing its order. Try adding async="" or moving it into the root <head> tag. @ http://localhost:3001/_next/static/chunks/76305_next_dist_8e39db7d._.js:3128
[ 2739275ms] [ERROR] Cannot render a sync or defer <script> outside the main document without knowing its order. Try adding async="" or moving it into the root <head> tag. @ http://localhost:3001/_next/static/chunks/76305_next_dist_8e39db7d._.js:3128
[ 2741044ms] [LOG] [Fast Refresh] rebuilding @ http://localhost:3001/_next/static/chunks/76305_next_dist_8e39db7d._.js:2298
[ 2741908ms] [LOG] [Fast Refresh] done in 927ms @ http://localhost:3001/_next/static/chunks/76305_next_dist_8e39db7d._.js:2298
[ 2742015ms] [LOG] [Fast Refresh] rebuilding @ http://localhost:3001/_next/static/chunks/76305_next_dist_8e39db7d._.js:2298
[ 2742406ms] [LOG] [Fast Refresh] done in 493ms @ http://localhost:3001/_next/static/chunks/76305_next_dist_8e39db7d._.js:2298
[ 2742529ms] [LOG] [Fast Refresh] rebuilding @ http://localhost:3001/_next/static/chunks/76305_next_dist_8e39db7d._.js:2298
[ 2742819ms] [LOG] [Fast Refresh] done in 391ms @ http://localhost:3001/_next/static/chunks/76305_next_dist_8e39db7d._.js:2298
[ 2742990ms] [LOG] [Fast Refresh] rebuilding @ http://localhost:3001/_next/static/chunks/76305_next_dist_8e39db7d._.js:2298
[ 2743044ms] [LOG] [Fast Refresh] done in 159ms @ http://localhost:3001/_next/static/chunks/76305_next_dist_8e39db7d._.js:2298
[ 2743166ms] [LOG] [Fast Refresh] rebuilding @ http://localhost:3001/_next/static/chunks/76305_next_dist_8e39db7d._.js:2298
[ 2743253ms] [LOG] [Fast Refresh] done in 193ms @ http://localhost:3001/_next/static/chunks/76305_next_dist_8e39db7d._.js:2298
[ 2743659ms] [INFO] %cDownload the React DevTools for a better development experience: https://react.dev/link/react-devtools font-weight:bold @ http://localhost:3001/_next/static/chunks/76305_next_dist_8e39db7d._.js:2298
[ 2743704ms] [LOG] [HMR] connected @ http://localhost:3001/_next/static/chunks/76305_next_dist_8e39db7d._.js:2298
[ 2743733ms] [ERROR] Cannot render a sync or defer <script> outside the main document without knowing its order. Try adding async="" or moving it into the root <head> tag. @ http://localhost:3001/_next/static/chunks/76305_next_dist_8e39db7d._.js:3128
[ 2743734ms] [ERROR] In HTML, %s cannot be a child of <%s>.%s
This will cause a hydration error.%s <script> html  

  ...
    <HotReload globalError={[...]} webSocket={WebSocket} staticIndicatorState={{pathname:null, ...}}>
      <AppDevOverlayErrorBoundary globalError={[...]}>
        <ReplaySsrOnlyErrors>
        <DevRootHTTPAccessFallbackBoundary>
          <HTTPAccessFallbackBoundary notFound={<NotAllowedRootHTTPFallbackError>}>
            <HTTPAccessFallbackErrorBoundary pathname="/settings" notFound={<NotAllowedRootHTTPFallbackError>} ...>
              <RedirectBoundary>
                <RedirectErrorBoundary router={{...}}>
                  <Head>
                  <__next_root_layout_boundary__>
                    <SegmentViewNode type="layout" pagePath="layout.tsx">
                      <SegmentTrieNode>
                      <link>
                      <script>
                      <script>
                      <script>
                      <RootLayout>
>                       <html
>                         lang="en"
>                         suppressHydrationWarning={true}
>                         className="h-full antialiased geist_a71539c9-module__T19VSG__variable geist_mono_8d43a2aa-mo..."
>                       >
>                         <script dangerouslySetInnerHTML={{__html:"(function(..."}}>
                          ...
                  ...
 @ http://localhost:3001/_next/static/chunks/76305_next_dist_8e39db7d._.js:3128
[ 2743764ms] [ERROR] Cannot render a sync or defer <script> outside the main document without knowing its order. Try adding async="" or moving it into the root <head> tag. @ http://localhost:3001/_next/static/chunks/76305_next_dist_8e39db7d._.js:3128
[ 2743773ms] [ERROR] Cannot render a sync or defer <script> outside the main document without knowing its order. Try adding async="" or moving it into the root <head> tag. @ http://localhost:3001/_next/static/chunks/76305_next_dist_8e39db7d._.js:3128
[ 2743778ms] [ERROR] Cannot render a sync or defer <script> outside the main document without knowing its order. Try adding async="" or moving it into the root <head> tag. @ http://localhost:3001/_next/static/chunks/76305_next_dist_8e39db7d._.js:3128
[ 2743786ms] [ERROR] Cannot render a sync or defer <script> outside the main document without knowing its order. Try adding async="" or moving it into the root <head> tag. @ http://localhost:3001/_next/static/chunks/76305_next_dist_8e39db7d._.js:3128
[ 2743795ms] [ERROR] Cannot render a sync or defer <script> outside the main document without knowing its order. Try adding async="" or moving it into the root <head> tag. @ http://localhost:3001/_next/static/chunks/76305_next_dist_8e39db7d._.js:3128
[ 2743804ms] [ERROR] Cannot render a sync or defer <script> outside the main document without knowing its order. Try adding async="" or moving it into the root <head> tag. @ http://localhost:3001/_next/static/chunks/76305_next_dist_8e39db7d._.js:3128
[ 2743809ms] [ERROR] Cannot render a sync or defer <script> outside the main document without knowing its order. Try adding async="" or moving it into the root <head> tag. @ http://localhost:3001/_next/static/chunks/76305_next_dist_8e39db7d._.js:3128
[ 2743855ms] [LOG] [Fast Refresh] rebuilding @ http://localhost:3001/_next/static/chunks/76305_next_dist_8e39db7d._.js:2298
[ 2743873ms] [LOG] [Fast Refresh] done in 126ms @ http://localhost:3001/_next/static/chunks/76305_next_dist_8e39db7d._.js:2298
[ 2746099ms] [LOG] [Fast Refresh] rebuilding @ http://localhost:3001/_next/static/chunks/76305_next_dist_8e39db7d._.js:2298
[ 2746177ms] [LOG] [Fast Refresh] done in 155ms @ http://localhost:3001/_next/static/chunks/76305_next_dist_8e39db7d._.js:2298
[ 2750249ms] [LOG] [Fast Refresh] rebuilding @ http://localhost:3001/_next/static/chunks/76305_next_dist_8e39db7d._.js:2298
[ 2750390ms] [LOG] [Fast Refresh] done in 211ms @ http://localhost:3001/_next/static/chunks/76305_next_dist_8e39db7d._.js:2298
[ 2754739ms] [LOG] [Fast Refresh] rebuilding @ http://localhost:3001/_next/static/chunks/76305_next_dist_8e39db7d._.js:2298
[ 2754803ms] [LOG] [Fast Refresh] done in 124ms @ http://localhost:3001/_next/static/chunks/76305_next_dist_8e39db7d._.js:2298
[ 2772589ms] [LOG] [Fast Refresh] rebuilding @ http://localhost:3001/_next/static/chunks/76305_next_dist_8e39db7d._.js:2298
[ 2772686ms] [LOG] [Fast Refresh] done in 204ms @ http://localhost:3001/_next/static/chunks/76305_next_dist_8e39db7d._.js:2298
[ 2800392ms] [LOG] [Fast Refresh] rebuilding @ http://localhost:3001/_next/static/chunks/76305_next_dist_8e39db7d._.js:2298
[ 2800456ms] [LOG] [Fast Refresh] done in 168ms @ http://localhost:3001/_next/static/chunks/76305_next_dist_8e39db7d._.js:2298
[ 2818384ms] [LOG] [Fast Refresh] rebuilding @ http://localhost:3001/_next/static/chunks/76305_next_dist_8e39db7d._.js:2298
[ 2818448ms] [LOG] [Fast Refresh] done in 172ms @ http://localhost:3001/_next/static/chunks/76305_next_dist_8e39db7d._.js:2298
[ 3010392ms] [INFO] %cDownload the React DevTools for a better development experience: https://react.dev/link/react-devtools font-weight:bold @ http://localhost:3001/_next/static/chunks/76305_next_dist_8e39db7d._.js:2298
[ 3010421ms] [ERROR] Cannot render a sync or defer <script> outside the main document without knowing its order. Try adding async="" or moving it into the root <head> tag. @ http://localhost:3001/_next/static/chunks/76305_next_dist_8e39db7d._.js:3128
[ 3010421ms] [ERROR] In HTML, %s cannot be a child of <%s>.%s
This will cause a hydration error.%s <script> html  

  ...
    <HotReload globalError={[...]} webSocket={WebSocket} staticIndicatorState={{pathname:null, ...}}>
      <AppDevOverlayErrorBoundary globalError={[...]}>
        <ReplaySsrOnlyErrors>
        <DevRootHTTPAccessFallbackBoundary>
          <HTTPAccessFallbackBoundary notFound={<NotAllowedRootHTTPFallbackError>}>
            <HTTPAccessFallbackErrorBoundary pathname="/settings" notFound={<NotAllowedRootHTTPFallbackError>} ...>
              <RedirectBoundary>
                <RedirectErrorBoundary router={{...}}>
                  <Head>
                  <__next_root_layout_boundary__>
                    <SegmentViewNode type="layout" pagePath="layout.tsx">
                      <SegmentTrieNode>
                      <link>
                      <script>
                      <script>
                      <script>
                      <RootLayout>
>                       <html
>                         lang="en"
>                         suppressHydrationWarning={true}
>                         className="h-full antialiased geist_a71539c9-module__T19VSG__variable geist_mono_8d43a2aa-mo..."
>                       >
>                         <script dangerouslySetInnerHTML={{__html:"(function(..."}}>
                          ...
                  ...
 @ http://localhost:3001/_next/static/chunks/76305_next_dist_8e39db7d._.js:3128
[ 3010423ms] [LOG] [HMR] connected @ http://localhost:3001/_next/static/chunks/76305_next_dist_8e39db7d._.js:2298
[ 3010427ms] [ERROR] Cannot render a sync or defer <script> outside the main document without knowing its order. Try adding async="" or moving it into the root <head> tag. @ http://localhost:3001/_next/static/chunks/76305_next_dist_8e39db7d._.js:3128
[ 3010437ms] [ERROR] Cannot render a sync or defer <script> outside the main document without knowing its order. Try adding async="" or moving it into the root <head> tag. @ http://localhost:3001/_next/static/chunks/76305_next_dist_8e39db7d._.js:3128
[ 3010443ms] [ERROR] Cannot render a sync or defer <script> outside the main document without knowing its order. Try adding async="" or moving it into the root <head> tag. @ http://localhost:3001/_next/static/chunks/76305_next_dist_8e39db7d._.js:3128
[ 3010450ms] [ERROR] Cannot render a sync or defer <script> outside the main document without knowing its order. Try adding async="" or moving it into the root <head> tag. @ http://localhost:3001/_next/static/chunks/76305_next_dist_8e39db7d._.js:3128
[ 3010453ms] [ERROR] Cannot render a sync or defer <script> outside the main document without knowing its order. Try adding async="" or moving it into the root <head> tag. @ http://localhost:3001/_next/static/chunks/76305_next_dist_8e39db7d._.js:3128
[ 3010456ms] [ERROR] Cannot render a sync or defer <script> outside the main document without knowing its order. Try adding async="" or moving it into the root <head> tag. @ http://localhost:3001/_next/static/chunks/76305_next_dist_8e39db7d._.js:3128
[ 3010459ms] [ERROR] Cannot render a sync or defer <script> outside the main document without knowing its order. Try adding async="" or moving it into the root <head> tag. @ http://localhost:3001/_next/static/chunks/76305_next_dist_8e39db7d._.js:3128
[ 3010463ms] [ERROR] Cannot render a sync or defer <script> outside the main document without knowing its order. Try adding async="" or moving it into the root <head> tag. @ http://localhost:3001/_next/static/chunks/76305_next_dist_8e39db7d._.js:3128
[ 3010466ms] [ERROR] Cannot render a sync or defer <script> outside the main document without knowing its order. Try adding async="" or moving it into the root <head> tag. @ http://localhost:3001/_next/static/chunks/76305_next_dist_8e39db7d._.js:3128
[ 3010469ms] [ERROR] Cannot render a sync or defer <script> outside the main document without knowing its order. Try adding async="" or moving it into the root <head> tag. @ http://localhost:3001/_next/static/chunks/76305_next_dist_8e39db7d._.js:3128
[ 3010478ms] [ERROR] Cannot render a sync or defer <script> outside the main document without knowing its order. Try adding async="" or moving it into the root <head> tag. @ http://localhost:3001/_next/static/chunks/76305_next_dist_8e39db7d._.js:3128
[ 3010536ms] [LOG] [Fast Refresh] rebuilding @ http://localhost:3001/_next/static/chunks/76305_next_dist_8e39db7d._.js:2298
[ 3010598ms] [LOG] [Fast Refresh] done in 162ms @ http://localhost:3001/_next/static/chunks/76305_next_dist_8e39db7d._.js:2298
[ 3021736ms] [LOG] [Fast Refresh] rebuilding @ http://localhost:3001/_next/static/chunks/76305_next_dist_8e39db7d._.js:2298
[ 3021797ms] [LOG] [Fast Refresh] done in 62ms @ http://localhost:3001/_next/static/chunks/76305_next_dist_8e39db7d._.js:2298
[ 3117499ms] [LOG] [Fast Refresh] rebuilding @ http://localhost:3001/_next/static/chunks/76305_next_dist_8e39db7d._.js:2298
[ 3117500ms] [LOG] [Fast Refresh] done in 103ms @ http://localhost:3001/_next/static/chunks/76305_next_dist_8e39db7d._.js:2298
[ 3121565ms] [LOG] [Fast Refresh] rebuilding @ http://localhost:3001/_next/static/chunks/76305_next_dist_8e39db7d._.js:2298
[ 3121834ms] [LOG] [Fast Refresh] done in 375ms @ http://localhost:3001/_next/static/chunks/76305_next_dist_8e39db7d._.js:2298
[ 3122512ms] [INFO] %cDownload the React DevTools for a better development experience: https://react.dev/link/react-devtools font-weight:bold @ http://localhost:3001/_next/static/chunks/76305_next_dist_8e39db7d._.js:2298
[ 3122533ms] [LOG] [HMR] connected @ http://localhost:3001/_next/static/chunks/76305_next_dist_8e39db7d._.js:2298
[ 3122556ms] [ERROR] Cannot render a sync or defer <script> outside the main document without knowing its order. Try adding async="" or moving it into the root <head> tag. @ http://localhost:3001/_next/static/chunks/76305_next_dist_8e39db7d._.js:3128
[ 3122557ms] [ERROR] In HTML, %s cannot be a child of <%s>.%s
This will cause a hydration error.%s <script> html  

  ...
    <HotReload globalError={[...]} webSocket={WebSocket} staticIndicatorState={{pathname:null, ...}}>
      <AppDevOverlayErrorBoundary globalError={[...]}>
        <ReplaySsrOnlyErrors>
        <DevRootHTTPAccessFallbackBoundary>
          <HTTPAccessFallbackBoundary notFound={<NotAllowedRootHTTPFallbackError>}>
            <HTTPAccessFallbackErrorBoundary pathname="/settings" notFound={<NotAllowedRootHTTPFallbackError>} ...>
              <RedirectBoundary>
                <RedirectErrorBoundary router={{...}}>
                  <Head>
                  <__next_root_layout_boundary__>
                    <SegmentViewNode type="layout" pagePath="layout.tsx">
                      <SegmentTrieNode>
                      <link>
                      <script>
                      <script>
                      <script>
                      <RootLayout>
>                       <html
>                         lang="en"
>                         suppressHydrationWarning={true}
>                         className="h-full antialiased geist_a71539c9-module__T19VSG__variable geist_mono_8d43a2aa-mo..."
>                       >
>                         <script dangerouslySetInnerHTML={{__html:"(function(..."}}>
                          ...
                  ...
 @ http://localhost:3001/_next/static/chunks/76305_next_dist_8e39db7d._.js:3128
[ 3122565ms] [ERROR] Cannot render a sync or defer <script> outside the main document without knowing its order. Try adding async="" or moving it into the root <head> tag. @ http://localhost:3001/_next/static/chunks/76305_next_dist_8e39db7d._.js:3128
[ 3122581ms] [ERROR] Cannot render a sync or defer <script> outside the main document without knowing its order. Try adding async="" or moving it into the root <head> tag. @ http://localhost:3001/_next/static/chunks/76305_next_dist_8e39db7d._.js:3128
[ 3122589ms] [ERROR] Cannot render a sync or defer <script> outside the main document without knowing its order. Try adding async="" or moving it into the root <head> tag. @ http://localhost:3001/_next/static/chunks/76305_next_dist_8e39db7d._.js:3128
[ 3122594ms] [ERROR] Cannot render a sync or defer <script> outside the main document without knowing its order. Try adding async="" or moving it into the root <head> tag. @ http://localhost:3001/_next/static/chunks/76305_next_dist_8e39db7d._.js:3128
[ 3122610ms] [ERROR] Cannot render a sync or defer <script> outside the main document without knowing its order. Try adding async="" or moving it into the root <head> tag. @ http://localhost:3001/_next/static/chunks/76305_next_dist_8e39db7d._.js:3128
[ 3127576ms] [LOG] [Fast Refresh] rebuilding @ http://localhost:3001/_next/static/chunks/76305_next_dist_8e39db7d._.js:2298
[ 3127642ms] [LOG] [Fast Refresh] done in 75ms @ http://localhost:3001/_next/static/chunks/76305_next_dist_8e39db7d._.js:2298
