[     848ms] [LOG] [Fast Refresh] rebuilding @ http://localhost:3000/_next/static/chunks/76305_next_dist_8e39db7d._.js:2298
[     926ms] [LOG] [Fast Refresh] done in 187ms @ http://localhost:3000/_next/static/chunks/76305_next_dist_8e39db7d._.js:2298
[    1976ms] [INFO] %cDownload the React DevTools for a better development experience: https://react.dev/link/react-devtools font-weight:bold @ http://localhost:3000/_next/static/chunks/76305_next_dist_8e39db7d._.js:2298
[    2061ms] [LOG] [HMR] connected @ http://localhost:3000/_next/static/chunks/76305_next_dist_8e39db7d._.js:2298
[    2065ms] [ERROR] Cannot render a sync or defer <script> outside the main document without knowing its order. Try adding async="" or moving it into the root <head> tag. @ http://localhost:3000/_next/static/chunks/76305_next_dist_8e39db7d._.js:3128
[    2066ms] [ERROR] In HTML, %s cannot be a child of <%s>.%s
This will cause a hydration error.%s <script> html  

  ...
    <HotReload globalError={[...]} webSocket={WebSocket} staticIndicatorState={{pathname:null, ...}}>
      <AppDevOverlayErrorBoundary globalError={[...]}>
        <ReplaySsrOnlyErrors>
        <DevRootHTTPAccessFallbackBoundary>
          <HTTPAccessFallbackBoundary notFound={<NotAllowedRootHTTPFallbackError>}>
            <HTTPAccessFallbackErrorBoundary pathname="/" notFound={<NotAllowedRootHTTPFallbackError>} ...>
              <RedirectBoundary>
                <RedirectErrorBoundary router={{...}}>
                  <Head>
                  <__next_root_layout_boundary__>
                    <SegmentViewNode type="layout" pagePath="layout.tsx">
                      <SegmentTrieNode>
                      <link>
                      <script>
                      <script>
                      <script>
                      <RootLayout>
>                       <html
>                         lang="en"
>                         suppressHydrationWarning={true}
>                         className="h-full antialiased geist_a71539c9-module__T19VSG__variable geist_mono_8d43a2aa-mo..."
>                       >
>                         <script dangerouslySetInnerHTML={{__html:"(function(..."}}>
                          ...
                  ...
 @ http://localhost:3000/_next/static/chunks/76305_next_dist_8e39db7d._.js:3128
[    2413ms] [LOG] [Fast Refresh] rebuilding @ http://localhost:3000/_next/static/chunks/76305_next_dist_8e39db7d._.js:2298
[    2418ms] [LOG] [Fast Refresh] done in 105ms @ http://localhost:3000/_next/static/chunks/76305_next_dist_8e39db7d._.js:2298
[    2576ms] [LOG] [Fast Refresh] rebuilding @ http://localhost:3000/_next/static/chunks/76305_next_dist_8e39db7d._.js:2298
[    2600ms] [LOG] [Fast Refresh] done in 125ms @ http://localhost:3000/_next/static/chunks/76305_next_dist_8e39db7d._.js:2298
[  323513ms] [INFO] %cDownload the React DevTools for a better development experience: https://react.dev/link/react-devtools font-weight:bold @ http://localhost:3000/_next/static/chunks/76305_next_dist_8e39db7d._.js:2298
[  323533ms] [LOG] [HMR] connected @ http://localhost:3000/_next/static/chunks/76305_next_dist_8e39db7d._.js:2298
[  323538ms] [ERROR] Cannot render a sync or defer <script> outside the main document without knowing its order. Try adding async="" or moving it into the root <head> tag. @ http://localhost:3000/_next/static/chunks/76305_next_dist_8e39db7d._.js:3128
[  323538ms] [ERROR] In HTML, %s cannot be a child of <%s>.%s
This will cause a hydration error.%s <script> html  

  ...
    <HotReload globalError={[...]} webSocket={WebSocket} staticIndicatorState={{pathname:null, ...}}>
      <AppDevOverlayErrorBoundary globalError={[...]}>
        <ReplaySsrOnlyErrors>
        <DevRootHTTPAccessFallbackBoundary>
          <HTTPAccessFallbackBoundary notFound={<NotAllowedRootHTTPFallbackError>}>
            <HTTPAccessFallbackErrorBoundary pathname="/settings" notFound={<NotAllowedRootHTTPFallbackError>} ...>
              <RedirectBoundary>
                <RedirectErrorBoundary router={{...}}>
                  <Head>
                  <__next_root_layout_boundary__>
                    <SegmentViewNode type="layout" pagePath="layout.tsx">
                      <SegmentTrieNode>
                      <link>
                      <script>
                      <script>
                      <script>
                      <RootLayout>
>                       <html
>                         lang="en"
>                         suppressHydrationWarning={true}
>                         className="h-full antialiased geist_a71539c9-module__T19VSG__variable geist_mono_8d43a2aa-mo..."
>                       >
>                         <script dangerouslySetInnerHTML={{__html:"(function(..."}}>
                          ...
                  ...
 @ http://localhost:3000/_next/static/chunks/76305_next_dist_8e39db7d._.js:3128
[  323544ms] [ERROR] Cannot render a sync or defer <script> outside the main document without knowing its order. Try adding async="" or moving it into the root <head> tag. @ http://localhost:3000/_next/static/chunks/76305_next_dist_8e39db7d._.js:3128
[  323549ms] [ERROR] Cannot render a sync or defer <script> outside the main document without knowing its order. Try adding async="" or moving it into the root <head> tag. @ http://localhost:3000/_next/static/chunks/76305_next_dist_8e39db7d._.js:3128
[  494555ms] [LOG] [Fast Refresh] rebuilding @ http://localhost:3000/_next/static/chunks/76305_next_dist_8e39db7d._.js:2298
[  494621ms] [LOG] [Fast Refresh] done in 73ms @ http://localhost:3000/_next/static/chunks/76305_next_dist_8e39db7d._.js:2298
[  578903ms] [LOG] [Fast Refresh] rebuilding @ http://localhost:3000/_next/static/chunks/76305_next_dist_8e39db7d._.js:2298
[  578919ms] [LOG] [Fast Refresh] done in 123ms @ http://localhost:3000/_next/static/chunks/76305_next_dist_8e39db7d._.js:2298
[  670146ms] [LOG] [Fast Refresh] rebuilding @ http://localhost:3000/_next/static/chunks/76305_next_dist_8e39db7d._.js:2298
[  670146ms] [LOG] [Fast Refresh] done in 109ms @ http://localhost:3000/_next/static/chunks/76305_next_dist_8e39db7d._.js:2298
[  702075ms] [LOG] [Fast Refresh] rebuilding @ http://localhost:3000/_next/static/chunks/76305_next_dist_8e39db7d._.js:2298
[  702076ms] [LOG] [Fast Refresh] done in 106ms @ http://localhost:3000/_next/static/chunks/76305_next_dist_8e39db7d._.js:2298
[  707148ms] [LOG] [Fast Refresh] rebuilding @ http://localhost:3000/_next/static/chunks/76305_next_dist_8e39db7d._.js:2298
[  707149ms] [LOG] [Fast Refresh] done in 107ms @ http://localhost:3000/_next/static/chunks/76305_next_dist_8e39db7d._.js:2298
[  746116ms] [LOG] [Fast Refresh] rebuilding @ http://localhost:3000/_next/static/chunks/76305_next_dist_8e39db7d._.js:2298
[  746179ms] [LOG] [Fast Refresh] done in 170ms @ http://localhost:3000/_next/static/chunks/76305_next_dist_8e39db7d._.js:2298
[  747161ms] [LOG] [Fast Refresh] rebuilding @ http://localhost:3000/_next/static/chunks/76305_next_dist_8e39db7d._.js:2298
[  747225ms] [LOG] [Fast Refresh] done in 173ms @ http://localhost:3000/_next/static/chunks/76305_next_dist_8e39db7d._.js:2298
[  985614ms] [LOG] [Fast Refresh] rebuilding @ http://localhost:3000/_next/static/chunks/76305_next_dist_8e39db7d._.js:2298
[  985639ms] [LOG] [Fast Refresh] done in 122ms @ http://localhost:3000/_next/static/chunks/76305_next_dist_8e39db7d._.js:2298
[  986570ms] [LOG] [Fast Refresh] rebuilding @ http://localhost:3000/_next/static/chunks/76305_next_dist_8e39db7d._.js:2298
[  986632ms] [LOG] [Fast Refresh] done in 178ms @ http://localhost:3000/_next/static/chunks/76305_next_dist_8e39db7d._.js:2298
[ 1227718ms] [LOG] [Fast Refresh] rebuilding @ http://localhost:3000/_next/static/chunks/76305_next_dist_8e39db7d._.js:2298
[ 1227719ms] [LOG] [Fast Refresh] done in 109ms @ http://localhost:3000/_next/static/chunks/76305_next_dist_8e39db7d._.js:2298
