[    3054ms] [INFO] %cDownload the React DevTools for a better development experience: https://react.dev/link/react-devtools font-weight:bold @ http://localhost:3000/_next/static/chunks/76305_next_dist_8e39db7d._.js:2298
[    3216ms] [LOG] [HMR] connected @ http://localhost:3000/_next/static/chunks/76305_next_dist_8e39db7d._.js:2298
[    3252ms] [ERROR] Cannot render a sync or defer <script> outside the main document without knowing its order. Try adding async="" or moving it into the root <head> tag. @ http://localhost:3000/_next/static/chunks/76305_next_dist_8e39db7d._.js:3128
[    3253ms] [ERROR] In HTML, %s cannot be a child of <%s>.%s
This will cause a hydration error.%s <script> html  

  ...
    <HotReload globalError={[...]} webSocket={WebSocket} staticIndicatorState={{pathname:null, ...}}>
      <AppDevOverlayErrorBoundary globalError={[...]}>
        <ReplaySsrOnlyErrors>
        <DevRootHTTPAccessFallbackBoundary>
          <HTTPAccessFallbackBoundary notFound={<NotAllowedRootHTTPFallbackError>}>
            <HTTPAccessFallbackErrorBoundary pathname="/" notFound={<NotAllowedRootHTTPFallbackError>} ...>
              <RedirectBoundary>
                <RedirectErrorBoundary router={{...}}>
                  <Head>
                  <__next_root_layout_boundary__>
                    <SegmentViewNode type="layout" pagePath="layout.tsx">
                      <SegmentTrieNode>
                      <link>
                      <script>
                      <script>
                      <script>
                      <RootLayout>
>                       <html
>                         lang="en"
>                         suppressHydrationWarning={true}
>                         className="h-full antialiased geist_a71539c9-module__T19VSG__variable geist_mono_8d43a2aa-mo..."
>                       >
>                         <script dangerouslySetInnerHTML={{__html:"(function(..."}}>
                          ...
                  ...
 @ http://localhost:3000/_next/static/chunks/76305_next_dist_8e39db7d._.js:3128
[    7719ms] [LOG] [Fast Refresh] rebuilding @ http://localhost:3000/_next/static/chunks/76305_next_dist_8e39db7d._.js:2298
[    8340ms] [LOG] [Fast Refresh] done in 737ms @ http://localhost:3000/_next/static/chunks/76305_next_dist_8e39db7d._.js:2298
[   27437ms] [LOG] [Fast Refresh] rebuilding @ http://localhost:3000/_next/static/chunks/76305_next_dist_8e39db7d._.js:2298
[   28100ms] [LOG] [Fast Refresh] done in 765ms @ http://localhost:3000/_next/static/chunks/76305_next_dist_8e39db7d._.js:2298
[   28847ms] [INFO] %cDownload the React DevTools for a better development experience: https://react.dev/link/react-devtools font-weight:bold @ http://localhost:3000/_next/static/chunks/76305_next_dist_8e39db7d._.js:2298
[   28889ms] [LOG] [HMR] connected @ http://localhost:3000/_next/static/chunks/76305_next_dist_8e39db7d._.js:2298
[   28892ms] [ERROR] Cannot render a sync or defer <script> outside the main document without knowing its order. Try adding async="" or moving it into the root <head> tag. @ http://localhost:3000/_next/static/chunks/76305_next_dist_8e39db7d._.js:3128
[   28892ms] [ERROR] In HTML, %s cannot be a child of <%s>.%s
This will cause a hydration error.%s <script> html  

  ...
    <HotReload globalError={[...]} webSocket={WebSocket} staticIndicatorState={{pathname:null, ...}}>
      <AppDevOverlayErrorBoundary globalError={[...]}>
        <ReplaySsrOnlyErrors>
        <DevRootHTTPAccessFallbackBoundary>
          <HTTPAccessFallbackBoundary notFound={<NotAllowedRootHTTPFallbackError>}>
            <HTTPAccessFallbackErrorBoundary pathname="/settings" notFound={<NotAllowedRootHTTPFallbackError>} ...>
              <RedirectBoundary>
                <RedirectErrorBoundary router={{...}}>
                  <Head>
                  <__next_root_layout_boundary__>
                    <SegmentViewNode type="layout" pagePath="layout.tsx">
                      <SegmentTrieNode>
                      <link>
                      <script>
                      <script>
                      <script>
                      <RootLayout>
>                       <html
>                         lang="en"
>                         suppressHydrationWarning={true}
>                         className="h-full antialiased geist_a71539c9-module__T19VSG__variable geist_mono_8d43a2aa-mo..."
>                       >
>                         <script dangerouslySetInnerHTML={{__html:"(function(..."}}>
                          ...
                  ...
 @ http://localhost:3000/_next/static/chunks/76305_next_dist_8e39db7d._.js:3128
[   29004ms] [LOG] [Fast Refresh] rebuilding @ http://localhost:3000/_next/static/chunks/76305_next_dist_8e39db7d._.js:2298
[   29020ms] [LOG] [Fast Refresh] done in 118ms @ http://localhost:3000/_next/static/chunks/76305_next_dist_8e39db7d._.js:2298
[  222821ms] [LOG] [Fast Refresh] rebuilding @ http://localhost:3000/_next/static/chunks/76305_next_dist_8e39db7d._.js:2298
[  222885ms] [LOG] [Fast Refresh] done in 108ms @ http://localhost:3000/_next/static/chunks/76305_next_dist_8e39db7d._.js:2298
[  339866ms] [LOG] [Fast Refresh] rebuilding @ http://localhost:3000/_next/static/chunks/76305_next_dist_8e39db7d._.js:2298
[  339928ms] [LOG] [Fast Refresh] done in 113ms @ http://localhost:3000/_next/static/chunks/76305_next_dist_8e39db7d._.js:2298
