[     569ms] [INFO] %cDownload the React DevTools for a better development experience: https://react.dev/link/react-devtools font-weight:bold @ http://localhost:3001/_next/static/chunks/76305_next_dist_8e39db7d._.js:2298
[     603ms] [LOG] [HMR] connected @ http://localhost:3001/_next/static/chunks/76305_next_dist_8e39db7d._.js:2298
[   43477ms] [LOG] [Fast Refresh] rebuilding @ http://localhost:3001/_next/static/chunks/76305_next_dist_8e39db7d._.js:2298
[   43478ms] [LOG] [Fast Refresh] done in 106ms @ http://localhost:3001/_next/static/chunks/76305_next_dist_8e39db7d._.js:2298
[   91819ms] [LOG] [Fast Refresh] rebuilding @ http://localhost:3001/_next/static/chunks/76305_next_dist_8e39db7d._.js:2298
[   91819ms] [LOG] [Fast Refresh] done in 106ms @ http://localhost:3001/_next/static/chunks/76305_next_dist_8e39db7d._.js:2298
[  119568ms] [LOG] [Fast Refresh] rebuilding @ http://localhost:3001/_next/static/chunks/76305_next_dist_8e39db7d._.js:2298
[  119584ms] [LOG] [Fast Refresh] done in 120ms @ http://localhost:3001/_next/static/chunks/76305_next_dist_8e39db7d._.js:2298
[  128104ms] [LOG] [Fast Refresh] rebuilding @ http://localhost:3001/_next/static/chunks/76305_next_dist_8e39db7d._.js:2298
[  128108ms] [LOG] [Fast Refresh] done in 107ms @ http://localhost:3001/_next/static/chunks/76305_next_dist_8e39db7d._.js:2298
[  146805ms] [LOG] [Fast Refresh] rebuilding @ http://localhost:3001/_next/static/chunks/76305_next_dist_8e39db7d._.js:2298
[  146822ms] [LOG] [Fast Refresh] done in 124ms @ http://localhost:3001/_next/static/chunks/76305_next_dist_8e39db7d._.js:2298
[  191707ms] [LOG] [Fast Refresh] rebuilding @ http://localhost:3001/_next/static/chunks/76305_next_dist_8e39db7d._.js:2298
[  191724ms] [LOG] [Fast Refresh] done in 119ms @ http://localhost:3001/_next/static/chunks/76305_next_dist_8e39db7d._.js:2298
[  205596ms] [LOG] [Fast Refresh] rebuilding @ http://localhost:3001/_next/static/chunks/76305_next_dist_8e39db7d._.js:2298
[  205613ms] [LOG] [Fast Refresh] done in 121ms @ http://localhost:3001/_next/static/chunks/76305_next_dist_8e39db7d._.js:2298
[  223381ms] [LOG] [Fast Refresh] rebuilding @ http://localhost:3001/_next/static/chunks/76305_next_dist_8e39db7d._.js:2298
[  223382ms] [LOG] [Fast Refresh] done in 107ms @ http://localhost:3001/_next/static/chunks/76305_next_dist_8e39db7d._.js:2298
[  235564ms] [LOG] [Fast Refresh] rebuilding @ http://localhost:3001/_next/static/chunks/76305_next_dist_8e39db7d._.js:2298
[  235581ms] [LOG] [Fast Refresh] done in 122ms @ http://localhost:3001/_next/static/chunks/76305_next_dist_8e39db7d._.js:2298
[  248979ms] [LOG] [Fast Refresh] rebuilding @ http://localhost:3001/_next/static/chunks/76305_next_dist_8e39db7d._.js:2298
[  248998ms] [LOG] [Fast Refresh] done in 124ms @ http://localhost:3001/_next/static/chunks/76305_next_dist_8e39db7d._.js:2298
[  262307ms] [LOG] [Fast Refresh] rebuilding @ http://localhost:3001/_next/static/chunks/76305_next_dist_8e39db7d._.js:2298
[  262323ms] [LOG] [Fast Refresh] done in 121ms @ http://localhost:3001/_next/static/chunks/76305_next_dist_8e39db7d._.js:2298
[  270639ms] [LOG] [Fast Refresh] rebuilding @ http://localhost:3001/_next/static/chunks/76305_next_dist_8e39db7d._.js:2298
[  270639ms] [LOG] [Fast Refresh] done in 107ms @ http://localhost:3001/_next/static/chunks/76305_next_dist_8e39db7d._.js:2298
[  659986ms] [ERROR] Failed to load resource: net::ERR_NAME_NOT_RESOLVED @ https://cmkifdwjunojgigrqwnr.supabase.co/rest/v1/actions?select=id&user_id=eq.bb299d9f-a88f-4f71-8508-8c2d52a37490&status=eq.pending_approval:0
[  659987ms] [ERROR] Failed to load resource: net::ERR_NAME_NOT_RESOLVED @ https://cmkifdwjunojgigrqwnr.supabase.co/rest/v1/social_accounts?select=id&user_id=eq.bb299d9f-a88f-4f71-8508-8c2d52a37490&health_status=in.%28warning%2Ccooldown%29:0
[  659987ms] [ERROR] Failed to load resource: net::ERR_NAME_NOT_RESOLVED @ https://cmkifdwjunojgigrqwnr.supabase.co/rest/v1/job_logs?select=id&job_type=eq.monitor&status=eq.completed&started_at=gte.2026-04-21T07%3A50%3A42.278Z:0
[  659987ms] [ERROR] Failed to load resource: net::ERR_NAME_NOT_RESOLVED @ https://cmkifdwjunojgigrqwnr.supabase.co/rest/v1/intent_signals?select=id&user_id=eq.bb299d9f-a88f-4f71-8508-8c2d52a37490&intent_strength=gte.8&detected_at=gte.2026-04-21T07%3A55%3A42.278Z:0
[  659987ms] [ERROR] Failed to load resource: net::ERR_NAME_NOT_RESOLVED @ https://cmkifdwjunojgigrqwnr.supabase.co/rest/v1/actions?select=id&user_id=eq.bb299d9f-a88f-4f71-8508-8c2d52a37490&status=eq.completed&action_type=eq.dm&created_at=gte.2026-04-21T07%3A10%3A42.278Z:0
[  659987ms] [ERROR] Failed to load resource: net::ERR_NAME_NOT_RESOLVED @ https://cmkifdwjunojgigrqwnr.supabase.co/rest/v1/prospects?select=id&pipeline_status=eq.replied&updated_at=gte.2026-04-21T07%3A10%3A42.278Z:0
[  659987ms] [ERROR] WebSocket connection to 'wss://cmkifdwjunojgigrqwnr.supabase.co/realtime/v1/websocket?apikey=eyJhbGciOiJIUzI1NiIsInR5cCI6IkpXVCJ9.eyJpc3MiOiJzdXBhYmFzZSIsInJlZiI6ImNta2lmZHdqdW5vamdpZ3Jxd25yIiwicm9sZSI6ImFub24iLCJpYXQiOjE3NzY0MTc0NDAsImV4cCI6MjA5MTk5MzQ0MH0.Z-JEUCBAvlzx-dux9CA_RLsrSjjnFg9ah8Fi6jneph8&vsn=2.0.0' failed: Error in connection establishment: net::ERR_NAME_NOT_RESOLVED @ http://localhost:3001/_next/static/chunks/node_modules__pnpm_6a73f2b8._.js:5043
[  663035ms] [ERROR] WebSocket connection to 'wss://cmkifdwjunojgigrqwnr.supabase.co/realtime/v1/websocket?apikey=eyJhbGciOiJIUzI1NiIsInR5cCI6IkpXVCJ9.eyJpc3MiOiJzdXBhYmFzZSIsInJlZiI6ImNta2lmZHdqdW5vamdpZ3Jxd25yIiwicm9sZSI6ImFub24iLCJpYXQiOjE3NzY0MTc0NDAsImV4cCI6MjA5MTk5MzQ0MH0.Z-JEUCBAvlzx-dux9CA_RLsrSjjnFg9ah8Fi6jneph8&vsn=2.0.0' failed: Error in connection establishment: net::ERR_NAME_NOT_RESOLVED @ http://localhost:3001/_next/static/chunks/node_modules__pnpm_6a73f2b8._.js:5043
[  663035ms] [ERROR] Failed to load resource: net::ERR_NAME_NOT_RESOLVED @ https://cmkifdwjunojgigrqwnr.supabase.co/rest/v1/intent_signals?select=id&user_id=eq.bb299d9f-a88f-4f71-8508-8c2d52a37490&detected_at=gte.2026-04-20T08%3A10%3A42.278Z:0
[  663036ms] [ERROR] Failed to load resource: net::ERR_NAME_NOT_RESOLVED @ https://cmkifdwjunojgigrqwnr.supabase.co/rest/v1/actions?select=id&user_id=eq.bb299d9f-a88f-4f71-8508-8c2d52a37490&status=eq.pending_approval:0
[  663036ms] [ERROR] Failed to load resource: net::ERR_NAME_NOT_RESOLVED @ https://cmkifdwjunojgigrqwnr.supabase.co/rest/v1/social_accounts?select=id&user_id=eq.bb299d9f-a88f-4f71-8508-8c2d52a37490&health_status=in.%28warning%2Ccooldown%29:0
[  663036ms] [ERROR] Failed to load resource: net::ERR_NAME_NOT_RESOLVED @ https://cmkifdwjunojgigrqwnr.supabase.co/rest/v1/job_logs?select=id&job_type=eq.monitor&status=eq.completed&started_at=gte.2026-04-21T07%3A50%3A42.278Z:0
[  663036ms] [ERROR] Failed to load resource: net::ERR_NAME_NOT_RESOLVED @ https://cmkifdwjunojgigrqwnr.supabase.co/rest/v1/intent_signals?select=id&user_id=eq.bb299d9f-a88f-4f71-8508-8c2d52a37490&intent_strength=gte.8&detected_at=gte.2026-04-21T07%3A55%3A42.278Z:0
[  663036ms] [ERROR] Failed to load resource: net::ERR_NAME_NOT_RESOLVED @ https://cmkifdwjunojgigrqwnr.supabase.co/rest/v1/actions?select=id&user_id=eq.bb299d9f-a88f-4f71-8508-8c2d52a37490&status=eq.completed&action_type=eq.dm&created_at=gte.2026-04-21T07%3A10%3A42.278Z:0
[  666068ms] [ERROR] Failed to load resource: net::ERR_NAME_NOT_RESOLVED @ https://cmkifdwjunojgigrqwnr.supabase.co/rest/v1/prospects?select=id&pipeline_status=eq.replied&updated_at=gte.2026-04-21T07%3A10%3A42.278Z:0
[  666068ms] [ERROR] Failed to load resource: net::ERR_NAME_NOT_RESOLVED @ https://cmkifdwjunojgigrqwnr.supabase.co/rest/v1/intent_signals?select=id&user_id=eq.bb299d9f-a88f-4f71-8508-8c2d52a37490&detected_at=gte.2026-04-20T08%3A10%3A42.278Z:0
[  666068ms] [ERROR] Failed to load resource: net::ERR_NAME_NOT_RESOLVED @ https://cmkifdwjunojgigrqwnr.supabase.co/rest/v1/actions?select=id&user_id=eq.bb299d9f-a88f-4f71-8508-8c2d52a37490&status=eq.pending_approval:0
[  666068ms] [ERROR] Failed to load resource: net::ERR_NAME_NOT_RESOLVED @ https://cmkifdwjunojgigrqwnr.supabase.co/rest/v1/social_accounts?select=id&user_id=eq.bb299d9f-a88f-4f71-8508-8c2d52a37490&health_status=in.%28warning%2Ccooldown%29:0
[  666068ms] [ERROR] Failed to load resource: net::ERR_NAME_NOT_RESOLVED @ https://cmkifdwjunojgigrqwnr.supabase.co/rest/v1/job_logs?select=id&job_type=eq.monitor&status=eq.completed&started_at=gte.2026-04-21T07%3A50%3A42.278Z:0
[  666068ms] [ERROR] Failed to load resource: net::ERR_NAME_NOT_RESOLVED @ https://cmkifdwjunojgigrqwnr.supabase.co/rest/v1/intent_signals?select=id&user_id=eq.bb299d9f-a88f-4f71-8508-8c2d52a37490&intent_strength=gte.8&detected_at=gte.2026-04-21T07%3A55%3A42.278Z:0
[  669122ms] [ERROR] WebSocket connection to 'wss://cmkifdwjunojgigrqwnr.supabase.co/realtime/v1/websocket?apikey=eyJhbGciOiJIUzI1NiIsInR5cCI6IkpXVCJ9.eyJpc3MiOiJzdXBhYmFzZSIsInJlZiI6ImNta2lmZHdqdW5vamdpZ3Jxd25yIiwicm9sZSI6ImFub24iLCJpYXQiOjE3NzY0MTc0NDAsImV4cCI6MjA5MTk5MzQ0MH0.Z-JEUCBAvlzx-dux9CA_RLsrSjjnFg9ah8Fi6jneph8&vsn=2.0.0' failed: Error in connection establishment: net::ERR_NAME_NOT_RESOLVED @ http://localhost:3001/_next/static/chunks/node_modules__pnpm_6a73f2b8._.js:5043
[  669122ms] [ERROR] Failed to load resource: net::ERR_NAME_NOT_RESOLVED @ https://cmkifdwjunojgigrqwnr.supabase.co/rest/v1/actions?select=id&user_id=eq.bb299d9f-a88f-4f71-8508-8c2d52a37490&status=eq.completed&action_type=eq.dm&created_at=gte.2026-04-21T07%3A10%3A42.278Z:0
[  669122ms] [ERROR] Failed to load resource: net::ERR_NAME_NOT_RESOLVED @ https://cmkifdwjunojgigrqwnr.supabase.co/rest/v1/prospects?select=id&pipeline_status=eq.replied&updated_at=gte.2026-04-21T07%3A10%3A42.278Z:0
[  669122ms] [ERROR] Failed to load resource: net::ERR_NAME_NOT_RESOLVED @ https://cmkifdwjunojgigrqwnr.supabase.co/rest/v1/intent_signals?select=id&user_id=eq.bb299d9f-a88f-4f71-8508-8c2d52a37490&detected_at=gte.2026-04-20T08%3A10%3A42.278Z:0
[  675214ms] [ERROR] Failed to load resource: net::ERR_NAME_NOT_RESOLVED @ https://cmkifdwjunojgigrqwnr.supabase.co/rest/v1/actions?select=id&user_id=eq.bb299d9f-a88f-4f71-8508-8c2d52a37490&status=eq.pending_approval:0
[  675215ms] [ERROR] Failed to load resource: net::ERR_NAME_NOT_RESOLVED @ https://cmkifdwjunojgigrqwnr.supabase.co/rest/v1/social_accounts?select=id&user_id=eq.bb299d9f-a88f-4f71-8508-8c2d52a37490&health_status=in.%28warning%2Ccooldown%29:0
[  675215ms] [ERROR] Failed to load resource: net::ERR_NAME_NOT_RESOLVED @ https://cmkifdwjunojgigrqwnr.supabase.co/rest/v1/job_logs?select=id&job_type=eq.monitor&status=eq.completed&started_at=gte.2026-04-21T07%3A50%3A42.278Z:0
[  675215ms] [ERROR] Failed to load resource: net::ERR_NAME_NOT_RESOLVED @ https://cmkifdwjunojgigrqwnr.supabase.co/rest/v1/intent_signals?select=id&user_id=eq.bb299d9f-a88f-4f71-8508-8c2d52a37490&intent_strength=gte.8&detected_at=gte.2026-04-21T07%3A55%3A42.278Z:0
[  675215ms] [ERROR] Failed to load resource: net::ERR_NAME_NOT_RESOLVED @ https://cmkifdwjunojgigrqwnr.supabase.co/rest/v1/job_logs?select=id&job_type=eq.monitor&status=eq.completed&started_at=gte.2026-04-21T07%3A51%3A12.282Z:0
[  675215ms] [ERROR] Failed to load resource: net::ERR_NAME_NOT_RESOLVED @ https://cmkifdwjunojgigrqwnr.supabase.co/rest/v1/intent_signals?select=id&user_id=eq.bb299d9f-a88f-4f71-8508-8c2d52a37490&intent_strength=gte.8&detected_at=gte.2026-04-21T07%3A56%3A12.282Z:0
[  678106ms] [ERROR] Failed to load resource: net::ERR_NAME_NOT_RESOLVED @ https://cmkifdwjunojgigrqwnr.supabase.co/rest/v1/actions?select=id&user_id=eq.bb299d9f-a88f-4f71-8508-8c2d52a37490&status=eq.pending_approval:0
[  678106ms] [ERROR] Failed to load resource: net::ERR_NAME_NOT_RESOLVED @ https://cmkifdwjunojgigrqwnr.supabase.co/rest/v1/actions?select=id&user_id=eq.bb299d9f-a88f-4f71-8508-8c2d52a37490&status=eq.completed&action_type=eq.dm&created_at=gte.2026-04-21T07%3A11%3A12.282Z:0
[  678106ms] [ERROR] Failed to load resource: net::ERR_NAME_NOT_RESOLVED @ https://cmkifdwjunojgigrqwnr.supabase.co/rest/v1/prospects?select=id&pipeline_status=eq.replied&updated_at=gte.2026-04-21T07%3A11%3A12.282Z:0
[  678106ms] [ERROR] Failed to load resource: net::ERR_NAME_NOT_RESOLVED @ https://cmkifdwjunojgigrqwnr.supabase.co/rest/v1/social_accounts?select=id&user_id=eq.bb299d9f-a88f-4f71-8508-8c2d52a37490&health_status=in.%28warning%2Ccooldown%29:0
[  678106ms] [ERROR] Failed to load resource: net::ERR_NAME_NOT_RESOLVED @ https://cmkifdwjunojgigrqwnr.supabase.co/rest/v1/intent_signals?select=id&user_id=eq.bb299d9f-a88f-4f71-8508-8c2d52a37490&detected_at=gte.2026-04-20T08%3A11%3A12.282Z:0
[  678106ms] [ERROR] Failed to load resource: net::ERR_NAME_NOT_RESOLVED @ https://cmkifdwjunojgigrqwnr.supabase.co/rest/v1/actions?select=id&user_id=eq.bb299d9f-a88f-4f71-8508-8c2d52a37490&status=eq.completed&action_type=eq.dm&created_at=gte.2026-04-21T07%3A10%3A42.278Z:0
[  678106ms] [ERROR] Failed to load resource: net::ERR_NETWORK_CHANGED @ https://cmkifdwjunojgigrqwnr.supabase.co/rest/v1/prospects?select=id&pipeline_status=eq.replied&updated_at=gte.2026-04-21T07%3A10%3A42.278Z:0
[  678107ms] [ERROR] Failed to load resource: net::ERR_NETWORK_CHANGED @ https://cmkifdwjunojgigrqwnr.supabase.co/rest/v1/intent_signals?select=id&user_id=eq.bb299d9f-a88f-4f71-8508-8c2d52a37490&detected_at=gte.2026-04-20T08%3A10%3A42.278Z:0
[  678107ms] [ERROR] Failed to load resource: net::ERR_NETWORK_CHANGED @ https://cmkifdwjunojgigrqwnr.supabase.co/rest/v1/job_logs?select=id&job_type=eq.monitor&status=eq.completed&started_at=gte.2026-04-21T07%3A51%3A12.282Z:0
[  678107ms] [ERROR] Failed to load resource: net::ERR_NETWORK_CHANGED @ https://cmkifdwjunojgigrqwnr.supabase.co/rest/v1/intent_signals?select=id&user_id=eq.bb299d9f-a88f-4f71-8508-8c2d52a37490&intent_strength=gte.8&detected_at=gte.2026-04-21T07%3A56%3A12.282Z:0
[  686366ms] [ERROR] WebSocket connection to 'wss://cmkifdwjunojgigrqwnr.supabase.co/realtime/v1/websocket?apikey=eyJhbGciOiJIUzI1NiIsInR5cCI6IkpXVCJ9.eyJpc3MiOiJzdXBhYmFzZSIsInJlZiI6ImNta2lmZHdqdW5vamdpZ3Jxd25yIiwicm9sZSI6ImFub24iLCJpYXQiOjE3NzY0MTc0NDAsImV4cCI6MjA5MTk5MzQ0MH0.Z-JEUCBAvlzx-dux9CA_RLsrSjjnFg9ah8Fi6jneph8&vsn=2.0.0' failed: Error in connection establishment: net::ERR_NAME_NOT_RESOLVED @ http://localhost:3001/_next/static/chunks/node_modules__pnpm_6a73f2b8._.js:5043
[  686366ms] [ERROR] Failed to load resource: net::ERR_NAME_NOT_RESOLVED @ https://cmkifdwjunojgigrqwnr.supabase.co/rest/v1/prospects?select=id&pipeline_status=eq.replied&updated_at=gte.2026-04-21T07%3A11%3A12.282Z:0
[  686367ms] [ERROR] Failed to load resource: net::ERR_NAME_NOT_RESOLVED @ https://cmkifdwjunojgigrqwnr.supabase.co/rest/v1/social_accounts?select=id&user_id=eq.bb299d9f-a88f-4f71-8508-8c2d52a37490&health_status=in.%28warning%2Ccooldown%29:0
[  686367ms] [ERROR] Failed to load resource: net::ERR_NAME_NOT_RESOLVED @ https://cmkifdwjunojgigrqwnr.supabase.co/rest/v1/actions?select=id&user_id=eq.bb299d9f-a88f-4f71-8508-8c2d52a37490&status=eq.completed&action_type=eq.dm&created_at=gte.2026-04-21T07%3A11%3A12.282Z:0
[  686367ms] [ERROR] Failed to load resource: net::ERR_NAME_NOT_RESOLVED @ https://cmkifdwjunojgigrqwnr.supabase.co/rest/v1/intent_signals?select=id&user_id=eq.bb299d9f-a88f-4f71-8508-8c2d52a37490&detected_at=gte.2026-04-20T08%3A11%3A12.282Z:0
[  686367ms] [ERROR] Failed to load resource: net::ERR_NAME_NOT_RESOLVED @ https://cmkifdwjunojgigrqwnr.supabase.co/rest/v1/actions?select=id&user_id=eq.bb299d9f-a88f-4f71-8508-8c2d52a37490&status=eq.pending_approval:0
[  686367ms] [ERROR] Failed to load resource: net::ERR_NAME_NOT_RESOLVED @ https://cmkifdwjunojgigrqwnr.supabase.co/rest/v1/job_logs?select=id&job_type=eq.monitor&status=eq.completed&started_at=gte.2026-04-21T07%3A51%3A12.282Z:0
[  690442ms] [ERROR] Failed to load resource: net::ERR_NAME_NOT_RESOLVED @ https://cmkifdwjunojgigrqwnr.supabase.co/rest/v1/intent_signals?select=id&user_id=eq.bb299d9f-a88f-4f71-8508-8c2d52a37490&intent_strength=gte.8&detected_at=gte.2026-04-21T07%3A56%3A12.282Z:0
[  690442ms] [ERROR] Failed to load resource: net::ERR_NAME_NOT_RESOLVED @ https://cmkifdwjunojgigrqwnr.supabase.co/rest/v1/prospects?select=id&pipeline_status=eq.replied&updated_at=gte.2026-04-21T07%3A11%3A12.282Z:0
[  690442ms] [ERROR] Failed to load resource: net::ERR_NAME_NOT_RESOLVED @ https://cmkifdwjunojgigrqwnr.supabase.co/rest/v1/social_accounts?select=id&user_id=eq.bb299d9f-a88f-4f71-8508-8c2d52a37490&health_status=in.%28warning%2Ccooldown%29:0
[  690442ms] [ERROR] Failed to load resource: net::ERR_NAME_NOT_RESOLVED @ https://cmkifdwjunojgigrqwnr.supabase.co/rest/v1/actions?select=id&user_id=eq.bb299d9f-a88f-4f71-8508-8c2d52a37490&status=eq.completed&action_type=eq.dm&created_at=gte.2026-04-21T07%3A11%3A12.282Z:0
[  690442ms] [ERROR] Failed to load resource: net::ERR_NAME_NOT_RESOLVED @ https://cmkifdwjunojgigrqwnr.supabase.co/rest/v1/intent_signals?select=id&user_id=eq.bb299d9f-a88f-4f71-8508-8c2d52a37490&detected_at=gte.2026-04-20T08%3A11%3A12.282Z:0
[  690442ms] [ERROR] Failed to load resource: net::ERR_NAME_NOT_RESOLVED @ https://cmkifdwjunojgigrqwnr.supabase.co/rest/v1/actions?select=id&user_id=eq.bb299d9f-a88f-4f71-8508-8c2d52a37490&status=eq.pending_approval:0
[  690520ms] [ERROR] Failed to load resource: net::ERR_NAME_NOT_RESOLVED @ https://cmkifdwjunojgigrqwnr.supabase.co/rest/v1/job_logs?select=id&job_type=eq.monitor&status=eq.completed&started_at=gte.2026-04-21T07%3A51%3A12.282Z:0
[  694455ms] [ERROR] Failed to load resource: net::ERR_INTERNET_DISCONNECTED @ https://cmkifdwjunojgigrqwnr.supabase.co/rest/v1/intent_signals?select=id&user_id=eq.bb299d9f-a88f-4f71-8508-8c2d52a37490&intent_strength=gte.8&detected_at=gte.2026-04-21T07%3A56%3A12.282Z:0
[  694456ms] [ERROR] Failed to load resource: net::ERR_INTERNET_DISCONNECTED @ https://cmkifdwjunojgigrqwnr.supabase.co/rest/v1/prospects?select=id&pipeline_status=eq.replied&updated_at=gte.2026-04-21T07%3A11%3A12.282Z:0
[  694456ms] [ERROR] Failed to load resource: net::ERR_INTERNET_DISCONNECTED @ https://cmkifdwjunojgigrqwnr.supabase.co/rest/v1/social_accounts?select=id&user_id=eq.bb299d9f-a88f-4f71-8508-8c2d52a37490&health_status=in.%28warning%2Ccooldown%29:0
[  694457ms] [ERROR] Failed to load resource: net::ERR_INTERNET_DISCONNECTED @ https://cmkifdwjunojgigrqwnr.supabase.co/rest/v1/actions?select=id&user_id=eq.bb299d9f-a88f-4f71-8508-8c2d52a37490&status=eq.completed&action_type=eq.dm&created_at=gte.2026-04-21T07%3A11%3A12.282Z:0
[  694457ms] [ERROR] Failed to load resource: net::ERR_INTERNET_DISCONNECTED @ https://cmkifdwjunojgigrqwnr.supabase.co/rest/v1/intent_signals?select=id&user_id=eq.bb299d9f-a88f-4f71-8508-8c2d52a37490&detected_at=gte.2026-04-20T08%3A11%3A12.282Z:0
[  694457ms] [ERROR] Failed to load resource: net::ERR_INTERNET_DISCONNECTED @ https://cmkifdwjunojgigrqwnr.supabase.co/rest/v1/actions?select=id&user_id=eq.bb299d9f-a88f-4f71-8508-8c2d52a37490&status=eq.pending_approval:0
[  696375ms] [ERROR] WebSocket connection to 'wss://cmkifdwjunojgigrqwnr.supabase.co/realtime/v1/websocket?apikey=eyJhbGciOiJIUzI1NiIsInR5cCI6IkpXVCJ9.eyJpc3MiOiJzdXBhYmFzZSIsInJlZiI6ImNta2lmZHdqdW5vamdpZ3Jxd25yIiwicm9sZSI6ImFub24iLCJpYXQiOjE3NzY0MTc0NDAsImV4cCI6MjA5MTk5MzQ0MH0.Z-JEUCBAvlzx-dux9CA_RLsrSjjnFg9ah8Fi6jneph8&vsn=2.0.0' failed: Error in connection establishment: net::ERR_INTERNET_DISCONNECTED @ http://localhost:3001/_next/static/chunks/node_modules__pnpm_6a73f2b8._.js:5043
[  700921ms] [ERROR] Failed to load resource: net::ERR_NAME_NOT_RESOLVED @ https://cmkifdwjunojgigrqwnr.supabase.co/rest/v1/job_logs?select=id&job_type=eq.monitor&status=eq.completed&started_at=gte.2026-04-21T07%3A51%3A42.283Z:0
[  700922ms] [ERROR] Failed to load resource: net::ERR_NAME_NOT_RESOLVED @ https://cmkifdwjunojgigrqwnr.supabase.co/rest/v1/intent_signals?select=id&user_id=eq.bb299d9f-a88f-4f71-8508-8c2d52a37490&intent_strength=gte.8&detected_at=gte.2026-04-21T07%3A56%3A42.283Z:0
[  700922ms] [ERROR] Failed to load resource: net::ERR_NAME_NOT_RESOLVED @ https://cmkifdwjunojgigrqwnr.supabase.co/rest/v1/actions?select=id&user_id=eq.bb299d9f-a88f-4f71-8508-8c2d52a37490&status=eq.pending_approval:0
[  700922ms] [ERROR] Failed to load resource: net::ERR_NAME_NOT_RESOLVED @ https://cmkifdwjunojgigrqwnr.supabase.co/rest/v1/actions?select=id&user_id=eq.bb299d9f-a88f-4f71-8508-8c2d52a37490&status=eq.completed&action_type=eq.dm&created_at=gte.2026-04-21T07%3A11%3A42.283Z:0
[  700922ms] [ERROR] Failed to load resource: net::ERR_NAME_NOT_RESOLVED @ https://cmkifdwjunojgigrqwnr.supabase.co/rest/v1/prospects?select=id&pipeline_status=eq.replied&updated_at=gte.2026-04-21T07%3A11%3A42.283Z:0
[  700922ms] [ERROR] Failed to load resource: net::ERR_NAME_NOT_RESOLVED @ https://cmkifdwjunojgigrqwnr.supabase.co/rest/v1/social_accounts?select=id&user_id=eq.bb299d9f-a88f-4f71-8508-8c2d52a37490&health_status=in.%28warning%2Ccooldown%29:0
[  700923ms] [ERROR] Failed to load resource: net::ERR_NAME_NOT_RESOLVED @ https://cmkifdwjunojgigrqwnr.supabase.co/rest/v1/intent_signals?select=id&user_id=eq.bb299d9f-a88f-4f71-8508-8c2d52a37490&detected_at=gte.2026-04-20T08%3A11%3A42.283Z:0
[  701928ms] [ERROR] Failed to load resource: net::ERR_NAME_NOT_RESOLVED @ https://cmkifdwjunojgigrqwnr.supabase.co/rest/v1/job_logs?select=id&job_type=eq.monitor&status=eq.completed&started_at=gte.2026-04-21T07%3A51%3A42.283Z:0
[  701929ms] [ERROR] Failed to load resource: net::ERR_NAME_NOT_RESOLVED @ https://cmkifdwjunojgigrqwnr.supabase.co/rest/v1/intent_signals?select=id&user_id=eq.bb299d9f-a88f-4f71-8508-8c2d52a37490&intent_strength=gte.8&detected_at=gte.2026-04-21T07%3A56%3A42.283Z:0
[  701929ms] [ERROR] Failed to load resource: net::ERR_NAME_NOT_RESOLVED @ https://cmkifdwjunojgigrqwnr.supabase.co/rest/v1/actions?select=id&user_id=eq.bb299d9f-a88f-4f71-8508-8c2d52a37490&status=eq.pending_approval:0
[  701929ms] [ERROR] Failed to load resource: net::ERR_NAME_NOT_RESOLVED @ https://cmkifdwjunojgigrqwnr.supabase.co/rest/v1/actions?select=id&user_id=eq.bb299d9f-a88f-4f71-8508-8c2d52a37490&status=eq.completed&action_type=eq.dm&created_at=gte.2026-04-21T07%3A11%3A42.283Z:0
[  701929ms] [ERROR] Failed to load resource: net::ERR_NAME_NOT_RESOLVED @ https://cmkifdwjunojgigrqwnr.supabase.co/rest/v1/prospects?select=id&pipeline_status=eq.replied&updated_at=gte.2026-04-21T07%3A11%3A42.283Z:0
[  701929ms] [ERROR] Failed to load resource: net::ERR_NAME_NOT_RESOLVED @ https://cmkifdwjunojgigrqwnr.supabase.co/rest/v1/social_accounts?select=id&user_id=eq.bb299d9f-a88f-4f71-8508-8c2d52a37490&health_status=in.%28warning%2Ccooldown%29:0
[  701929ms] [ERROR] Failed to load resource: net::ERR_NAME_NOT_RESOLVED @ https://cmkifdwjunojgigrqwnr.supabase.co/rest/v1/intent_signals?select=id&user_id=eq.bb299d9f-a88f-4f71-8508-8c2d52a37490&detected_at=gte.2026-04-20T08%3A11%3A42.283Z:0
[  703933ms] [ERROR] Failed to load resource: net::ERR_NAME_NOT_RESOLVED @ https://cmkifdwjunojgigrqwnr.supabase.co/rest/v1/job_logs?select=id&job_type=eq.monitor&status=eq.completed&started_at=gte.2026-04-21T07%3A51%3A42.283Z:0
[  703934ms] [ERROR] Failed to load resource: net::ERR_NAME_NOT_RESOLVED @ https://cmkifdwjunojgigrqwnr.supabase.co/rest/v1/intent_signals?select=id&user_id=eq.bb299d9f-a88f-4f71-8508-8c2d52a37490&intent_strength=gte.8&detected_at=gte.2026-04-21T07%3A56%3A42.283Z:0
[  703935ms] [ERROR] Failed to load resource: net::ERR_NAME_NOT_RESOLVED @ https://cmkifdwjunojgigrqwnr.supabase.co/rest/v1/actions?select=id&user_id=eq.bb299d9f-a88f-4f71-8508-8c2d52a37490&status=eq.pending_approval:0
[  703935ms] [ERROR] Failed to load resource: net::ERR_NAME_NOT_RESOLVED @ https://cmkifdwjunojgigrqwnr.supabase.co/rest/v1/actions?select=id&user_id=eq.bb299d9f-a88f-4f71-8508-8c2d52a37490&status=eq.completed&action_type=eq.dm&created_at=gte.2026-04-21T07%3A11%3A42.283Z:0
[  703935ms] [ERROR] Failed to load resource: net::ERR_NAME_NOT_RESOLVED @ https://cmkifdwjunojgigrqwnr.supabase.co/rest/v1/prospects?select=id&pipeline_status=eq.replied&updated_at=gte.2026-04-21T07%3A11%3A42.283Z:0
[  703935ms] [ERROR] Failed to load resource: net::ERR_NAME_NOT_RESOLVED @ https://cmkifdwjunojgigrqwnr.supabase.co/rest/v1/social_accounts?select=id&user_id=eq.bb299d9f-a88f-4f71-8508-8c2d52a37490&health_status=in.%28warning%2Ccooldown%29:0
[  703935ms] [ERROR] Failed to load resource: net::ERR_NAME_NOT_RESOLVED @ https://cmkifdwjunojgigrqwnr.supabase.co/rest/v1/intent_signals?select=id&user_id=eq.bb299d9f-a88f-4f71-8508-8c2d52a37490&detected_at=gte.2026-04-20T08%3A11%3A42.283Z:0
[  734368ms] [LOG] [Fast Refresh] rebuilding @ http://localhost:3001/_next/static/chunks/76305_next_dist_8e39db7d._.js:2298
[  734368ms] [LOG] [Fast Refresh] done in 106ms @ http://localhost:3001/_next/static/chunks/76305_next_dist_8e39db7d._.js:2298
[  863104ms] [LOG] [Fast Refresh] rebuilding @ http://localhost:3001/_next/static/chunks/76305_next_dist_8e39db7d._.js:2298
[  864036ms] [LOG] [Fast Refresh] done in 1037ms @ http://localhost:3001/_next/static/chunks/76305_next_dist_8e39db7d._.js:2298
[  864968ms] [LOG] [Fast Refresh] rebuilding @ http://localhost:3001/_next/static/chunks/76305_next_dist_8e39db7d._.js:2298
[  864985ms] [LOG] [Fast Refresh] done in 124ms @ http://localhost:3001/_next/static/chunks/76305_next_dist_8e39db7d._.js:2298
[  865214ms] [LOG] [Fast Refresh] rebuilding @ http://localhost:3001/_next/static/chunks/76305_next_dist_8e39db7d._.js:2298
[  865556ms] [LOG] [Fast Refresh] done in 448ms @ http://localhost:3001/_next/static/chunks/76305_next_dist_8e39db7d._.js:2298
[  865660ms] [LOG] [Fast Refresh] rebuilding @ http://localhost:3001/_next/static/chunks/76305_next_dist_8e39db7d._.js:2298
[  866112ms] [LOG] [Fast Refresh] done in 555ms @ http://localhost:3001/_next/static/chunks/76305_next_dist_8e39db7d._.js:2298
[  909162ms] [LOG] [Fast Refresh] rebuilding @ http://localhost:3001/_next/static/chunks/76305_next_dist_8e39db7d._.js:2298
[  909163ms] [LOG] [Fast Refresh] done in 105ms @ http://localhost:3001/_next/static/chunks/76305_next_dist_8e39db7d._.js:2298
[  923061ms] [LOG] [Fast Refresh] rebuilding @ http://localhost:3001/_next/static/chunks/76305_next_dist_8e39db7d._.js:2298
[  923062ms] [LOG] [Fast Refresh] done in 107ms @ http://localhost:3001/_next/static/chunks/76305_next_dist_8e39db7d._.js:2298
[  989614ms] [ERROR] Failed to load resource: net::ERR_NETWORK_CHANGED @ https://cmkifdwjunojgigrqwnr.supabase.co/rest/v1/actions?select=id&user_id=eq.bb299d9f-a88f-4f71-8508-8c2d52a37490&status=eq.pending_approval:0
[  989615ms] [ERROR] Failed to load resource: net::ERR_NETWORK_CHANGED @ https://cmkifdwjunojgigrqwnr.supabase.co/rest/v1/social_accounts?select=id&user_id=eq.bb299d9f-a88f-4f71-8508-8c2d52a37490&health_status=in.%28warning%2Ccooldown%29:0
[  989615ms] [ERROR] Failed to load resource: net::ERR_NETWORK_CHANGED @ https://cmkifdwjunojgigrqwnr.supabase.co/rest/v1/actions?select=id&user_id=eq.bb299d9f-a88f-4f71-8508-8c2d52a37490&status=eq.pending_approval:0
[  989615ms] [ERROR] Failed to load resource: net::ERR_NETWORK_CHANGED @ https://cmkifdwjunojgigrqwnr.supabase.co/rest/v1/social_accounts?select=id&user_id=eq.bb299d9f-a88f-4f71-8508-8c2d52a37490&health_status=in.%28warning%2Ccooldown%29:0
[  989615ms] [ERROR] Failed to load resource: net::ERR_NETWORK_CHANGED @ https://cmkifdwjunojgigrqwnr.supabase.co/rest/v1/job_logs?select=id&job_type=eq.monitor&status=eq.completed&started_at=gte.2026-04-21T07%3A55%3A42.270Z:0
[  989615ms] [ERROR] Failed to load resource: net::ERR_NETWORK_CHANGED @ https://cmkifdwjunojgigrqwnr.supabase.co/rest/v1/intent_signals?select=id&user_id=eq.bb299d9f-a88f-4f71-8508-8c2d52a37490&intent_strength=gte.8&detected_at=gte.2026-04-21T08%3A00%3A42.270Z:0
[  989615ms] [ERROR] Failed to load resource: net::ERR_NETWORK_CHANGED @ https://cmkifdwjunojgigrqwnr.supabase.co/rest/v1/actions?select=id&user_id=eq.bb299d9f-a88f-4f71-8508-8c2d52a37490&status=eq.completed&action_type=eq.dm&created_at=gte.2026-04-21T07%3A15%3A42.270Z:0
[  989615ms] [ERROR] Failed to load resource: net::ERR_NETWORK_CHANGED @ https://cmkifdwjunojgigrqwnr.supabase.co/rest/v1/prospects?select=id&pipeline_status=eq.replied&updated_at=gte.2026-04-21T07%3A15%3A42.270Z:0
[  989615ms] [ERROR] Failed to load resource: net::ERR_NETWORK_CHANGED @ https://cmkifdwjunojgigrqwnr.supabase.co/rest/v1/intent_signals?select=id&user_id=eq.bb299d9f-a88f-4f71-8508-8c2d52a37490&detected_at=gte.2026-04-20T08%3A15%3A42.270Z:0
[  989615ms] [ERROR] Failed to load resource: net::ERR_NETWORK_CHANGED @ https://cmkifdwjunojgigrqwnr.supabase.co/rest/v1/job_logs?select=id&job_type=eq.monitor&status=eq.completed&started_at=gte.2026-04-21T07%3A56%3A12.275Z:0
[  989616ms] [ERROR] Failed to load resource: net::ERR_NETWORK_CHANGED @ https://cmkifdwjunojgigrqwnr.supabase.co/rest/v1/intent_signals?select=id&user_id=eq.bb299d9f-a88f-4f71-8508-8c2d52a37490&intent_strength=gte.8&detected_at=gte.2026-04-21T08%3A01%3A12.275Z:0
[  989616ms] [ERROR] Failed to load resource: net::ERR_NETWORK_CHANGED @ https://cmkifdwjunojgigrqwnr.supabase.co/rest/v1/actions?select=id&user_id=eq.bb299d9f-a88f-4f71-8508-8c2d52a37490&status=eq.completed&action_type=eq.dm&created_at=gte.2026-04-21T07%3A16%3A12.275Z:0
[  989616ms] [ERROR] Failed to load resource: net::ERR_NETWORK_CHANGED @ https://cmkifdwjunojgigrqwnr.supabase.co/rest/v1/prospects?select=id&pipeline_status=eq.replied&updated_at=gte.2026-04-21T07%3A16%3A12.275Z:0
[  989616ms] [ERROR] Failed to load resource: net::ERR_NETWORK_CHANGED @ https://cmkifdwjunojgigrqwnr.supabase.co/rest/v1/intent_signals?select=id&user_id=eq.bb299d9f-a88f-4f71-8508-8c2d52a37490&detected_at=gte.2026-04-20T08%3A16%3A12.275Z:0
[  992425ms] [ERROR] Failed to load resource: net::ERR_NETWORK_CHANGED @ https://cmkifdwjunojgigrqwnr.supabase.co/rest/v1/social_accounts?select=id&user_id=eq.bb299d9f-a88f-4f71-8508-8c2d52a37490&health_status=in.%28warning%2Ccooldown%29:0
[  992426ms] [ERROR] Failed to load resource: net::ERR_NETWORK_CHANGED @ https://cmkifdwjunojgigrqwnr.supabase.co/rest/v1/social_accounts?select=id&user_id=eq.bb299d9f-a88f-4f71-8508-8c2d52a37490&health_status=in.%28warning%2Ccooldown%29:0
[  992426ms] [ERROR] Failed to load resource: net::ERR_NETWORK_CHANGED @ https://cmkifdwjunojgigrqwnr.supabase.co/rest/v1/actions?select=id&user_id=eq.bb299d9f-a88f-4f71-8508-8c2d52a37490&status=eq.pending_approval:0
[  992426ms] [ERROR] Failed to load resource: net::ERR_NETWORK_CHANGED @ https://cmkifdwjunojgigrqwnr.supabase.co/rest/v1/actions?select=id&user_id=eq.bb299d9f-a88f-4f71-8508-8c2d52a37490&status=eq.pending_approval:0
[  992426ms] [ERROR] Failed to load resource: net::ERR_NETWORK_CHANGED @ https://cmkifdwjunojgigrqwnr.supabase.co/rest/v1/job_logs?select=id&job_type=eq.monitor&status=eq.completed&started_at=gte.2026-04-21T07%3A55%3A42.270Z:0
[  992426ms] [ERROR] Failed to load resource: net::ERR_NETWORK_CHANGED @ https://cmkifdwjunojgigrqwnr.supabase.co/rest/v1/actions?select=id&user_id=eq.bb299d9f-a88f-4f71-8508-8c2d52a37490&status=eq.completed&action_type=eq.dm&created_at=gte.2026-04-21T07%3A15%3A42.270Z:0
[  992426ms] [ERROR] Failed to load resource: net::ERR_NETWORK_CHANGED @ https://cmkifdwjunojgigrqwnr.supabase.co/rest/v1/intent_signals?select=id&user_id=eq.bb299d9f-a88f-4f71-8508-8c2d52a37490&intent_strength=gte.8&detected_at=gte.2026-04-21T08%3A01%3A12.275Z:0
[  992426ms] [ERROR] Failed to load resource: net::ERR_NETWORK_CHANGED @ https://cmkifdwjunojgigrqwnr.supabase.co/rest/v1/job_logs?select=id&job_type=eq.monitor&status=eq.completed&started_at=gte.2026-04-21T07%3A56%3A12.275Z:0
[  992426ms] [ERROR] Failed to load resource: net::ERR_NETWORK_CHANGED @ https://cmkifdwjunojgigrqwnr.supabase.co/rest/v1/intent_signals?select=id&user_id=eq.bb299d9f-a88f-4f71-8508-8c2d52a37490&detected_at=gte.2026-04-20T08%3A15%3A42.270Z:0
[  992426ms] [ERROR] Failed to load resource: net::ERR_NETWORK_CHANGED @ https://cmkifdwjunojgigrqwnr.supabase.co/rest/v1/prospects?select=id&pipeline_status=eq.replied&updated_at=gte.2026-04-21T07%3A15%3A42.270Z:0
[  992426ms] [ERROR] Failed to load resource: net::ERR_NETWORK_CHANGED @ https://cmkifdwjunojgigrqwnr.supabase.co/rest/v1/intent_signals?select=id&user_id=eq.bb299d9f-a88f-4f71-8508-8c2d52a37490&detected_at=gte.2026-04-20T08%3A16%3A12.275Z:0
[  992427ms] [ERROR] Failed to load resource: net::ERR_NETWORK_CHANGED @ https://cmkifdwjunojgigrqwnr.supabase.co/rest/v1/prospects?select=id&pipeline_status=eq.replied&updated_at=gte.2026-04-21T07%3A16%3A12.275Z:0
[  992427ms] [ERROR] Failed to load resource: net::ERR_NETWORK_CHANGED @ https://cmkifdwjunojgigrqwnr.supabase.co/rest/v1/intent_signals?select=id&user_id=eq.bb299d9f-a88f-4f71-8508-8c2d52a37490&intent_strength=gte.8&detected_at=gte.2026-04-21T08%3A00%3A42.270Z:0
[  992427ms] [ERROR] Failed to load resource: net::ERR_NETWORK_CHANGED @ https://cmkifdwjunojgigrqwnr.supabase.co/rest/v1/actions?select=id&user_id=eq.bb299d9f-a88f-4f71-8508-8c2d52a37490&status=eq.completed&action_type=eq.dm&created_at=gte.2026-04-21T07%3A16%3A12.275Z:0
[  994446ms] [ERROR] Failed to load resource: net::ERR_INTERNET_DISCONNECTED @ https://cmkifdwjunojgigrqwnr.supabase.co/rest/v1/social_accounts?select=id&user_id=eq.bb299d9f-a88f-4f71-8508-8c2d52a37490&health_status=in.%28warning%2Ccooldown%29:0
[  994446ms] [ERROR] Failed to load resource: net::ERR_INTERNET_DISCONNECTED @ https://cmkifdwjunojgigrqwnr.supabase.co/rest/v1/actions?select=id&user_id=eq.bb299d9f-a88f-4f71-8508-8c2d52a37490&status=eq.pending_approval:0
[  994446ms] [ERROR] Failed to load resource: net::ERR_INTERNET_DISCONNECTED @ https://cmkifdwjunojgigrqwnr.supabase.co/rest/v1/actions?select=id&user_id=eq.bb299d9f-a88f-4f71-8508-8c2d52a37490&status=eq.completed&action_type=eq.dm&created_at=gte.2026-04-21T07%3A16%3A12.275Z:0
[  994446ms] [ERROR] Failed to load resource: net::ERR_INTERNET_DISCONNECTED @ https://cmkifdwjunojgigrqwnr.supabase.co/rest/v1/actions?select=id&user_id=eq.bb299d9f-a88f-4f71-8508-8c2d52a37490&status=eq.completed&action_type=eq.dm&created_at=gte.2026-04-21T07%3A15%3A42.270Z:0
[  994446ms] [ERROR] Failed to load resource: net::ERR_INTERNET_DISCONNECTED @ https://cmkifdwjunojgigrqwnr.supabase.co/rest/v1/intent_signals?select=id&user_id=eq.bb299d9f-a88f-4f71-8508-8c2d52a37490&intent_strength=gte.8&detected_at=gte.2026-04-21T08%3A00%3A42.270Z:0
[  994446ms] [ERROR] Failed to load resource: net::ERR_INTERNET_DISCONNECTED @ https://cmkifdwjunojgigrqwnr.supabase.co/rest/v1/prospects?select=id&pipeline_status=eq.replied&updated_at=gte.2026-04-21T07%3A16%3A12.275Z:0
[  994447ms] [ERROR] Failed to load resource: net::ERR_INTERNET_DISCONNECTED @ https://cmkifdwjunojgigrqwnr.supabase.co/rest/v1/intent_signals?select=id&user_id=eq.bb299d9f-a88f-4f71-8508-8c2d52a37490&detected_at=gte.2026-04-20T08%3A16%3A12.275Z:0
[  994447ms] [ERROR] Failed to load resource: net::ERR_INTERNET_DISCONNECTED @ https://cmkifdwjunojgigrqwnr.supabase.co/rest/v1/social_accounts?select=id&user_id=eq.bb299d9f-a88f-4f71-8508-8c2d52a37490&health_status=in.%28warning%2Ccooldown%29:0
[  994447ms] [ERROR] Failed to load resource: net::ERR_INTERNET_DISCONNECTED @ https://cmkifdwjunojgigrqwnr.supabase.co/rest/v1/actions?select=id&user_id=eq.bb299d9f-a88f-4f71-8508-8c2d52a37490&status=eq.pending_approval:0
[  994447ms] [ERROR] Failed to load resource: net::ERR_INTERNET_DISCONNECTED @ https://cmkifdwjunojgigrqwnr.supabase.co/rest/v1/prospects?select=id&pipeline_status=eq.replied&updated_at=gte.2026-04-21T07%3A15%3A42.270Z:0
[  994447ms] [ERROR] Failed to load resource: net::ERR_INTERNET_DISCONNECTED @ https://cmkifdwjunojgigrqwnr.supabase.co/rest/v1/intent_signals?select=id&user_id=eq.bb299d9f-a88f-4f71-8508-8c2d52a37490&detected_at=gte.2026-04-20T08%3A15%3A42.270Z:0
[  994447ms] [ERROR] Failed to load resource: net::ERR_INTERNET_DISCONNECTED @ https://cmkifdwjunojgigrqwnr.supabase.co/rest/v1/job_logs?select=id&job_type=eq.monitor&status=eq.completed&started_at=gte.2026-04-21T07%3A55%3A42.270Z:0
[  994447ms] [ERROR] Failed to load resource: net::ERR_INTERNET_DISCONNECTED @ https://cmkifdwjunojgigrqwnr.supabase.co/rest/v1/intent_signals?select=id&user_id=eq.bb299d9f-a88f-4f71-8508-8c2d52a37490&intent_strength=gte.8&detected_at=gte.2026-04-21T08%3A01%3A12.275Z:0
[  994447ms] [ERROR] Failed to load resource: net::ERR_INTERNET_DISCONNECTED @ https://cmkifdwjunojgigrqwnr.supabase.co/rest/v1/job_logs?select=id&job_type=eq.monitor&status=eq.completed&started_at=gte.2026-04-21T07%3A56%3A12.275Z:0
[ 1002687ms] [ERROR] WebSocket connection to 'wss://cmkifdwjunojgigrqwnr.supabase.co/realtime/v1/websocket?apikey=eyJhbGciOiJIUzI1NiIsInR5cCI6IkpXVCJ9.eyJpc3MiOiJzdXBhYmFzZSIsInJlZiI6ImNta2lmZHdqdW5vamdpZ3Jxd25yIiwicm9sZSI6ImFub24iLCJpYXQiOjE3NzY0MTc0NDAsImV4cCI6MjA5MTk5MzQ0MH0.Z-JEUCBAvlzx-dux9CA_RLsrSjjnFg9ah8Fi6jneph8&vsn=2.0.0' failed: Error in connection establishment: net::ERR_CONNECTION_TIMED_OUT @ http://localhost:3001/_next/static/chunks/node_modules__pnpm_6a73f2b8._.js:5043
[ 1010866ms] [ERROR] Failed to load resource: net::ERR_NETWORK_CHANGED @ https://cmkifdwjunojgigrqwnr.supabase.co/rest/v1/social_accounts?select=id&user_id=eq.bb299d9f-a88f-4f71-8508-8c2d52a37490&health_status=in.%28warning%2Ccooldown%29:0
[ 1010868ms] [ERROR] Failed to load resource: net::ERR_NETWORK_CHANGED @ https://cmkifdwjunojgigrqwnr.supabase.co/rest/v1/actions?select=id&user_id=eq.bb299d9f-a88f-4f71-8508-8c2d52a37490&status=eq.pending_approval:0
[ 1010868ms] [ERROR] Failed to load resource: net::ERR_NETWORK_CHANGED @ https://cmkifdwjunojgigrqwnr.supabase.co/rest/v1/social_accounts?select=id&user_id=eq.bb299d9f-a88f-4f71-8508-8c2d52a37490&health_status=in.%28warning%2Ccooldown%29:0
[ 1010869ms] [ERROR] Failed to load resource: net::ERR_NETWORK_CHANGED @ https://cmkifdwjunojgigrqwnr.supabase.co/rest/v1/actions?select=id&user_id=eq.bb299d9f-a88f-4f71-8508-8c2d52a37490&status=eq.pending_approval:0
[ 1010869ms] [ERROR] Failed to load resource: net::ERR_NETWORK_CHANGED @ https://cmkifdwjunojgigrqwnr.supabase.co/rest/v1/actions?select=id&user_id=eq.bb299d9f-a88f-4f71-8508-8c2d52a37490&status=eq.pending_approval:0
[ 1010869ms] [ERROR] Failed to load resource: net::ERR_NETWORK_CHANGED @ https://cmkifdwjunojgigrqwnr.supabase.co/rest/v1/social_accounts?select=id&user_id=eq.bb299d9f-a88f-4f71-8508-8c2d52a37490&health_status=in.%28warning%2Ccooldown%29:0
[ 1010869ms] [ERROR] Failed to load resource: net::ERR_NETWORK_CHANGED @ https://cmkifdwjunojgigrqwnr.supabase.co/rest/v1/job_logs?select=id&job_type=eq.monitor&status=eq.completed&started_at=gte.2026-04-21T07%3A56%3A12.275Z:0
[ 1010869ms] [ERROR] Failed to load resource: net::ERR_NETWORK_CHANGED @ https://cmkifdwjunojgigrqwnr.supabase.co/rest/v1/intent_signals?select=id&user_id=eq.bb299d9f-a88f-4f71-8508-8c2d52a37490&detected_at=gte.2026-04-20T08%3A16%3A12.275Z:0
[ 1010869ms] [ERROR] Failed to load resource: net::ERR_NETWORK_CHANGED @ https://cmkifdwjunojgigrqwnr.supabase.co/rest/v1/intent_signals?select=id&user_id=eq.bb299d9f-a88f-4f71-8508-8c2d52a37490&intent_strength=gte.8&detected_at=gte.2026-04-21T08%3A01%3A12.275Z:0
[ 1010869ms] [ERROR] Failed to load resource: net::ERR_NETWORK_CHANGED @ https://cmkifdwjunojgigrqwnr.supabase.co/rest/v1/job_logs?select=id&job_type=eq.monitor&status=eq.completed&started_at=gte.2026-04-21T07%3A55%3A42.270Z:0
[ 1010869ms] [ERROR] Failed to load resource: net::ERR_NETWORK_CHANGED @ https://cmkifdwjunojgigrqwnr.supabase.co/rest/v1/intent_signals?select=id&user_id=eq.bb299d9f-a88f-4f71-8508-8c2d52a37490&detected_at=gte.2026-04-20T08%3A15%3A42.270Z:0
[ 1010869ms] [ERROR] Failed to load resource: net::ERR_NETWORK_CHANGED @ https://cmkifdwjunojgigrqwnr.supabase.co/rest/v1/prospects?select=id&pipeline_status=eq.replied&updated_at=gte.2026-04-21T07%3A15%3A42.270Z:0
[ 1010869ms] [ERROR] Failed to load resource: net::ERR_NETWORK_CHANGED @ https://cmkifdwjunojgigrqwnr.supabase.co/rest/v1/actions?select=id&user_id=eq.bb299d9f-a88f-4f71-8508-8c2d52a37490&status=eq.completed&action_type=eq.dm&created_at=gte.2026-04-21T07%3A16%3A12.275Z:0
[ 1010870ms] [ERROR] Failed to load resource: net::ERR_NETWORK_CHANGED @ https://cmkifdwjunojgigrqwnr.supabase.co/rest/v1/actions?select=id&user_id=eq.bb299d9f-a88f-4f71-8508-8c2d52a37490&status=eq.completed&action_type=eq.dm&created_at=gte.2026-04-21T07%3A15%3A42.270Z:0
[ 1010870ms] [ERROR] Failed to load resource: net::ERR_NETWORK_CHANGED @ https://cmkifdwjunojgigrqwnr.supabase.co/rest/v1/intent_signals?select=id&user_id=eq.bb299d9f-a88f-4f71-8508-8c2d52a37490&intent_strength=gte.8&detected_at=gte.2026-04-21T08%3A00%3A42.270Z:0
[ 1010870ms] [ERROR] Failed to load resource: net::ERR_NETWORK_CHANGED @ https://cmkifdwjunojgigrqwnr.supabase.co/rest/v1/prospects?select=id&pipeline_status=eq.replied&updated_at=gte.2026-04-21T07%3A16%3A12.275Z:0
[ 1010870ms] [ERROR] Failed to load resource: net::ERR_NETWORK_CHANGED @ https://cmkifdwjunojgigrqwnr.supabase.co/rest/v1/job_logs?select=id&job_type=eq.monitor&status=eq.completed&started_at=gte.2026-04-21T07%3A56%3A42.271Z:0
[ 1010870ms] [ERROR] Failed to load resource: net::ERR_NETWORK_CHANGED @ https://cmkifdwjunojgigrqwnr.supabase.co/rest/v1/intent_signals?select=id&user_id=eq.bb299d9f-a88f-4f71-8508-8c2d52a37490&intent_strength=gte.8&detected_at=gte.2026-04-21T08%3A01%3A42.271Z:0
[ 1010870ms] [ERROR] Failed to load resource: net::ERR_NETWORK_CHANGED @ https://cmkifdwjunojgigrqwnr.supabase.co/rest/v1/actions?select=id&user_id=eq.bb299d9f-a88f-4f71-8508-8c2d52a37490&status=eq.completed&action_type=eq.dm&created_at=gte.2026-04-21T07%3A16%3A42.271Z:0
[ 1010870ms] [ERROR] Failed to load resource: net::ERR_NETWORK_CHANGED @ https://cmkifdwjunojgigrqwnr.supabase.co/rest/v1/prospects?select=id&pipeline_status=eq.replied&updated_at=gte.2026-04-21T07%3A16%3A42.271Z:0
[ 1010870ms] [ERROR] Failed to load resource: net::ERR_NETWORK_CHANGED @ https://cmkifdwjunojgigrqwnr.supabase.co/rest/v1/intent_signals?select=id&user_id=eq.bb299d9f-a88f-4f71-8508-8c2d52a37490&detected_at=gte.2026-04-20T08%3A16%3A42.271Z:0
[ 1014475ms] [ERROR] Failed to load resource: net::ERR_ADDRESS_UNREACHABLE @ https://cmkifdwjunojgigrqwnr.supabase.co/rest/v1/actions?select=id&user_id=eq.bb299d9f-a88f-4f71-8508-8c2d52a37490&status=eq.pending_approval:0
[ 1014475ms] [ERROR] Failed to load resource: net::ERR_ADDRESS_UNREACHABLE @ https://cmkifdwjunojgigrqwnr.supabase.co/rest/v1/job_logs?select=id&job_type=eq.monitor&status=eq.completed&started_at=gte.2026-04-21T07%3A56%3A42.271Z:0
[ 1014480ms] [ERROR] WebSocket connection to 'wss://cmkifdwjunojgigrqwnr.supabase.co/realtime/v1/websocket?apikey=eyJhbGciOiJIUzI1NiIsInR5cCI6IkpXVCJ9.eyJpc3MiOiJzdXBhYmFzZSIsInJlZiI6ImNta2lmZHdqdW5vamdpZ3Jxd25yIiwicm9sZSI6ImFub24iLCJpYXQiOjE3NzY0MTc0NDAsImV4cCI6MjA5MTk5MzQ0MH0.Z-JEUCBAvlzx-dux9CA_RLsrSjjnFg9ah8Fi6jneph8&vsn=2.0.0' failed: Error in connection establishment: net::ERR_ADDRESS_UNREACHABLE @ http://localhost:3001/_next/static/chunks/node_modules__pnpm_6a73f2b8._.js:5043
[ 1014480ms] [ERROR] Failed to load resource: net::ERR_ADDRESS_UNREACHABLE @ https://cmkifdwjunojgigrqwnr.supabase.co/rest/v1/social_accounts?select=id&user_id=eq.bb299d9f-a88f-4f71-8508-8c2d52a37490&health_status=in.%28warning%2Ccooldown%29:0
[ 1014480ms] [ERROR] Failed to load resource: net::ERR_ADDRESS_UNREACHABLE @ https://cmkifdwjunojgigrqwnr.supabase.co/rest/v1/intent_signals?select=id&user_id=eq.bb299d9f-a88f-4f71-8508-8c2d52a37490&intent_strength=gte.8&detected_at=gte.2026-04-21T08%3A01%3A42.271Z:0
[ 1014481ms] [ERROR] Failed to load resource: net::ERR_ADDRESS_UNREACHABLE @ https://cmkifdwjunojgigrqwnr.supabase.co/rest/v1/prospects?select=id&pipeline_status=eq.replied&updated_at=gte.2026-04-21T07%3A16%3A42.271Z:0
[ 1014481ms] [ERROR] Failed to load resource: net::ERR_ADDRESS_UNREACHABLE @ https://cmkifdwjunojgigrqwnr.supabase.co/rest/v1/actions?select=id&user_id=eq.bb299d9f-a88f-4f71-8508-8c2d52a37490&status=eq.completed&action_type=eq.dm&created_at=gte.2026-04-21T07%3A16%3A42.271Z:0
[ 1014484ms] [ERROR] Failed to load resource: net::ERR_ADDRESS_UNREACHABLE @ https://cmkifdwjunojgigrqwnr.supabase.co/rest/v1/intent_signals?select=id&user_id=eq.bb299d9f-a88f-4f71-8508-8c2d52a37490&detected_at=gte.2026-04-20T08%3A16%3A42.271Z:0
[ 1016653ms] [ERROR] Failed to load resource: net::ERR_INTERNET_DISCONNECTED @ https://cmkifdwjunojgigrqwnr.supabase.co/rest/v1/intent_signals?select=id&user_id=eq.bb299d9f-a88f-4f71-8508-8c2d52a37490&intent_strength=gte.8&detected_at=gte.2026-04-21T08%3A01%3A42.271Z:0
[ 1016654ms] [ERROR] Failed to load resource: net::ERR_INTERNET_DISCONNECTED @ https://cmkifdwjunojgigrqwnr.supabase.co/rest/v1/actions?select=id&user_id=eq.bb299d9f-a88f-4f71-8508-8c2d52a37490&status=eq.pending_approval:0
[ 1016654ms] [ERROR] Failed to load resource: net::ERR_INTERNET_DISCONNECTED @ https://cmkifdwjunojgigrqwnr.supabase.co/rest/v1/social_accounts?select=id&user_id=eq.bb299d9f-a88f-4f71-8508-8c2d52a37490&health_status=in.%28warning%2Ccooldown%29:0
[ 1016654ms] [ERROR] Failed to load resource: net::ERR_INTERNET_DISCONNECTED @ https://cmkifdwjunojgigrqwnr.supabase.co/rest/v1/job_logs?select=id&job_type=eq.monitor&status=eq.completed&started_at=gte.2026-04-21T07%3A56%3A42.271Z:0
[ 1016654ms] [ERROR] Failed to load resource: net::ERR_INTERNET_DISCONNECTED @ https://cmkifdwjunojgigrqwnr.supabase.co/rest/v1/actions?select=id&user_id=eq.bb299d9f-a88f-4f71-8508-8c2d52a37490&status=eq.completed&action_type=eq.dm&created_at=gte.2026-04-21T07%3A16%3A42.271Z:0
[ 1016654ms] [ERROR] Failed to load resource: net::ERR_INTERNET_DISCONNECTED @ https://cmkifdwjunojgigrqwnr.supabase.co/rest/v1/intent_signals?select=id&user_id=eq.bb299d9f-a88f-4f71-8508-8c2d52a37490&detected_at=gte.2026-04-20T08%3A16%3A42.271Z:0
[ 1016654ms] [ERROR] Failed to load resource: net::ERR_INTERNET_DISCONNECTED @ https://cmkifdwjunojgigrqwnr.supabase.co/rest/v1/prospects?select=id&pipeline_status=eq.replied&updated_at=gte.2026-04-21T07%3A16%3A42.271Z:0
[ 1019491ms] [ERROR] WebSocket connection to 'wss://cmkifdwjunojgigrqwnr.supabase.co/realtime/v1/websocket?apikey=eyJhbGciOiJIUzI1NiIsInR5cCI6IkpXVCJ9.eyJpc3MiOiJzdXBhYmFzZSIsInJlZiI6ImNta2lmZHdqdW5vamdpZ3Jxd25yIiwicm9sZSI6ImFub24iLCJpYXQiOjE3NzY0MTc0NDAsImV4cCI6MjA5MTk5MzQ0MH0.Z-JEUCBAvlzx-dux9CA_RLsrSjjnFg9ah8Fi6jneph8&vsn=2.0.0' failed: Error in connection establishment: net::ERR_INTERNET_DISCONNECTED @ http://localhost:3001/_next/static/chunks/node_modules__pnpm_6a73f2b8._.js:5043
[ 1020670ms] [ERROR] Failed to load resource: net::ERR_INTERNET_DISCONNECTED @ https://cmkifdwjunojgigrqwnr.supabase.co/rest/v1/intent_signals?select=id&user_id=eq.bb299d9f-a88f-4f71-8508-8c2d52a37490&intent_strength=gte.8&detected_at=gte.2026-04-21T08%3A01%3A42.271Z:0
[ 1020670ms] [ERROR] Failed to load resource: net::ERR_INTERNET_DISCONNECTED @ https://cmkifdwjunojgigrqwnr.supabase.co/rest/v1/actions?select=id&user_id=eq.bb299d9f-a88f-4f71-8508-8c2d52a37490&status=eq.pending_approval:0
[ 1020670ms] [ERROR] Failed to load resource: net::ERR_INTERNET_DISCONNECTED @ https://cmkifdwjunojgigrqwnr.supabase.co/rest/v1/job_logs?select=id&job_type=eq.monitor&status=eq.completed&started_at=gte.2026-04-21T07%3A56%3A42.271Z:0
[ 1020670ms] [ERROR] Failed to load resource: net::ERR_INTERNET_DISCONNECTED @ https://cmkifdwjunojgigrqwnr.supabase.co/rest/v1/social_accounts?select=id&user_id=eq.bb299d9f-a88f-4f71-8508-8c2d52a37490&health_status=in.%28warning%2Ccooldown%29:0
[ 1020671ms] [ERROR] Failed to load resource: net::ERR_INTERNET_DISCONNECTED @ https://cmkifdwjunojgigrqwnr.supabase.co/rest/v1/actions?select=id&user_id=eq.bb299d9f-a88f-4f71-8508-8c2d52a37490&status=eq.completed&action_type=eq.dm&created_at=gte.2026-04-21T07%3A16%3A42.271Z:0
[ 1020671ms] [ERROR] Failed to load resource: net::ERR_INTERNET_DISCONNECTED @ https://cmkifdwjunojgigrqwnr.supabase.co/rest/v1/intent_signals?select=id&user_id=eq.bb299d9f-a88f-4f71-8508-8c2d52a37490&detected_at=gte.2026-04-20T08%3A16%3A42.271Z:0
[ 1020671ms] [ERROR] Failed to load resource: net::ERR_INTERNET_DISCONNECTED @ https://cmkifdwjunojgigrqwnr.supabase.co/rest/v1/prospects?select=id&pipeline_status=eq.replied&updated_at=gte.2026-04-21T07%3A16%3A42.271Z:0
[ 1031598ms] [ERROR] Failed to load resource: net::ERR_NETWORK_CHANGED @ https://cmkifdwjunojgigrqwnr.supabase.co/rest/v1/actions?select=id&user_id=eq.bb299d9f-a88f-4f71-8508-8c2d52a37490&status=eq.pending_approval:0
[ 1031598ms] [ERROR] Failed to load resource: net::ERR_NETWORK_CHANGED @ https://cmkifdwjunojgigrqwnr.supabase.co/rest/v1/social_accounts?select=id&user_id=eq.bb299d9f-a88f-4f71-8508-8c2d52a37490&health_status=in.%28warning%2Ccooldown%29:0
[ 1031598ms] [ERROR] Failed to load resource: net::ERR_NETWORK_CHANGED @ https://cmkifdwjunojgigrqwnr.supabase.co/rest/v1/job_logs?select=id&job_type=eq.monitor&status=eq.completed&started_at=gte.2026-04-21T07%3A57%3A12.268Z:0
[ 1031598ms] [ERROR] Failed to load resource: net::ERR_NETWORK_CHANGED @ https://cmkifdwjunojgigrqwnr.supabase.co/rest/v1/intent_signals?select=id&user_id=eq.bb299d9f-a88f-4f71-8508-8c2d52a37490&intent_strength=gte.8&detected_at=gte.2026-04-21T08%3A02%3A12.268Z:0
[ 1031598ms] [ERROR] Failed to load resource: net::ERR_NETWORK_CHANGED @ https://cmkifdwjunojgigrqwnr.supabase.co/rest/v1/actions?select=id&user_id=eq.bb299d9f-a88f-4f71-8508-8c2d52a37490&status=eq.completed&action_type=eq.dm&created_at=gte.2026-04-21T07%3A17%3A12.268Z:0
[ 1031598ms] [ERROR] Failed to load resource: net::ERR_NETWORK_CHANGED @ https://cmkifdwjunojgigrqwnr.supabase.co/rest/v1/prospects?select=id&pipeline_status=eq.replied&updated_at=gte.2026-04-21T07%3A17%3A12.268Z:0
[ 1031599ms] [ERROR] Failed to load resource: net::ERR_NETWORK_CHANGED @ https://cmkifdwjunojgigrqwnr.supabase.co/rest/v1/intent_signals?select=id&user_id=eq.bb299d9f-a88f-4f71-8508-8c2d52a37490&detected_at=gte.2026-04-20T08%3A17%3A12.268Z:0
[ 1112374ms] [LOG] [Fast Refresh] rebuilding @ http://localhost:3001/_next/static/chunks/76305_next_dist_8e39db7d._.js:2298
[ 1112454ms] [LOG] [Fast Refresh] done in 153ms @ http://localhost:3001/_next/static/chunks/76305_next_dist_8e39db7d._.js:2298
[ 1123524ms] [LOG] [Fast Refresh] rebuilding @ http://localhost:3001/_next/static/chunks/76305_next_dist_8e39db7d._.js:2298
[ 1123652ms] [LOG] [Fast Refresh] done in 194ms @ http://localhost:3001/_next/static/chunks/76305_next_dist_8e39db7d._.js:2298
[ 1124385ms] [LOG] [Fast Refresh] rebuilding @ http://localhost:3001/_next/static/chunks/76305_next_dist_8e39db7d._.js:2298
[ 1124402ms] [LOG] [Fast Refresh] done in 121ms @ http://localhost:3001/_next/static/chunks/76305_next_dist_8e39db7d._.js:2298
[ 1138271ms] [LOG] [Fast Refresh] rebuilding @ http://localhost:3001/_next/static/chunks/76305_next_dist_8e39db7d._.js:2298
[ 1138334ms] [LOG] [Fast Refresh] done in 90ms @ http://localhost:3001/_next/static/chunks/76305_next_dist_8e39db7d._.js:2298
[ 1155302ms] [LOG] [Fast Refresh] rebuilding @ http://localhost:3001/_next/static/chunks/76305_next_dist_8e39db7d._.js:2298
[ 1155323ms] [LOG] [Fast Refresh] done in 88ms @ http://localhost:3001/_next/static/chunks/76305_next_dist_8e39db7d._.js:2298
