[     150ms] [LOG] [Fast Refresh] rebuilding @ http://localhost:3001/_next/static/chunks/76305_next_dist_8e39db7d._.js:2298
[     941ms] [LOG] [Fast Refresh] done in 904ms @ http://localhost:3001/_next/static/chunks/76305_next_dist_8e39db7d._.js:2298
[    1132ms] [INFO] %cDownload the React DevTools for a better development experience: https://react.dev/link/react-devtools font-weight:bold @ http://localhost:3001/_next/static/chunks/76305_next_dist_8e39db7d._.js:2298
[    1186ms] [LOG] [HMR] connected @ http://localhost:3001/_next/static/chunks/76305_next_dist_8e39db7d._.js:2298
[    1381ms] [LOG] [Fast Refresh] rebuilding @ http://localhost:3001/_next/static/chunks/76305_next_dist_8e39db7d._.js:2298
[    1382ms] [LOG] [Fast Refresh] done in 108ms @ http://localhost:3001/_next/static/chunks/76305_next_dist_8e39db7d._.js:2298
[  146887ms] [LOG] [Fast Refresh] rebuilding @ http://localhost:3001/_next/static/chunks/76305_next_dist_8e39db7d._.js:2298
[  146983ms] [LOG] [Fast Refresh] done in 186ms @ http://localhost:3001/_next/static/chunks/76305_next_dist_8e39db7d._.js:2298
[  200151ms] [LOG] [Fast Refresh] rebuilding @ http://localhost:3001/_next/static/chunks/76305_next_dist_8e39db7d._.js:2298
[  200152ms] [LOG] [Fast Refresh] done in 107ms @ http://localhost:3001/_next/static/chunks/76305_next_dist_8e39db7d._.js:2298
[  206164ms] [LOG] [Fast Refresh] rebuilding @ http://localhost:3001/_next/static/chunks/76305_next_dist_8e39db7d._.js:2298
[  206165ms] [LOG] [Fast Refresh] done in 109ms @ http://localhost:3001/_next/static/chunks/76305_next_dist_8e39db7d._.js:2298
[  215818ms] [LOG] [Fast Refresh] rebuilding @ http://localhost:3001/_next/static/chunks/76305_next_dist_8e39db7d._.js:2298
[  215835ms] [LOG] [Fast Refresh] done in 122ms @ http://localhost:3001/_next/static/chunks/76305_next_dist_8e39db7d._.js:2298
[  216891ms] [LOG] [Fast Refresh] rebuilding @ http://localhost:3001/_next/static/chunks/76305_next_dist_8e39db7d._.js:2298
[  216892ms] [LOG] [Fast Refresh] done in 110ms @ http://localhost:3001/_next/static/chunks/76305_next_dist_8e39db7d._.js:2298
[  218260ms] [LOG] [Fast Refresh] rebuilding @ http://localhost:3001/_next/static/chunks/76305_next_dist_8e39db7d._.js:2298
[  218323ms] [LOG] [Fast Refresh] done in 166ms @ http://localhost:3001/_next/static/chunks/76305_next_dist_8e39db7d._.js:2298
[  219259ms] [LOG] [Fast Refresh] rebuilding @ http://localhost:3001/_next/static/chunks/76305_next_dist_8e39db7d._.js:2298
[  219259ms] [LOG] [Fast Refresh] done in 106ms @ http://localhost:3001/_next/static/chunks/76305_next_dist_8e39db7d._.js:2298
[  221660ms] [LOG] [Fast Refresh] rebuilding @ http://localhost:3001/_next/static/chunks/76305_next_dist_8e39db7d._.js:2298
[  221724ms] [LOG] [Fast Refresh] done in 164ms @ http://localhost:3001/_next/static/chunks/76305_next_dist_8e39db7d._.js:2298
[  222983ms] [LOG] [Fast Refresh] rebuilding @ http://localhost:3001/_next/static/chunks/76305_next_dist_8e39db7d._.js:2298
[  222984ms] [LOG] [Fast Refresh] done in 106ms @ http://localhost:3001/_next/static/chunks/76305_next_dist_8e39db7d._.js:2298
[  232175ms] [LOG] [Fast Refresh] rebuilding @ http://localhost:3001/_next/static/chunks/76305_next_dist_8e39db7d._.js:2298
[  232176ms] [LOG] [Fast Refresh] done in 108ms @ http://localhost:3001/_next/static/chunks/76305_next_dist_8e39db7d._.js:2298
[  232485ms] [LOG] [Fast Refresh] rebuilding @ http://localhost:3001/_next/static/chunks/76305_next_dist_8e39db7d._.js:2298
[  232500ms] [LOG] [Fast Refresh] done in 122ms @ http://localhost:3001/_next/static/chunks/76305_next_dist_8e39db7d._.js:2298
[  233219ms] [LOG] [Fast Refresh] rebuilding @ http://localhost:3001/_next/static/chunks/76305_next_dist_8e39db7d._.js:2298
[  233220ms] [LOG] [Fast Refresh] done in 109ms @ http://localhost:3001/_next/static/chunks/76305_next_dist_8e39db7d._.js:2298
[  235523ms] [LOG] [Fast Refresh] rebuilding @ http://localhost:3001/_next/static/chunks/76305_next_dist_8e39db7d._.js:2298
[  235540ms] [LOG] [Fast Refresh] done in 121ms @ http://localhost:3001/_next/static/chunks/76305_next_dist_8e39db7d._.js:2298
[  242828ms] [LOG] [Fast Refresh] rebuilding @ http://localhost:3001/_next/static/chunks/76305_next_dist_8e39db7d._.js:2298
[  242829ms] [LOG] [Fast Refresh] done in 106ms @ http://localhost:3001/_next/static/chunks/76305_next_dist_8e39db7d._.js:2298
[  274197ms] [LOG] [Fast Refresh] rebuilding @ http://localhost:3001/_next/static/chunks/76305_next_dist_8e39db7d._.js:2298
[  274259ms] [LOG] [Fast Refresh] done in 44ms @ http://localhost:3001/_next/static/chunks/76305_next_dist_8e39db7d._.js:2298
[  302476ms] [LOG] [Fast Refresh] rebuilding @ http://localhost:3001/_next/static/chunks/76305_next_dist_8e39db7d._.js:2298
[  302491ms] [LOG] [Fast Refresh] done in 93ms @ http://localhost:3001/_next/static/chunks/76305_next_dist_8e39db7d._.js:2298
[  305851ms] [LOG] [Fast Refresh] rebuilding @ http://localhost:3001/_next/static/chunks/76305_next_dist_8e39db7d._.js:2298
[  305853ms] [LOG] [Fast Refresh] done in 110ms @ http://localhost:3001/_next/static/chunks/76305_next_dist_8e39db7d._.js:2298
[  306010ms] [LOG] [Fast Refresh] rebuilding @ http://localhost:3001/_next/static/chunks/76305_next_dist_8e39db7d._.js:2298
[  306025ms] [LOG] [Fast Refresh] done in 129ms @ http://localhost:3001/_next/static/chunks/76305_next_dist_8e39db7d._.js:2298
[  306160ms] [LOG] [Fast Refresh] rebuilding @ http://localhost:3001/_next/static/chunks/76305_next_dist_8e39db7d._.js:2298
[  306161ms] [LOG] [Fast Refresh] done in 109ms @ http://localhost:3001/_next/static/chunks/76305_next_dist_8e39db7d._.js:2298
[  308626ms] [LOG] [Fast Refresh] rebuilding @ http://localhost:3001/_next/static/chunks/76305_next_dist_8e39db7d._.js:2298
[  308690ms] [LOG] [Fast Refresh] done in 121ms @ http://localhost:3001/_next/static/chunks/76305_next_dist_8e39db7d._.js:2298
[  310048ms] [LOG] [Fast Refresh] rebuilding @ http://localhost:3001/_next/static/chunks/76305_next_dist_8e39db7d._.js:2298
[  310049ms] [LOG] [Fast Refresh] done in 104ms @ http://localhost:3001/_next/static/chunks/76305_next_dist_8e39db7d._.js:2298
[  311572ms] [LOG] [Fast Refresh] rebuilding @ http://localhost:3001/_next/static/chunks/76305_next_dist_8e39db7d._.js:2298
[  311574ms] [LOG] [Fast Refresh] done in 108ms @ http://localhost:3001/_next/static/chunks/76305_next_dist_8e39db7d._.js:2298
[  312787ms] [LOG] [Fast Refresh] rebuilding @ http://localhost:3001/_next/static/chunks/76305_next_dist_8e39db7d._.js:2298
[  312788ms] [LOG] [Fast Refresh] done in 108ms @ http://localhost:3001/_next/static/chunks/76305_next_dist_8e39db7d._.js:2298
[  314811ms] [LOG] [Fast Refresh] rebuilding @ http://localhost:3001/_next/static/chunks/76305_next_dist_8e39db7d._.js:2298
[  314874ms] [LOG] [Fast Refresh] done in 167ms @ http://localhost:3001/_next/static/chunks/76305_next_dist_8e39db7d._.js:2298
[  321783ms] [LOG] [Fast Refresh] rebuilding @ http://localhost:3001/_next/static/chunks/76305_next_dist_8e39db7d._.js:2298
[  321784ms] [LOG] [Fast Refresh] done in 108ms @ http://localhost:3001/_next/static/chunks/76305_next_dist_8e39db7d._.js:2298
[  323647ms] [LOG] [Fast Refresh] rebuilding @ http://localhost:3001/_next/static/chunks/76305_next_dist_8e39db7d._.js:2298
[  323648ms] [LOG] [Fast Refresh] done in 106ms @ http://localhost:3001/_next/static/chunks/76305_next_dist_8e39db7d._.js:2298
[  325134ms] [LOG] [Fast Refresh] rebuilding @ http://localhost:3001/_next/static/chunks/76305_next_dist_8e39db7d._.js:2298
[  325134ms] [LOG] [Fast Refresh] done in 107ms @ http://localhost:3001/_next/static/chunks/76305_next_dist_8e39db7d._.js:2298
[  330994ms] [LOG] [Fast Refresh] rebuilding @ http://localhost:3001/_next/static/chunks/76305_next_dist_8e39db7d._.js:2298
[  330995ms] [LOG] [Fast Refresh] done in 104ms @ http://localhost:3001/_next/static/chunks/76305_next_dist_8e39db7d._.js:2298
[  478835ms] [LOG] [Fast Refresh] rebuilding @ http://localhost:3001/_next/static/chunks/76305_next_dist_8e39db7d._.js:2298
[  478851ms] [LOG] [Fast Refresh] done in 61ms @ http://localhost:3001/_next/static/chunks/76305_next_dist_8e39db7d._.js:2298
[  511475ms] [LOG] [Fast Refresh] rebuilding @ http://localhost:3001/_next/static/chunks/76305_next_dist_8e39db7d._.js:2298
[  511538ms] [LOG] [Fast Refresh] done in 61ms @ http://localhost:3001/_next/static/chunks/76305_next_dist_8e39db7d._.js:2298
[  675477ms] [LOG] [Fast Refresh] rebuilding @ http://localhost:3001/_next/static/chunks/76305_next_dist_8e39db7d._.js:2298
[  675477ms] [LOG] [Fast Refresh] done in 106ms @ http://localhost:3001/_next/static/chunks/76305_next_dist_8e39db7d._.js:2298
[  913701ms] [LOG] [Fast Refresh] rebuilding @ http://localhost:3001/_next/static/chunks/76305_next_dist_8e39db7d._.js:2298
[  913951ms] [LOG] [Fast Refresh] done in 355ms @ http://localhost:3001/_next/static/chunks/76305_next_dist_8e39db7d._.js:2298
[  916196ms] [LOG] [Fast Refresh] rebuilding @ http://localhost:3001/_next/static/chunks/76305_next_dist_8e39db7d._.js:2298
[  916242ms] [LOG] [Fast Refresh] done in 153ms @ http://localhost:3001/_next/static/chunks/76305_next_dist_8e39db7d._.js:2298
[  916353ms] [LOG] [Fast Refresh] rebuilding @ http://localhost:3001/_next/static/chunks/76305_next_dist_8e39db7d._.js:2298
[  916385ms] [LOG] [Fast Refresh] done in 141ms @ http://localhost:3001/_next/static/chunks/76305_next_dist_8e39db7d._.js:2298
[  916494ms] [LOG] [Fast Refresh] rebuilding @ http://localhost:3001/_next/static/chunks/76305_next_dist_8e39db7d._.js:2298
[  916547ms] [LOG] [Fast Refresh] done in 161ms @ http://localhost:3001/_next/static/chunks/76305_next_dist_8e39db7d._.js:2298
[  916650ms] [LOG] [Fast Refresh] rebuilding @ http://localhost:3001/_next/static/chunks/76305_next_dist_8e39db7d._.js:2298
[  916712ms] [LOG] [Fast Refresh] done in 165ms @ http://localhost:3001/_next/static/chunks/76305_next_dist_8e39db7d._.js:2298
[  948670ms] [LOG] [Fast Refresh] rebuilding @ http://localhost:3001/_next/static/chunks/76305_next_dist_8e39db7d._.js:2298
[  948749ms] [LOG] [Fast Refresh] done in 185ms @ http://localhost:3001/_next/static/chunks/76305_next_dist_8e39db7d._.js:2298
[  949123ms] [LOG] [Fast Refresh] rebuilding @ http://localhost:3001/_next/static/chunks/76305_next_dist_8e39db7d._.js:2298
[  949187ms] [LOG] [Fast Refresh] done in 170ms @ http://localhost:3001/_next/static/chunks/76305_next_dist_8e39db7d._.js:2298
[  949326ms] [LOG] [Fast Refresh] rebuilding @ http://localhost:3001/_next/static/chunks/76305_next_dist_8e39db7d._.js:2298
[  949373ms] [LOG] [Fast Refresh] done in 148ms @ http://localhost:3001/_next/static/chunks/76305_next_dist_8e39db7d._.js:2298
[ 1045921ms] [LOG] [Fast Refresh] rebuilding @ http://localhost:3001/_next/static/chunks/76305_next_dist_8e39db7d._.js:2298
[ 1046000ms] [LOG] [Fast Refresh] done in 193ms @ http://localhost:3001/_next/static/chunks/76305_next_dist_8e39db7d._.js:2298
[ 1046122ms] [LOG] [Fast Refresh] rebuilding @ http://localhost:3001/_next/static/chunks/76305_next_dist_8e39db7d._.js:2298
[ 1046191ms] [LOG] [Fast Refresh] done in 172ms @ http://localhost:3001/_next/static/chunks/76305_next_dist_8e39db7d._.js:2298
[ 1062823ms] [LOG] [Fast Refresh] rebuilding @ http://localhost:3001/_next/static/chunks/76305_next_dist_8e39db7d._.js:2298
[ 1062825ms] [LOG] [Fast Refresh] done in 110ms @ http://localhost:3001/_next/static/chunks/76305_next_dist_8e39db7d._.js:2298
[ 1080352ms] [LOG] [Fast Refresh] rebuilding @ http://localhost:3001/_next/static/chunks/76305_next_dist_8e39db7d._.js:2298
[ 1080448ms] [LOG] [Fast Refresh] done in 195ms @ http://localhost:3001/_next/static/chunks/76305_next_dist_8e39db7d._.js:2298
[ 1080653ms] [LOG] [Fast Refresh] rebuilding @ http://localhost:3001/_next/static/chunks/76305_next_dist_8e39db7d._.js:2298
[ 1080906ms] [LOG] [Fast Refresh] done in 352ms @ http://localhost:3001/_next/static/chunks/76305_next_dist_8e39db7d._.js:2298
[ 1081136ms] [LOG] [Fast Refresh] rebuilding @ http://localhost:3001/_next/static/chunks/76305_next_dist_8e39db7d._.js:2298
[ 1081162ms] [LOG] [Fast Refresh] done in 130ms @ http://localhost:3001/_next/static/chunks/76305_next_dist_8e39db7d._.js:2298
[ 1106707ms] [LOG] [Fast Refresh] rebuilding @ http://localhost:3001/_next/static/chunks/76305_next_dist_8e39db7d._.js:2298
[ 1106708ms] [LOG] [Fast Refresh] done in 108ms @ http://localhost:3001/_next/static/chunks/76305_next_dist_8e39db7d._.js:2298
[ 1122242ms] [LOG] [Fast Refresh] rebuilding @ http://localhost:3001/_next/static/chunks/76305_next_dist_8e39db7d._.js:2298
[ 1122263ms] [LOG] [Fast Refresh] done in 61ms @ http://localhost:3001/_next/static/chunks/76305_next_dist_8e39db7d._.js:2298
[ 1125940ms] [LOG] [Fast Refresh] rebuilding @ http://localhost:3001/_next/static/chunks/76305_next_dist_8e39db7d._.js:2298
[ 1126115ms] [LOG] [Fast Refresh] done in 76ms @ http://localhost:3001/_next/static/chunks/76305_next_dist_8e39db7d._.js:2298
[ 1126222ms] [LOG] [Fast Refresh] rebuilding @ http://localhost:3001/_next/static/chunks/76305_next_dist_8e39db7d._.js:2298
[ 1126429ms] [LOG] [Fast Refresh] done in 307ms @ http://localhost:3001/_next/static/chunks/76305_next_dist_8e39db7d._.js:2298
[ 1183407ms] [LOG] [Fast Refresh] rebuilding @ http://localhost:3001/_next/static/chunks/76305_next_dist_8e39db7d._.js:2298
[ 1183481ms] [LOG] [Fast Refresh] done in 175ms @ http://localhost:3001/_next/static/chunks/76305_next_dist_8e39db7d._.js:2298
[ 1183552ms] [INFO] %cDownload the React DevTools for a better development experience: https://react.dev/link/react-devtools font-weight:bold @ http://localhost:3001/_next/static/chunks/76305_next_dist_8e39db7d._.js:2298
[ 1183570ms] [LOG] [HMR] connected @ http://localhost:3001/_next/static/chunks/76305_next_dist_8e39db7d._.js:2298
[ 1188562ms] [INFO] %cDownload the React DevTools for a better development experience: https://react.dev/link/react-devtools font-weight:bold @ http://localhost:3001/_next/static/chunks/76305_next_dist_8e39db7d._.js:2298
[ 1188574ms] [LOG] [HMR] connected @ http://localhost:3001/_next/static/chunks/76305_next_dist_8e39db7d._.js:2298
[ 1195236ms] [INFO] %cDownload the React DevTools for a better development experience: https://react.dev/link/react-devtools font-weight:bold @ http://localhost:3001/_next/static/chunks/76305_next_dist_8e39db7d._.js:2298
[ 1195246ms] [LOG] [HMR] connected @ http://localhost:3001/_next/static/chunks/76305_next_dist_8e39db7d._.js:2298
[ 1201788ms] [LOG] [Fast Refresh] rebuilding @ http://localhost:3001/_next/static/chunks/76305_next_dist_8e39db7d._.js:2298
[ 1201805ms] [LOG] [Fast Refresh] done in 125ms @ http://localhost:3001/_next/static/chunks/76305_next_dist_8e39db7d._.js:2298
