[    2286ms] [INFO] %cDownload the React DevTools for a better development experience: https://react.dev/link/react-devtools font-weight:bold @ http://localhost:3001/_next/static/chunks/76305_next_dist_8e39db7d._.js:2298
[    2383ms] [LOG] [HMR] connected @ http://localhost:3001/_next/static/chunks/76305_next_dist_8e39db7d._.js:2298
[    2570ms] [LOG] [Fast Refresh] rebuilding @ http://localhost:3001/_next/static/chunks/76305_next_dist_8e39db7d._.js:2298
[    2573ms] [LOG] [Fast Refresh] done in 114ms @ http://localhost:3001/_next/static/chunks/76305_next_dist_8e39db7d._.js:2298
[   55546ms] [LOG] [Fast Refresh] rebuilding @ http://localhost:3001/_next/static/chunks/76305_next_dist_8e39db7d._.js:2298
[   56347ms] [LOG] [Fast Refresh] done in 916ms @ http://localhost:3001/_next/static/chunks/76305_next_dist_8e39db7d._.js:2298
[  122067ms] [LOG] [Fast Refresh] rebuilding @ http://localhost:3001/_next/static/chunks/76305_next_dist_8e39db7d._.js:2298
[  122130ms] [LOG] [Fast Refresh] done in 171ms @ http://localhost:3001/_next/static/chunks/76305_next_dist_8e39db7d._.js:2298
[  161285ms] [LOG] [Fast Refresh] rebuilding @ http://localhost:3001/_next/static/chunks/76305_next_dist_8e39db7d._.js:2298
[  161286ms] [LOG] [Fast Refresh] done in 107ms @ http://localhost:3001/_next/static/chunks/76305_next_dist_8e39db7d._.js:2298
[  168412ms] [LOG] [Fast Refresh] rebuilding @ http://localhost:3001/_next/static/chunks/76305_next_dist_8e39db7d._.js:2298
[  168413ms] [LOG] [Fast Refresh] done in 110ms @ http://localhost:3001/_next/static/chunks/76305_next_dist_8e39db7d._.js:2298
[  198136ms] [LOG] [Fast Refresh] rebuilding @ http://localhost:3001/_next/static/chunks/76305_next_dist_8e39db7d._.js:2298
[  198152ms] [LOG] [Fast Refresh] done in 122ms @ http://localhost:3001/_next/static/chunks/76305_next_dist_8e39db7d._.js:2298
[  208281ms] [LOG] [Fast Refresh] rebuilding @ http://localhost:3001/_next/static/chunks/76305_next_dist_8e39db7d._.js:2298
[  208282ms] [LOG] [Fast Refresh] done in 108ms @ http://localhost:3001/_next/static/chunks/76305_next_dist_8e39db7d._.js:2298
[  673728ms] [LOG] [Fast Refresh] rebuilding @ http://localhost:3001/_next/static/chunks/76305_next_dist_8e39db7d._.js:2298
[  673728ms] [LOG] [Fast Refresh] done in 107ms @ http://localhost:3001/_next/static/chunks/76305_next_dist_8e39db7d._.js:2298
[  707444ms] [LOG] [Fast Refresh] rebuilding @ http://localhost:3001/_next/static/chunks/76305_next_dist_8e39db7d._.js:2298
[  707507ms] [LOG] [Fast Refresh] done in 90ms @ http://localhost:3001/_next/static/chunks/76305_next_dist_8e39db7d._.js:2298
[  708692ms] [LOG] [Fast Refresh] rebuilding @ http://localhost:3001/_next/static/chunks/76305_next_dist_8e39db7d._.js:2298
[  708946ms] [LOG] [Fast Refresh] done in 353ms @ http://localhost:3001/_next/static/chunks/76305_next_dist_8e39db7d._.js:2298
[  712558ms] [LOG] [Fast Refresh] rebuilding @ http://localhost:3001/_next/static/chunks/76305_next_dist_8e39db7d._.js:2298
[  712621ms] [LOG] [Fast Refresh] done in 61ms @ http://localhost:3001/_next/static/chunks/76305_next_dist_8e39db7d._.js:2298
[  713554ms] [LOG] [Fast Refresh] rebuilding @ http://localhost:3001/_next/static/chunks/76305_next_dist_8e39db7d._.js:2298
[  713732ms] [LOG] [Fast Refresh] done in 278ms @ http://localhost:3001/_next/static/chunks/76305_next_dist_8e39db7d._.js:2298
[  714379ms] ReferenceError: calculateDailyBurn is not defined
    at BillingPage (about://React/Server/C:%5CUsers%5Ckamil%5CCode%5Crepco.ai%5C.next%5Cdev%5Cserver%5Cchunks%5Cssr%5C%5Broot-of-the-server%5D__d1e6d7a6._.js?123:617:23)
    at resolveErrorDev (http://localhost:3001/_next/static/chunks/76305_next_dist_compiled_react-server-dom-turbopack_00e2a436._.js:1895:148)
    at processFullStringRow (http://localhost:3001/_next/static/chunks/76305_next_dist_compiled_react-server-dom-turbopack_00e2a436._.js:2403:29)
    at processFullBinaryRow (http://localhost:3001/_next/static/chunks/76305_next_dist_compiled_react-server-dom-turbopack_00e2a436._.js:2362:9)
    at processBinaryChunk (http://localhost:3001/_next/static/chunks/76305_next_dist_compiled_react-server-dom-turbopack_00e2a436._.js:2471:221)
    at progress (http://localhost:3001/_next/static/chunks/76305_next_dist_compiled_react-server-dom-turbopack_00e2a436._.js:2641:13)
[  720036ms] [LOG] [Fast Refresh] rebuilding @ http://localhost:3001/_next/static/chunks/76305_next_dist_8e39db7d._.js:2298
[  720086ms] [LOG] [Fast Refresh] done in 58ms @ http://localhost:3001/_next/static/chunks/76305_next_dist_8e39db7d._.js:2298
[  721144ms] [LOG] [Fast Refresh] rebuilding @ http://localhost:3001/_next/static/chunks/76305_next_dist_8e39db7d._.js:2298
[  721423ms] [LOG] [Fast Refresh] done in 390ms @ http://localhost:3001/_next/static/chunks/76305_next_dist_8e39db7d._.js:2298
[  722872ms] [ERROR] Failed to load resource: the server responded with a status of 500 (Internal Server Error) @ http://localhost:3001/billing:0
[  722972ms] [INFO] %cDownload the React DevTools for a better development experience: https://react.dev/link/react-devtools font-weight:bold @ http://localhost:3001/_next/static/chunks/76305_next_dist_8e39db7d._.js:2298
[  723026ms] [LOG] [HMR] connected @ http://localhost:3001/_next/static/chunks/76305_next_dist_8e39db7d._.js:2298
[  723249ms] ReferenceError: calculateDailyBurn is not defined
    at BillingPage (about://React/Server/C:%5CUsers%5Ckamil%5CCode%5Crepco.ai%5C.next%5Cdev%5Cserver%5Cchunks%5Cssr%5C%5Broot-of-the-server%5D__d1e6d7a6._.js?66:615:23)
    at resolveErrorDev (http://localhost:3001/_next/static/chunks/76305_next_dist_compiled_react-server-dom-turbopack_00e2a436._.js:1895:148)
    at processFullStringRow (http://localhost:3001/_next/static/chunks/76305_next_dist_compiled_react-server-dom-turbopack_00e2a436._.js:2403:29)
    at processFullBinaryRow (http://localhost:3001/_next/static/chunks/76305_next_dist_compiled_react-server-dom-turbopack_00e2a436._.js:2362:9)
    at processBinaryChunk (http://localhost:3001/_next/static/chunks/76305_next_dist_compiled_react-server-dom-turbopack_00e2a436._.js:2471:221)
    at progress (http://localhost:3001/_next/static/chunks/76305_next_dist_compiled_react-server-dom-turbopack_00e2a436._.js:2641:13)
[  724699ms] [LOG] [Fast Refresh] rebuilding @ http://localhost:3001/_next/static/chunks/76305_next_dist_8e39db7d._.js:2298
[  724763ms] [LOG] [Fast Refresh] done in 61ms @ http://localhost:3001/_next/static/chunks/76305_next_dist_8e39db7d._.js:2298
[  725697ms] [LOG] [Fast Refresh] rebuilding @ http://localhost:3001/_next/static/chunks/76305_next_dist_8e39db7d._.js:2298
[  725940ms] [LOG] [Fast Refresh] done in 353ms @ http://localhost:3001/_next/static/chunks/76305_next_dist_8e39db7d._.js:2298
[  727119ms] [INFO] %cDownload the React DevTools for a better development experience: https://react.dev/link/react-devtools font-weight:bold @ http://localhost:3001/_next/static/chunks/76305_next_dist_8e39db7d._.js:2298
[  727172ms] [LOG] [HMR] connected @ http://localhost:3001/_next/static/chunks/76305_next_dist_8e39db7d._.js:2298
