[    4866ms] [INFO] %cDownload the React DevTools for a better development experience: https://react.dev/link/react-devtools font-weight:bold @ http://localhost:3001/_next/static/chunks/76305_next_dist_8e39db7d._.js:2298
[    4960ms] [LOG] [HMR] connected @ http://localhost:3001/_next/static/chunks/76305_next_dist_8e39db7d._.js:2298
[    4969ms] [ERROR] Cannot render a sync or defer <script> outside the main document without knowing its order. Try adding async="" or moving it into the root <head> tag. @ http://localhost:3001/_next/static/chunks/76305_next_dist_8e39db7d._.js:3128
[    4971ms] [ERROR] In HTML, %s cannot be a child of <%s>.%s
This will cause a hydration error.%s <script> html  

  ...
    <HotReload globalError={[...]} webSocket={WebSocket} staticIndicatorState={{pathname:null, ...}}>
      <AppDevOverlayErrorBoundary globalError={[...]}>
        <ReplaySsrOnlyErrors>
        <DevRootHTTPAccessFallbackBoundary>
          <HTTPAccessFallbackBoundary notFound={<NotAllowedRootHTTPFallbackError>}>
            <HTTPAccessFallbackErrorBoundary pathname="/" notFound={<NotAllowedRootHTTPFallbackError>} ...>
              <RedirectBoundary>
                <RedirectErrorBoundary router={{...}}>
                  <Head>
                  <__next_root_layout_boundary__>
                    <SegmentViewNode type="layout" pagePath="layout.tsx">
                      <SegmentTrieNode>
                      <link>
                      <script>
                      <script>
                      <script>
                      <RootLayout>
>                       <html
>                         lang="en"
>                         suppressHydrationWarning={true}
>                         className="h-full antialiased geist_a71539c9-module__T19VSG__variable geist_mono_8d43a2aa-mo..."
>                       >
>                         <script dangerouslySetInnerHTML={{__html:"(function(..."}}>
                          ...
                  ...
 @ http://localhost:3001/_next/static/chunks/76305_next_dist_8e39db7d._.js:3128
[   16779ms] [LOG] [Fast Refresh] rebuilding @ http://localhost:3001/_next/static/chunks/76305_next_dist_8e39db7d._.js:2298
[   16780ms] [LOG] [Fast Refresh] done in 107ms @ http://localhost:3001/_next/static/chunks/76305_next_dist_8e39db7d._.js:2298
