[    2057ms] [INFO] %cDownload the React DevTools for a better development experience: https://react.dev/link/react-devtools font-weight:bold @ http://localhost:3001/_next/static/chunks/76305_next_dist_8e39db7d._.js:2298
[    2075ms] [LOG] [HMR] connected @ http://localhost:3001/_next/static/chunks/76305_next_dist_8e39db7d._.js:2298
[   69586ms] [LOG] [Fast Refresh] rebuilding @ http://localhost:3001/_next/static/chunks/76305_next_dist_8e39db7d._.js:2298
[   69603ms] [LOG] [Fast Refresh] done in 120ms @ http://localhost:3001/_next/static/chunks/76305_next_dist_8e39db7d._.js:2298
[  208573ms] [LOG] [Fast Refresh] rebuilding @ http://localhost:3001/_next/static/chunks/76305_next_dist_8e39db7d._.js:2298
[  208573ms] [LOG] [Fast Refresh] done in 109ms @ http://localhost:3001/_next/static/chunks/76305_next_dist_8e39db7d._.js:2298
[  295987ms] [LOG] [Fast Refresh] rebuilding @ http://localhost:3001/_next/static/chunks/76305_next_dist_8e39db7d._.js:2298
[  295988ms] [LOG] [Fast Refresh] done in 107ms @ http://localhost:3001/_next/static/chunks/76305_next_dist_8e39db7d._.js:2298
[  345593ms] [LOG] [Fast Refresh] rebuilding @ http://localhost:3001/_next/static/chunks/76305_next_dist_8e39db7d._.js:2298
[  345656ms] [LOG] [Fast Refresh] done in 167ms @ http://localhost:3001/_next/static/chunks/76305_next_dist_8e39db7d._.js:2298
[  355955ms] [LOG] [Fast Refresh] rebuilding @ http://localhost:3001/_next/static/chunks/76305_next_dist_8e39db7d._.js:2298
[  356019ms] [LOG] [Fast Refresh] done in 169ms @ http://localhost:3001/_next/static/chunks/76305_next_dist_8e39db7d._.js:2298
[  411899ms] [LOG] [Fast Refresh] rebuilding @ http://localhost:3001/_next/static/chunks/76305_next_dist_8e39db7d._.js:2298
[  411918ms] [LOG] [Fast Refresh] done in 121ms @ http://localhost:3001/_next/static/chunks/76305_next_dist_8e39db7d._.js:2298
[  489751ms] [LOG] [Fast Refresh] rebuilding @ http://localhost:3001/_next/static/chunks/76305_next_dist_8e39db7d._.js:2298
[  489753ms] [LOG] [Fast Refresh] done in 107ms @ http://localhost:3001/_next/static/chunks/76305_next_dist_8e39db7d._.js:2298
[  501244ms] [LOG] [Fast Refresh] rebuilding @ http://localhost:3001/_next/static/chunks/76305_next_dist_8e39db7d._.js:2298
[  501244ms] [LOG] [Fast Refresh] done in 105ms @ http://localhost:3001/_next/static/chunks/76305_next_dist_8e39db7d._.js:2298
[  508776ms] [LOG] [Fast Refresh] rebuilding @ http://localhost:3001/_next/static/chunks/76305_next_dist_8e39db7d._.js:2298
[  508777ms] [LOG] [Fast Refresh] done in 108ms @ http://localhost:3001/_next/static/chunks/76305_next_dist_8e39db7d._.js:2298
[  516604ms] [LOG] [Fast Refresh] rebuilding @ http://localhost:3001/_next/static/chunks/76305_next_dist_8e39db7d._.js:2298
[  516604ms] [LOG] [Fast Refresh] done in 106ms @ http://localhost:3001/_next/static/chunks/76305_next_dist_8e39db7d._.js:2298
[  530082ms] [LOG] [Fast Refresh] rebuilding @ http://localhost:3001/_next/static/chunks/76305_next_dist_8e39db7d._.js:2298
[  530098ms] [LOG] [Fast Refresh] done in 123ms @ http://localhost:3001/_next/static/chunks/76305_next_dist_8e39db7d._.js:2298
[  953229ms] [LOG] [Fast Refresh] rebuilding @ http://localhost:3001/_next/static/chunks/76305_next_dist_8e39db7d._.js:2298
[  953229ms] [LOG] [Fast Refresh] done in 105ms @ http://localhost:3001/_next/static/chunks/76305_next_dist_8e39db7d._.js:2298
[  973784ms] [LOG] [Fast Refresh] rebuilding @ http://localhost:3001/_next/static/chunks/76305_next_dist_8e39db7d._.js:2298
[  973785ms] [LOG] [Fast Refresh] done in 106ms @ http://localhost:3001/_next/static/chunks/76305_next_dist_8e39db7d._.js:2298
[  992988ms] [LOG] [Fast Refresh] rebuilding @ http://localhost:3001/_next/static/chunks/76305_next_dist_8e39db7d._.js:2298
[  992988ms] [LOG] [Fast Refresh] done in 104ms @ http://localhost:3001/_next/static/chunks/76305_next_dist_8e39db7d._.js:2298
[ 1045082ms] [LOG] [Fast Refresh] rebuilding @ http://localhost:3001/_next/static/chunks/76305_next_dist_8e39db7d._.js:2298
[ 1045146ms] [LOG] [Fast Refresh] done in 90ms @ http://localhost:3001/_next/static/chunks/76305_next_dist_8e39db7d._.js:2298
[ 1059068ms] [LOG] [Fast Refresh] rebuilding @ http://localhost:3001/_next/static/chunks/76305_next_dist_8e39db7d._.js:2298
[ 1059126ms] [LOG] [Fast Refresh] done in 81ms @ http://localhost:3001/_next/static/chunks/76305_next_dist_8e39db7d._.js:2298
[ 1074296ms] [LOG] [Fast Refresh] rebuilding @ http://localhost:3001/_next/static/chunks/76305_next_dist_8e39db7d._.js:2298
[ 1074297ms] [LOG] [Fast Refresh] done in 106ms @ http://localhost:3001/_next/static/chunks/76305_next_dist_8e39db7d._.js:2298
[ 1074862ms] [ERROR] Failed to load resource: the server responded with a status of 404 (Not Found) @ http://localhost:3001/onboarding:0
[ 1074912ms] [INFO] %cDownload the React DevTools for a better development experience: https://react.dev/link/react-devtools font-weight:bold @ http://localhost:3001/_next/static/chunks/76305_next_dist_8e39db7d._.js:2298
[ 1074924ms] [LOG] [HMR] connected @ http://localhost:3001/_next/static/chunks/76305_next_dist_8e39db7d._.js:2298
